{"C:\\Users\\patel\\OpenSource\\GSSoC\\LegalEase\\src\\components\\ClauseAnalysisSection.tsx": {"path":"C:\\Users\\patel\\OpenSource\\GSSoC\\LegalEase\\src\\components\\ClauseAnalysisSection.tsx","statementMap":{"0":{"start":{"line":17,"column":25},"end":{"line":17,"column":null}},"1":{"start":{"line":18,"column":25},"end":{"line":18,"column":null}},"2":{"start":{"line":20,"column":20},"end":{"line":20,"column":null}},"3":{"start":{"line":21,"column":17},"end":{"line":21,"column":null}},"4":{"start":{"line":22,"column":16},"end":{"line":22,"column":null}},"5":{"start":{"line":23,"column":21},"end":{"line":27,"column":null}},"6":{"start":{"line":29,"column":2},"end":{"line":67,"column":null}},"7":{"start":{"line":58,"column":27},"end":{"line":58,"column":null}},"8":{"start":{"line":72,"column":46},"end":{"line":72,"column":null}},"9":{"start":{"line":74,"column":2},"end":{"line":76,"column":null}},"10":{"start":{"line":75,"column":4},"end":{"line":75,"column":null}},"11":{"start":{"line":79,"column":17},"end":{"line":79,"column":null}},"12":{"start":{"line":79,"column":34},"end":{"line":79,"column":51}},"13":{"start":{"line":79,"column":80},"end":{"line":79,"column":109}},"14":{"start":{"line":80,"column":23},"end":{"line":80,"column":null}},"15":{"start":{"line":80,"column":78},"end":{"line":80,"column":85}},"16":{"start":{"line":82,"column":2},"end":{"line":120,"column":null}},"17":{"start":{"line":109,"column":12},"end":{"line":109,"column":null}},"18":{"start":{"line":117,"column":25},"end":{"line":117,"column":null}}},"fnMap":{"0":{"name":"ClauseCard","decl":{"start":{"line":16,"column":9},"end":{"line":16,"column":20}},"loc":{"start":{"line":16,"column":104},"end":{"line":69,"column":null}},"line":16},"1":{"name":"(anonymous_1)","decl":{"start":{"line":58,"column":12},"end":{"line":58,"column":27}},"loc":{"start":{"line":58,"column":27},"end":{"line":58,"column":null}},"line":58},"2":{"name":"ClauseAnalysisSection","decl":{"start":{"line":71,"column":16},"end":{"line":71,"column":38}},"loc":{"start":{"line":71,"column":79},"end":{"line":122,"column":null}},"line":71},"3":{"name":"(anonymous_3)","decl":{"start":{"line":79,"column":25},"end":{"line":79,"column":29}},"loc":{"start":{"line":79,"column":34},"end":{"line":79,"column":51}},"line":79},"4":{"name":"(anonymous_4)","decl":{"start":{"line":79,"column":53},"end":{"line":79,"column":61}},"loc":{"start":{"line":79,"column":80},"end":{"line":79,"column":109}},"line":79},"5":{"name":"(anonymous_5)","decl":{"start":{"line":80,"column":61},"end":{"line":80,"column":69}},"loc":{"start":{"line":80,"column":78},"end":{"line":80,"column":85}},"line":80},"6":{"name":"(anonymous_6)","decl":{"start":{"line":108,"column":19},"end":{"line":108,"column":24}},"loc":{"start":{"line":109,"column":12},"end":{"line":109,"column":null}},"line":109},"7":{"name":"(anonymous_7)","decl":{"start":{"line":117,"column":10},"end":{"line":117,"column":25}},"loc":{"start":{"line":117,"column":25},"end":{"line":117,"column":null}},"line":117}},"branchMap":{"0":{"loc":{"start":{"line":23,"column":21},"end":{"line":27,"column":null}},"type":"cond-expr","locations":[{"start":{"line":24,"column":6},"end":{"line":24,"column":null}},{"start":{"line":25,"column":6},"end":{"line":27,"column":null}}],"line":23},"1":{"loc":{"start":{"line":25,"column":6},"end":{"line":27,"column":null}},"type":"cond-expr","locations":[{"start":{"line":26,"column":6},"end":{"line":26,"column":null}},{"start":{"line":27,"column":6},"end":{"line":27,"column":null}}],"line":25},"2":{"loc":{"start":{"line":38,"column":9},"end":{"line":47,"column":null}},"type":"binary-expr","locations":[{"start":{"line":38,"column":9},"end":{"line":38,"column":47}},{"start":{"line":38,"column":47},"end":{"line":38,"column":null}},{"start":{"line":39,"column":10},"end":{"line":47,"column":null}}],"line":38},"3":{"loc":{"start":{"line":40,"column":12},"end":{"line":42,"column":null}},"type":"cond-expr","locations":[{"start":{"line":40,"column":40},"end":{"line":40,"column":null}},{"start":{"line":41,"column":12},"end":{"line":42,"column":null}}],"line":40},"4":{"loc":{"start":{"line":41,"column":12},"end":{"line":42,"column":null}},"type":"cond-expr","locations":[{"start":{"line":41,"column":40},"end":{"line":41,"column":null}},{"start":{"line":42,"column":12},"end":{"line":42,"column":null}}],"line":41},"5":{"loc":{"start":{"line":52,"column":7},"end":{"line":65,"column":null}},"type":"binary-expr","locations":[{"start":{"line":52,"column":7},"end":{"line":52,"column":null}},{"start":{"line":53,"column":8},"end":{"line":65,"column":null}}],"line":52},"6":{"loc":{"start":{"line":74,"column":2},"end":{"line":76,"column":null}},"type":"if","locations":[{"start":{"line":74,"column":2},"end":{"line":76,"column":null}},{"start":{},"end":{}}],"line":74},"7":{"loc":{"start":{"line":74,"column":6},"end":{"line":74,"column":40}},"type":"binary-expr","locations":[{"start":{"line":74,"column":6},"end":{"line":74,"column":18}},{"start":{"line":74,"column":18},"end":{"line":74,"column":40}}],"line":74},"8":{"loc":{"start":{"line":79,"column":80},"end":{"line":79,"column":109}},"type":"binary-expr","locations":[{"start":{"line":79,"column":80},"end":{"line":79,"column":99}},{"start":{"line":79,"column":99},"end":{"line":79,"column":109}}],"line":79},"9":{"loc":{"start":{"line":80,"column":23},"end":{"line":80,"column":null}},"type":"cond-expr","locations":[{"start":{"line":80,"column":43},"end":{"line":80,"column":107}},{"start":{"line":80,"column":107},"end":{"line":80,"column":null}}],"line":80},"10":{"loc":{"start":{"line":88,"column":9},"end":{"line":100,"column":null}},"type":"binary-expr","locations":[{"start":{"line":88,"column":9},"end":{"line":88,"column":null}},{"start":{"line":89,"column":10},"end":{"line":100,"column":null}}],"line":88},"11":{"loc":{"start":{"line":92,"column":14},"end":{"line":94,"column":null}},"type":"cond-expr","locations":[{"start":{"line":92,"column":34},"end":{"line":92,"column":null}},{"start":{"line":93,"column":14},"end":{"line":94,"column":null}}],"line":92},"12":{"loc":{"start":{"line":93,"column":14},"end":{"line":94,"column":null}},"type":"cond-expr","locations":[{"start":{"line":93,"column":34},"end":{"line":93,"column":null}},{"start":{"line":94,"column":14},"end":{"line":94,"column":null}}],"line":93},"13":{"loc":{"start":{"line":114,"column":7},"end":{"line":118,"column":null}},"type":"binary-expr","locations":[{"start":{"line":114,"column":7},"end":{"line":114,"column":null}},{"start":{"line":115,"column":8},"end":{"line":118,"column":null}}],"line":114}},"s":{"0":25,"1":25,"2":25,"3":25,"4":25,"5":25,"6":25,"7":0,"8":11,"9":11,"10":2,"11":9,"12":25,"13":25,"14":9,"15":0,"16":11,"17":25,"18":0},"f":{"0":25,"1":0,"2":11,"3":25,"4":25,"5":0,"6":25,"7":0},"b":{"0":[9,16],"1":[8,8],"2":[25,0,0],"3":[0,0],"4":[0,0],"5":[25,25],"6":[2,9],"7":[11,10],"8":[25,0],"9":[0,9],"10":[11,0],"11":[0,0],"12":[0,0],"13":[11,0]},"meta":{"lastBranch":14,"lastFunction":8,"lastStatement":19,"seen":{"f:16:9:16:20":0,"s:17:25:17:Infinity":0,"s:18:25:18:Infinity":1,"s:20:20:20:Infinity":2,"s:21:17:21:Infinity":3,"s:22:16:22:Infinity":4,"s:23:21:27:Infinity":5,"b:24:6:24:Infinity:25:6:27:Infinity":0,"b:26:6:26:Infinity:27:6:27:Infinity":1,"s:29:2:67:Infinity":6,"b:38:9:38:47:38:47:38:Infinity:39:10:47:Infinity":2,"b:40:40:40:Infinity:41:12:42:Infinity":3,"b:41:40:41:Infinity:42:12:42:Infinity":4,"b:52:7:52:Infinity:53:8:65:Infinity":5,"f:58:12:58:27":1,"s:58:27:58:Infinity":7,"f:71:16:71:38":2,"s:72:46:72:Infinity":8,"b:74:2:76:Infinity:undefined:undefined:undefined:undefined":6,"s:74:2:76:Infinity":9,"b:74:6:74:18:74:18:74:40":7,"s:75:4:75:Infinity":10,"s:79:17:79:Infinity":11,"f:79:25:79:29":3,"s:79:34:79:51":12,"f:79:53:79:61":4,"s:79:80:79:109":13,"b:79:80:79:99:79:99:79:109":8,"s:80:23:80:Infinity":14,"b:80:43:80:107:80:107:80:Infinity":9,"f:80:61:80:69":5,"s:80:78:80:85":15,"s:82:2:120:Infinity":16,"b:88:9:88:Infinity:89:10:100:Infinity":10,"b:92:34:92:Infinity:93:14:94:Infinity":11,"b:93:34:93:Infinity:94:14:94:Infinity":12,"f:108:19:108:24":6,"s:109:12:109:Infinity":17,"b:114:7:114:Infinity:115:8:118:Infinity":13,"f:117:10:117:25":7,"s:117:25:117:Infinity":18},"fnNames":{}}}
,"C:\\Users\\patel\\OpenSource\\GSSoC\\LegalEase\\src\\components\\DocumentCompareSelector.tsx": {"path":"C:\\Users\\patel\\OpenSource\\GSSoC\\LegalEase\\src\\components\\DocumentCompareSelector.tsx","statementMap":{"0":{"start":{"line":42,"column":16},"end":{"line":42,"column":null}},"1":{"start":{"line":43,"column":21},"end":{"line":43,"column":null}},"2":{"start":{"line":46,"column":23},"end":{"line":48,"column":null}},"3":{"start":{"line":47,"column":15},"end":{"line":47,"column":50}},"4":{"start":{"line":47,"column":38},"end":{"line":47,"column":49}},"5":{"start":{"line":48,"column":34},"end":{"line":48,"column":49}},"6":{"start":{"line":50,"column":2},"end":{"line":50,"column":null}},"7":{"start":{"line":50,"column":19},"end":{"line":50,"column":null}},"8":{"start":{"line":52,"column":2},"end":{"line":139,"column":null}},"9":{"start":{"line":79,"column":14},"end":{"line":93,"column":null}},"10":{"start":{"line":87,"column":33},"end":{"line":87,"column":null}},"11":{"start":{"line":118,"column":27},"end":{"line":118,"column":null}}},"fnMap":{"0":{"name":"DocumentCompareSelector","decl":{"start":{"line":35,"column":16},"end":{"line":35,"column":40}},"loc":{"start":{"line":41,"column":33},"end":{"line":141,"column":null}},"line":41},"1":{"name":"(anonymous_1)","decl":{"start":{"line":47,"column":5},"end":{"line":47,"column":9}},"loc":{"start":{"line":47,"column":15},"end":{"line":47,"column":50}},"line":47},"2":{"name":"(anonymous_2)","decl":{"start":{"line":47,"column":28},"end":{"line":47,"column":33}},"loc":{"start":{"line":47,"column":38},"end":{"line":47,"column":49}},"line":47},"3":{"name":"(anonymous_3)","decl":{"start":{"line":48,"column":5},"end":{"line":48,"column":13}},"loc":{"start":{"line":48,"column":34},"end":{"line":48,"column":49}},"line":48},"4":{"name":"(anonymous_4)","decl":{"start":{"line":78,"column":26},"end":{"line":78,"column":30}},"loc":{"start":{"line":79,"column":14},"end":{"line":93,"column":null}},"line":79},"5":{"name":"(anonymous_5)","decl":{"start":{"line":87,"column":18},"end":{"line":87,"column":33}},"loc":{"start":{"line":87,"column":33},"end":{"line":87,"column":null}},"line":87},"6":{"name":"(anonymous_6)","decl":{"start":{"line":118,"column":12},"end":{"line":118,"column":27}},"loc":{"start":{"line":118,"column":27},"end":{"line":118,"column":null}},"line":118}},"branchMap":{"0":{"loc":{"start":{"line":50,"column":2},"end":{"line":50,"column":null}},"type":"if","locations":[{"start":{"line":50,"column":2},"end":{"line":50,"column":null}},{"start":{},"end":{}}],"line":50},"1":{"loc":{"start":{"line":67,"column":14},"end":{"line":69,"column":null}},"type":"cond-expr","locations":[{"start":{"line":68,"column":18},"end":{"line":68,"column":null}},{"start":{"line":69,"column":18},"end":{"line":69,"column":null}}],"line":67},"2":{"loc":{"start":{"line":98,"column":11},"end":{"line":101,"column":null}},"type":"binary-expr","locations":[{"start":{"line":98,"column":11},"end":{"line":98,"column":null}},{"start":{"line":99,"column":12},"end":{"line":101,"column":null}}],"line":98},"3":{"loc":{"start":{"line":122,"column":25},"end":{"line":124,"column":null}},"type":"cond-expr","locations":[{"start":{"line":123,"column":29},"end":{"line":123,"column":null}},{"start":{"line":124,"column":29},"end":{"line":124,"column":null}}],"line":122},"4":{"loc":{"start":{"line":128,"column":14},"end":{"line":130,"column":null}},"type":"cond-expr","locations":[{"start":{"line":129,"column":18},"end":{"line":129,"column":null}},{"start":{"line":130,"column":18},"end":{"line":130,"column":null}}],"line":128}},"s":{"0":37,"1":37,"2":37,"3":36,"4":58,"5":36,"6":37,"7":18,"8":19,"9":35,"10":2,"11":2},"f":{"0":37,"1":36,"2":58,"3":36,"4":35,"5":2,"6":2},"b":{"0":[18,19],"1":[13,6],"2":[37,6],"3":[13,6],"4":[13,6]},"meta":{"lastBranch":5,"lastFunction":7,"lastStatement":12,"seen":{"f:35:16:35:40":0,"s:42:16:42:Infinity":0,"s:43:21:43:Infinity":1,"s:46:23:48:Infinity":2,"f:47:5:47:9":1,"s:47:15:47:50":3,"f:47:28:47:33":2,"s:47:38:47:49":4,"f:48:5:48:13":3,"s:48:34:48:49":5,"b:50:2:50:Infinity:undefined:undefined:undefined:undefined":0,"s:50:2:50:Infinity":6,"s:50:19:50:Infinity":7,"s:52:2:139:Infinity":8,"b:68:18:68:Infinity:69:18:69:Infinity":1,"f:78:26:78:30":4,"s:79:14:93:Infinity":9,"f:87:18:87:33":5,"s:87:33:87:Infinity":10,"b:98:11:98:Infinity:99:12:101:Infinity":2,"f:118:12:118:27":6,"s:118:27:118:Infinity":11,"b:123:29:123:Infinity:124:29:124:Infinity":3,"b:129:18:129:Infinity:130:18:130:Infinity":4},"fnNames":{}}}
,"C:\\Users\\patel\\OpenSource\\GSSoC\\LegalEase\\src\\components\\DocumentMinimap.tsx": {"path":"C:\\Users\\patel\\OpenSource\\GSSoC\\LegalEase\\src\\components\\DocumentMinimap.tsx","statementMap":{"0":{"start":{"line":8,"column":2},"end":{"line":8,"column":null}},"1":{"start":{"line":8,"column":40},"end":{"line":8,"column":null}},"2":{"start":{"line":10,"column":2},"end":{"line":29,"column":null}},"3":{"start":{"line":16,"column":26},"end":{"line":16,"column":null}},"4":{"start":{"line":17,"column":25},"end":{"line":17,"column":null}},"5":{"start":{"line":18,"column":8},"end":{"line":19,"column":null}},"6":{"start":{"line":18,"column":34},"end":{"line":18,"column":null}},"7":{"start":{"line":19,"column":13},"end":{"line":19,"column":null}},"8":{"start":{"line":19,"column":41},"end":{"line":19,"column":null}},"9":{"start":{"line":21,"column":8},"end":{"line":26,"column":null}}},"fnMap":{"0":{"name":"DocumentMinimap","decl":{"start":{"line":7,"column":16},"end":{"line":7,"column":32}},"loc":{"start":{"line":7,"column":67},"end":{"line":31,"column":null}},"line":7},"1":{"name":"(anonymous_1)","decl":{"start":{"line":15,"column":15},"end":{"line":15,"column":20}},"loc":{"start":{"line":15,"column":36},"end":{"line":28,"column":7}},"line":15}},"branchMap":{"0":{"loc":{"start":{"line":8,"column":2},"end":{"line":8,"column":null}},"type":"if","locations":[{"start":{"line":8,"column":2},"end":{"line":8,"column":null}},{"start":{},"end":{}}],"line":8},"1":{"loc":{"start":{"line":8,"column":6},"end":{"line":8,"column":40}},"type":"binary-expr","locations":[{"start":{"line":8,"column":6},"end":{"line":8,"column":18}},{"start":{"line":8,"column":18},"end":{"line":8,"column":40}}],"line":8},"2":{"loc":{"start":{"line":18,"column":8},"end":{"line":19,"column":null}},"type":"if","locations":[{"start":{"line":18,"column":8},"end":{"line":19,"column":null}},{"start":{"line":19,"column":13},"end":{"line":19,"column":null}}],"line":18},"3":{"loc":{"start":{"line":19,"column":13},"end":{"line":19,"column":null}},"type":"if","locations":[{"start":{"line":19,"column":13},"end":{"line":19,"column":null}},{"start":{},"end":{}}],"line":19}},"s":{"0":9,"1":0,"2":9,"3":25,"4":25,"5":25,"6":9,"7":16,"8":8,"9":25},"f":{"0":9,"1":25},"b":{"0":[0,9],"1":[9,9],"2":[9,16],"3":[8,8]},"meta":{"lastBranch":4,"lastFunction":2,"lastStatement":10,"seen":{"f:7:16:7:32":0,"b:8:2:8:Infinity:undefined:undefined:undefined:undefined":0,"s:8:2:8:Infinity":0,"b:8:6:8:18:8:18:8:40":1,"s:8:40:8:Infinity":1,"s:10:2:29:Infinity":2,"f:15:15:15:20":1,"s:16:26:16:Infinity":3,"s:17:25:17:Infinity":4,"b:18:8:19:Infinity:19:13:19:Infinity":2,"s:18:8:19:Infinity":5,"s:18:34:18:Infinity":6,"b:19:13:19:Infinity:undefined:undefined:undefined:undefined":3,"s:19:13:19:Infinity":7,"s:19:41:19:Infinity":8,"s:21:8:26:Infinity":9},"fnNames":{}}}
,"C:\\Users\\patel\\OpenSource\\GSSoC\\LegalEase\\src\\components\\EntityGraph.tsx": {"path":"C:\\Users\\patel\\OpenSource\\GSSoC\\LegalEase\\src\\components\\EntityGraph.tsx","statementMap":{"0":{"start":{"line":10,"column":36},"end":{"line":10,"column":null}},"1":{"start":{"line":11,"column":36},"end":{"line":11,"column":null}},"2":{"start":{"line":12,"column":23},"end":{"line":12,"column":null}},"3":{"start":{"line":13,"column":38},"end":{"line":13,"column":null}},"4":{"start":{"line":15,"column":2},"end":{"line":29,"column":null}},"5":{"start":{"line":16,"column":23},"end":{"line":27,"column":null}},"6":{"start":{"line":17,"column":6},"end":{"line":17,"column":null}},"7":{"start":{"line":17,"column":25},"end":{"line":17,"column":null}},"8":{"start":{"line":18,"column":6},"end":{"line":18,"column":null}},"9":{"start":{"line":19,"column":6},"end":{"line":26,"column":null}},"10":{"start":{"line":20,"column":25},"end":{"line":20,"column":null}},"11":{"start":{"line":21,"column":8},"end":{"line":21,"column":null}},"12":{"start":{"line":23,"column":8},"end":{"line":23,"column":null}},"13":{"start":{"line":25,"column":8},"end":{"line":25,"column":null}},"14":{"start":{"line":28,"column":4},"end":{"line":28,"column":null}},"15":{"start":{"line":31,"column":2},"end":{"line":38,"column":null}},"16":{"start":{"line":32,"column":4},"end":{"line":37,"column":null}},"17":{"start":{"line":33,"column":6},"end":{"line":36,"column":null}},"18":{"start":{"line":40,"column":23},"end":{"line":48,"column":null}},"19":{"start":{"line":41,"column":4},"end":{"line":47,"column":null}},"20":{"start":{"line":42,"column":20},"end":{"line":42,"column":null}},"21":{"start":{"line":43,"column":27},"end":{"line":43,"column":null}},"22":{"start":{"line":44,"column":19},"end":{"line":44,"column":null}},"23":{"start":{"line":45,"column":25},"end":{"line":45,"column":null}},"24":{"start":{"line":46,"column":15},"end":{"line":46,"column":null}},"25":{"start":{"line":50,"column":2},"end":{"line":50,"column":null}},"26":{"start":{"line":50,"column":21},"end":{"line":50,"column":null}},"27":{"start":{"line":52,"column":2},"end":{"line":88,"column":null}},"28":{"start":{"line":73,"column":29},"end":{"line":73,"column":null}}},"fnMap":{"0":{"name":"EntityGraph","decl":{"start":{"line":9,"column":16},"end":{"line":9,"column":28}},"loc":{"start":{"line":9,"column":64},"end":{"line":90,"column":null}},"line":9},"1":{"name":"(anonymous_1)","decl":{"start":{"line":15,"column":2},"end":{"line":15,"column":18}},"loc":{"start":{"line":15,"column":18},"end":{"line":29,"column":5}},"line":15},"2":{"name":"(anonymous_2)","decl":{"start":{"line":16,"column":23},"end":{"line":16,"column":35}},"loc":{"start":{"line":16,"column":35},"end":{"line":27,"column":null}},"line":16},"3":{"name":"(anonymous_3)","decl":{"start":{"line":31,"column":2},"end":{"line":31,"column":18}},"loc":{"start":{"line":31,"column":18},"end":{"line":38,"column":5}},"line":31},"4":{"name":"(anonymous_4)","decl":{"start":{"line":40,"column":23},"end":{"line":40,"column":36}},"loc":{"start":{"line":40,"column":50},"end":{"line":48,"column":5}},"line":40},"5":{"name":"(anonymous_5)","decl":{"start":{"line":73,"column":12},"end":{"line":73,"column":29}},"loc":{"start":{"line":73,"column":29},"end":{"line":73,"column":null}},"line":73}},"branchMap":{"0":{"loc":{"start":{"line":17,"column":6},"end":{"line":17,"column":null}},"type":"if","locations":[{"start":{"line":17,"column":6},"end":{"line":17,"column":null}},{"start":{},"end":{}}],"line":17},"1":{"loc":{"start":{"line":32,"column":4},"end":{"line":37,"column":null}},"type":"if","locations":[{"start":{"line":32,"column":4},"end":{"line":37,"column":null}},{"start":{},"end":{}}],"line":32},"2":{"loc":{"start":{"line":41,"column":4},"end":{"line":47,"column":null}},"type":"switch","locations":[{"start":{"line":42,"column":6},"end":{"line":42,"column":null}},{"start":{"line":43,"column":6},"end":{"line":43,"column":null}},{"start":{"line":44,"column":6},"end":{"line":44,"column":null}},{"start":{"line":45,"column":6},"end":{"line":45,"column":null}},{"start":{"line":46,"column":6},"end":{"line":46,"column":null}}],"line":41},"3":{"loc":{"start":{"line":50,"column":2},"end":{"line":50,"column":null}},"type":"if","locations":[{"start":{"line":50,"column":2},"end":{"line":50,"column":null}},{"start":{},"end":{}}],"line":50},"4":{"loc":{"start":{"line":61,"column":9},"end":{"line":85,"column":null}},"type":"cond-expr","locations":[{"start":{"line":62,"column":10},"end":{"line":65,"column":22}},{"start":{"line":65,"column":12},"end":{"line":85,"column":null}}],"line":61},"5":{"loc":{"start":{"line":65,"column":12},"end":{"line":85,"column":null}},"type":"cond-expr","locations":[{"start":{"line":66,"column":10},"end":{"line":83,"column":11}},{"start":{"line":83,"column":10},"end":{"line":85,"column":null}}],"line":65}},"s":{"0":12,"1":12,"2":12,"3":12,"4":12,"5":4,"6":4,"7":0,"8":4,"9":4,"10":4,"11":0,"12":4,"13":4,"14":4,"15":12,"16":4,"17":4,"18":12,"19":0,"20":0,"21":0,"22":0,"23":0,"24":0,"25":12,"26":0,"27":12,"28":0},"f":{"0":12,"1":4,"2":4,"3":4,"4":0,"5":0},"b":{"0":[0,4],"1":[4,0],"2":[0,0,0,0,0],"3":[0,12],"4":[8,4],"5":[0,4]},"meta":{"lastBranch":6,"lastFunction":6,"lastStatement":29,"seen":{"f:9:16:9:28":0,"s:10:36:10:Infinity":0,"s:11:36:11:Infinity":1,"s:12:23:12:Infinity":2,"s:13:38:13:Infinity":3,"s:15:2:29:Infinity":4,"f:15:2:15:18":1,"s:16:23:27:Infinity":5,"f:16:23:16:35":2,"b:17:6:17:Infinity:undefined:undefined:undefined:undefined":0,"s:17:6:17:Infinity":6,"s:17:25:17:Infinity":7,"s:18:6:18:Infinity":8,"s:19:6:26:Infinity":9,"s:20:25:20:Infinity":10,"s:21:8:21:Infinity":11,"s:23:8:23:Infinity":12,"s:25:8:25:Infinity":13,"s:28:4:28:Infinity":14,"s:31:2:38:Infinity":15,"f:31:2:31:18":3,"b:32:4:37:Infinity:undefined:undefined:undefined:undefined":1,"s:32:4:37:Infinity":16,"s:33:6:36:Infinity":17,"s:40:23:48:Infinity":18,"f:40:23:40:36":4,"b:42:6:42:Infinity:43:6:43:Infinity:44:6:44:Infinity:45:6:45:Infinity:46:6:46:Infinity":2,"s:41:4:47:Infinity":19,"s:42:20:42:Infinity":20,"s:43:27:43:Infinity":21,"s:44:19:44:Infinity":22,"s:45:25:45:Infinity":23,"s:46:15:46:Infinity":24,"b:50:2:50:Infinity:undefined:undefined:undefined:undefined":3,"s:50:2:50:Infinity":25,"s:50:21:50:Infinity":26,"s:52:2:88:Infinity":27,"b:62:10:65:22:65:12:85:Infinity":4,"b:66:10:83:11:83:10:85:Infinity":5,"f:73:12:73:29":5,"s:73:29:73:Infinity":28},"fnNames":{}}}
,"C:\\Users\\patel\\OpenSource\\GSSoC\\LegalEase\\src\\components\\FeedbackWidget.tsx": {"path":"C:\\Users\\patel\\OpenSource\\GSSoC\\LegalEase\\src\\components\\FeedbackWidget.tsx","statementMap":{"0":{"start":{"line":8,"column":19},"end":{"line":15,"column":null}},"1":{"start":{"line":17,"column":13},"end":{"line":167,"column":null}},"2":{"start":{"line":18,"column":30},"end":{"line":18,"column":null}},"3":{"start":{"line":19,"column":34},"end":{"line":19,"column":null}},"4":{"start":{"line":20,"column":34},"end":{"line":20,"column":null}},"5":{"start":{"line":21,"column":32},"end":{"line":21,"column":null}},"6":{"start":{"line":22,"column":36},"end":{"line":22,"column":null}},"7":{"start":{"line":23,"column":28},"end":{"line":23,"column":null}},"8":{"start":{"line":24,"column":42},"end":{"line":24,"column":null}},"9":{"start":{"line":26,"column":23},"end":{"line":60,"column":null}},"10":{"start":{"line":27,"column":4},"end":{"line":59,"column":null}},"11":{"start":{"line":28,"column":6},"end":{"line":28,"column":null}},"12":{"start":{"line":29,"column":6},"end":{"line":29,"column":null}},"13":{"start":{"line":31,"column":20},"end":{"line":31,"column":null}},"14":{"start":{"line":32,"column":6},"end":{"line":34,"column":null}},"15":{"start":{"line":33,"column":8},"end":{"line":33,"column":null}},"16":{"start":{"line":36,"column":23},"end":{"line":48,"column":null}},"17":{"start":{"line":50,"column":6},"end":{"line":52,"column":null}},"18":{"start":{"line":51,"column":8},"end":{"line":51,"column":null}},"19":{"start":{"line":54,"column":6},"end":{"line":54,"column":null}},"20":{"start":{"line":56,"column":6},"end":{"line":56,"column":null}},"21":{"start":{"line":58,"column":6},"end":{"line":58,"column":null}},"22":{"start":{"line":62,"column":8},"end":{"line":66,"column":null}},"23":{"start":{"line":63,"column":4},"end":{"line":63,"column":null}},"24":{"start":{"line":63,"column":19},"end":{"line":63,"column":null}},"25":{"start":{"line":64,"column":4},"end":{"line":64,"column":null}},"26":{"start":{"line":65,"column":4},"end":{"line":65,"column":null}},"27":{"start":{"line":68,"column":8},"end":{"line":72,"column":null}},"28":{"start":{"line":69,"column":4},"end":{"line":69,"column":null}},"29":{"start":{"line":69,"column":19},"end":{"line":69,"column":null}},"30":{"start":{"line":70,"column":4},"end":{"line":70,"column":null}},"31":{"start":{"line":71,"column":4},"end":{"line":71,"column":null}},"32":{"start":{"line":74,"column":8},"end":{"line":77,"column":null}},"33":{"start":{"line":75,"column":4},"end":{"line":75,"column":null}},"34":{"start":{"line":76,"column":4},"end":{"line":76,"column":null}},"35":{"start":{"line":79,"column":2},"end":{"line":86,"column":null}},"36":{"start":{"line":80,"column":4},"end":{"line":84,"column":null}},"37":{"start":{"line":88,"column":2},"end":{"line":165,"column":null}},"38":{"start":{"line":122,"column":31},"end":{"line":122,"column":null}},"39":{"start":{"line":127,"column":16},"end":{"line":127,"column":null}},"40":{"start":{"line":137,"column":31},"end":{"line":137,"column":null}},"41":{"start":{"line":148,"column":16},"end":{"line":148,"column":null}},"42":{"start":{"line":149,"column":16},"end":{"line":149,"column":null}}},"fnMap":{"0":{"name":"(anonymous_0)","decl":{"start":{"line":17,"column":13},"end":{"line":17,"column":62}},"loc":{"start":{"line":17,"column":83},"end":{"line":167,"column":null}},"line":17},"1":{"name":"(anonymous_1)","decl":{"start":{"line":26,"column":23},"end":{"line":26,"column":30}},"loc":{"start":{"line":26,"column":127},"end":{"line":60,"column":null}},"line":26},"2":{"name":"(anonymous_2)","decl":{"start":{"line":62,"column":8},"end":{"line":62,"column":31}},"loc":{"start":{"line":62,"column":31},"end":{"line":66,"column":null}},"line":62},"3":{"name":"(anonymous_3)","decl":{"start":{"line":68,"column":8},"end":{"line":68,"column":33}},"loc":{"start":{"line":68,"column":33},"end":{"line":72,"column":null}},"line":68},"4":{"name":"(anonymous_4)","decl":{"start":{"line":74,"column":8},"end":{"line":74,"column":32}},"loc":{"start":{"line":74,"column":55},"end":{"line":77,"column":null}},"line":74},"5":{"name":"(anonymous_5)","decl":{"start":{"line":122,"column":14},"end":{"line":122,"column":25}},"loc":{"start":{"line":122,"column":31},"end":{"line":122,"column":null}},"line":122},"6":{"name":"(anonymous_6)","decl":{"start":{"line":126,"column":26},"end":{"line":126,"column":30}},"loc":{"start":{"line":127,"column":16},"end":{"line":127,"column":null}},"line":127},"7":{"name":"(anonymous_7)","decl":{"start":{"line":137,"column":14},"end":{"line":137,"column":25}},"loc":{"start":{"line":137,"column":31},"end":{"line":137,"column":null}},"line":137},"8":{"name":"(anonymous_8)","decl":{"start":{"line":147,"column":14},"end":{"line":147,"column":29}},"loc":{"start":{"line":147,"column":29},"end":{"line":150,"column":null}},"line":147}},"branchMap":{"0":{"loc":{"start":{"line":32,"column":6},"end":{"line":34,"column":null}},"type":"if","locations":[{"start":{"line":32,"column":6},"end":{"line":34,"column":null}},{"start":{},"end":{}}],"line":32},"1":{"loc":{"start":{"line":45,"column":20},"end":{"line":45,"column":null}},"type":"binary-expr","locations":[{"start":{"line":45,"column":20},"end":{"line":45,"column":38}},{"start":{"line":45,"column":38},"end":{"line":45,"column":50}},{"start":{"line":45,"column":50},"end":{"line":45,"column":null}}],"line":45},"2":{"loc":{"start":{"line":46,"column":19},"end":{"line":46,"column":null}},"type":"binary-expr","locations":[{"start":{"line":46,"column":19},"end":{"line":46,"column":36}},{"start":{"line":46,"column":36},"end":{"line":46,"column":47}},{"start":{"line":46,"column":47},"end":{"line":46,"column":null}}],"line":46},"3":{"loc":{"start":{"line":50,"column":6},"end":{"line":52,"column":null}},"type":"if","locations":[{"start":{"line":50,"column":6},"end":{"line":52,"column":null}},{"start":{},"end":{}}],"line":50},"4":{"loc":{"start":{"line":56,"column":15},"end":{"line":56,"column":52}},"type":"binary-expr","locations":[{"start":{"line":56,"column":15},"end":{"line":56,"column":30}},{"start":{"line":56,"column":30},"end":{"line":56,"column":52}}],"line":56},"5":{"loc":{"start":{"line":63,"column":4},"end":{"line":63,"column":null}},"type":"if","locations":[{"start":{"line":63,"column":4},"end":{"line":63,"column":null}},{"start":{},"end":{}}],"line":63},"6":{"loc":{"start":{"line":69,"column":4},"end":{"line":69,"column":null}},"type":"if","locations":[{"start":{"line":69,"column":4},"end":{"line":69,"column":null}},{"start":{},"end":{}}],"line":69},"7":{"loc":{"start":{"line":79,"column":2},"end":{"line":86,"column":null}},"type":"if","locations":[{"start":{"line":79,"column":2},"end":{"line":86,"column":null}},{"start":{},"end":{}}],"line":79},"8":{"loc":{"start":{"line":96,"column":12},"end":{"line":96,"column":null}},"type":"cond-expr","locations":[{"start":{"line":96,"column":37},"end":{"line":96,"column":78}},{"start":{"line":96,"column":78},"end":{"line":96,"column":null}}],"line":96},"9":{"loc":{"start":{"line":100,"column":41},"end":{"line":100,"column":88}},"type":"cond-expr","locations":[{"start":{"line":100,"column":66},"end":{"line":100,"column":83}},{"start":{"line":100,"column":83},"end":{"line":100,"column":88}}],"line":100},"10":{"loc":{"start":{"line":106,"column":12},"end":{"line":106,"column":null}},"type":"cond-expr","locations":[{"start":{"line":106,"column":39},"end":{"line":106,"column":74}},{"start":{"line":106,"column":74},"end":{"line":106,"column":null}}],"line":106},"11":{"loc":{"start":{"line":110,"column":43},"end":{"line":110,"column":92}},"type":"cond-expr","locations":[{"start":{"line":110,"column":70},"end":{"line":110,"column":87}},{"start":{"line":110,"column":87},"end":{"line":110,"column":92}}],"line":110},"12":{"loc":{"start":{"line":114,"column":7},"end":{"line":165,"column":null}},"type":"binary-expr","locations":[{"start":{"line":114,"column":7},"end":{"line":114,"column":19}},{"start":{"line":114,"column":19},"end":{"line":114,"column":null}},{"start":{"line":115,"column":8},"end":{"line":165,"column":null}}],"line":114},"13":{"loc":{"start":{"line":143,"column":11},"end":{"line":143,"column":null}},"type":"binary-expr","locations":[{"start":{"line":143,"column":11},"end":{"line":143,"column":20}},{"start":{"line":143,"column":20},"end":{"line":143,"column":null}}],"line":143},"14":{"loc":{"start":{"line":160,"column":15},"end":{"line":160,"column":null}},"type":"cond-expr","locations":[{"start":{"line":160,"column":30},"end":{"line":160,"column":48}},{"start":{"line":160,"column":48},"end":{"line":160,"column":null}}],"line":160}},"s":{"0":6,"1":6,"2":18,"3":18,"4":18,"5":18,"6":18,"7":18,"8":18,"9":18,"10":0,"11":0,"12":0,"13":0,"14":0,"15":0,"16":0,"17":0,"18":0,"19":0,"20":0,"21":0,"22":18,"23":0,"24":0,"25":0,"26":0,"27":18,"28":0,"29":0,"30":0,"31":0,"32":18,"33":0,"34":0,"35":18,"36":0,"37":18,"38":0,"39":0,"40":0,"41":0,"42":0},"f":{"0":18,"1":0,"2":0,"3":0,"4":0,"5":0,"6":0,"7":0,"8":0},"b":{"0":[0,0],"1":[0,0,0],"2":[0,0,0],"3":[0,0],"4":[0,0],"5":[0,0],"6":[0,0],"7":[0,18],"8":[0,18],"9":[0,18],"10":[0,18],"11":[0,18],"12":[18,0,0],"13":[0,0],"14":[0,0]},"meta":{"lastBranch":15,"lastFunction":9,"lastStatement":43,"seen":{"s:8:19:15:Infinity":0,"s:17:13:167:Infinity":1,"f:17:13:17:62":0,"s:18:30:18:Infinity":2,"s:19:34:19:Infinity":3,"s:20:34:20:Infinity":4,"s:21:32:21:Infinity":5,"s:22:36:22:Infinity":6,"s:23:28:23:Infinity":7,"s:24:42:24:Infinity":8,"s:26:23:60:Infinity":9,"f:26:23:26:30":1,"s:27:4:59:Infinity":10,"s:28:6:28:Infinity":11,"s:29:6:29:Infinity":12,"s:31:20:31:Infinity":13,"b:32:6:34:Infinity:undefined:undefined:undefined:undefined":0,"s:32:6:34:Infinity":14,"s:33:8:33:Infinity":15,"s:36:23:48:Infinity":16,"b:45:20:45:38:45:38:45:50:45:50:45:Infinity":1,"b:46:19:46:36:46:36:46:47:46:47:46:Infinity":2,"b:50:6:52:Infinity:undefined:undefined:undefined:undefined":3,"s:50:6:52:Infinity":17,"s:51:8:51:Infinity":18,"s:54:6:54:Infinity":19,"s:56:6:56:Infinity":20,"b:56:15:56:30:56:30:56:52":4,"s:58:6:58:Infinity":21,"s:62:8:66:Infinity":22,"f:62:8:62:31":2,"b:63:4:63:Infinity:undefined:undefined:undefined:undefined":5,"s:63:4:63:Infinity":23,"s:63:19:63:Infinity":24,"s:64:4:64:Infinity":25,"s:65:4:65:Infinity":26,"s:68:8:72:Infinity":27,"f:68:8:68:33":3,"b:69:4:69:Infinity:undefined:undefined:undefined:undefined":6,"s:69:4:69:Infinity":28,"s:69:19:69:Infinity":29,"s:70:4:70:Infinity":30,"s:71:4:71:Infinity":31,"s:74:8:77:Infinity":32,"f:74:8:74:32":4,"s:75:4:75:Infinity":33,"s:76:4:76:Infinity":34,"b:79:2:86:Infinity:undefined:undefined:undefined:undefined":7,"s:79:2:86:Infinity":35,"s:80:4:84:Infinity":36,"s:88:2:165:Infinity":37,"b:96:37:96:78:96:78:96:Infinity":8,"b:100:66:100:83:100:83:100:88":9,"b:106:39:106:74:106:74:106:Infinity":10,"b:110:70:110:87:110:87:110:92":11,"b:114:7:114:19:114:19:114:Infinity:115:8:165:Infinity":12,"f:122:14:122:25":5,"s:122:31:122:Infinity":38,"f:126:26:126:30":6,"s:127:16:127:Infinity":39,"f:137:14:137:25":7,"s:137:31:137:Infinity":40,"b:143:11:143:20:143:20:143:Infinity":13,"f:147:14:147:29":8,"s:148:16:148:Infinity":41,"s:149:16:149:Infinity":42,"b:160:30:160:48:160:48:160:Infinity":14},"fnNames":{}}}
,"C:\\Users\\patel\\OpenSource\\GSSoC\\LegalEase\\src\\components\\FilePreview.tsx": {"path":"C:\\Users\\patel\\OpenSource\\GSSoC\\LegalEase\\src\\components\\FilePreview.tsx","statementMap":{"0":{"start":{"line":10,"column":46},"end":{"line":10,"column":null}},"1":{"start":{"line":11,"column":36},"end":{"line":11,"column":null}},"2":{"start":{"line":13,"column":24},"end":{"line":13,"column":null}},"3":{"start":{"line":14,"column":16},"end":{"line":14,"column":null}},"4":{"start":{"line":15,"column":17},"end":{"line":15,"column":null}},"5":{"start":{"line":17,"column":2},"end":{"line":31,"column":null}},"6":{"start":{"line":18,"column":4},"end":{"line":30,"column":null}},"7":{"start":{"line":19,"column":18},"end":{"line":19,"column":null}},"8":{"start":{"line":20,"column":6},"end":{"line":20,"column":null}},"9":{"start":{"line":21,"column":6},"end":{"line":21,"column":null}},"10":{"start":{"line":21,"column":19},"end":{"line":21,"column":null}},"11":{"start":{"line":22,"column":11},"end":{"line":30,"column":null}},"12":{"start":{"line":23,"column":21},"end":{"line":23,"column":null}},"13":{"start":{"line":24,"column":6},"end":{"line":28,"column":null}},"14":{"start":{"line":25,"column":21},"end":{"line":25,"column":null}},"15":{"start":{"line":27,"column":8},"end":{"line":27,"column":null}},"16":{"start":{"line":29,"column":6},"end":{"line":29,"column":null}},"17":{"start":{"line":33,"column":8},"end":{"line":40,"column":null}},"18":{"start":{"line":34,"column":4},"end":{"line":38,"column":null}},"19":{"start":{"line":36,"column":27},"end":{"line":36,"column":null}},"20":{"start":{"line":37,"column":6},"end":{"line":37,"column":null}},"21":{"start":{"line":39,"column":4},"end":{"line":39,"column":null}},"22":{"start":{"line":42,"column":2},"end":{"line":92,"column":null}},"23":{"start":{"line":46,"column":10},"end":{"line":46,"column":null}},"24":{"start":{"line":47,"column":10},"end":{"line":47,"column":null}}},"fnMap":{"0":{"name":"FilePreview","decl":{"start":{"line":9,"column":16},"end":{"line":9,"column":28}},"loc":{"start":{"line":9,"column":66},"end":{"line":94,"column":null}},"line":9},"1":{"name":"(anonymous_1)","decl":{"start":{"line":17,"column":2},"end":{"line":17,"column":18}},"loc":{"start":{"line":17,"column":18},"end":{"line":31,"column":5}},"line":17},"2":{"name":"(anonymous_2)","decl":{"start":{"line":21,"column":6},"end":{"line":21,"column":19}},"loc":{"start":{"line":21,"column":19},"end":{"line":21,"column":null}},"line":21},"3":{"name":"(anonymous_3)","decl":{"start":{"line":24,"column":13},"end":{"line":24,"column":23}},"loc":{"start":{"line":24,"column":29},"end":{"line":28,"column":null}},"line":24},"4":{"name":"(anonymous_4)","decl":{"start":{"line":33,"column":8},"end":{"line":33,"column":33}},"loc":{"start":{"line":33,"column":33},"end":{"line":40,"column":null}},"line":33},"5":{"name":"(anonymous_5)","decl":{"start":{"line":45,"column":8},"end":{"line":45,"column":18}},"loc":{"start":{"line":45,"column":24},"end":{"line":48,"column":null}},"line":45}},"branchMap":{"0":{"loc":{"start":{"line":13,"column":24},"end":{"line":13,"column":null}},"type":"binary-expr","locations":[{"start":{"line":13,"column":24},"end":{"line":13,"column":69}},{"start":{"line":13,"column":69},"end":{"line":13,"column":null}}],"line":13},"1":{"loc":{"start":{"line":18,"column":4},"end":{"line":30,"column":null}},"type":"if","locations":[{"start":{"line":18,"column":4},"end":{"line":30,"column":null}},{"start":{"line":22,"column":11},"end":{"line":30,"column":null}}],"line":18},"2":{"loc":{"start":{"line":22,"column":11},"end":{"line":30,"column":null}},"type":"if","locations":[{"start":{"line":22,"column":11},"end":{"line":30,"column":null}},{"start":{},"end":{}}],"line":22},"3":{"loc":{"start":{"line":27,"column":52},"end":{"line":27,"column":83}},"type":"cond-expr","locations":[{"start":{"line":27,"column":72},"end":{"line":27,"column":80}},{"start":{"line":27,"column":80},"end":{"line":27,"column":83}}],"line":27},"4":{"loc":{"start":{"line":34,"column":4},"end":{"line":38,"column":null}},"type":"if","locations":[{"start":{"line":34,"column":4},"end":{"line":38,"column":null}},{"start":{},"end":{}}],"line":34},"5":{"loc":{"start":{"line":34,"column":8},"end":{"line":34,"column":72}},"type":"binary-expr","locations":[{"start":{"line":34,"column":8},"end":{"line":34,"column":41}},{"start":{"line":34,"column":41},"end":{"line":34,"column":72}}],"line":34},"6":{"loc":{"start":{"line":56,"column":9},"end":{"line":71,"column":null}},"type":"cond-expr","locations":[{"start":{"line":57,"column":10},"end":{"line":66,"column":22}},{"start":{"line":66,"column":12},"end":{"line":71,"column":null}}],"line":56},"7":{"loc":{"start":{"line":56,"column":9},"end":{"line":56,"column":null}},"type":"binary-expr","locations":[{"start":{"line":56,"column":9},"end":{"line":56,"column":18}},{"start":{"line":56,"column":18},"end":{"line":56,"column":null}}],"line":56},"8":{"loc":{"start":{"line":66,"column":12},"end":{"line":71,"column":null}},"type":"cond-expr","locations":[{"start":{"line":67,"column":10},"end":{"line":71,"column":11}},{"start":{"line":71,"column":10},"end":{"line":71,"column":null}}],"line":66},"9":{"loc":{"start":{"line":66,"column":12},"end":{"line":66,"column":null}},"type":"binary-expr","locations":[{"start":{"line":66,"column":12},"end":{"line":66,"column":22}},{"start":{"line":66,"column":22},"end":{"line":66,"column":null}}],"line":66},"10":{"loc":{"start":{"line":76,"column":9},"end":{"line":83,"column":9}},"type":"cond-expr","locations":[{"start":{"line":77,"column":10},"end":{"line":78,"column":null}},{"start":{"line":78,"column":12},"end":{"line":83,"column":9}}],"line":76},"11":{"loc":{"start":{"line":78,"column":12},"end":{"line":83,"column":9}},"type":"cond-expr","locations":[{"start":{"line":79,"column":10},"end":{"line":81,"column":11}},{"start":{"line":81,"column":10},"end":{"line":83,"column":9}}],"line":78}},"s":{"0":0,"1":0,"2":0,"3":0,"4":0,"5":0,"6":0,"7":0,"8":0,"9":0,"10":0,"11":0,"12":0,"13":0,"14":0,"15":0,"16":0,"17":0,"18":0,"19":0,"20":0,"21":0,"22":0,"23":0,"24":0},"f":{"0":0,"1":0,"2":0,"3":0,"4":0,"5":0},"b":{"0":[0,0],"1":[0,0],"2":[0,0],"3":[0,0],"4":[0,0],"5":[0,0],"6":[0,0],"7":[0,0],"8":[0,0],"9":[0,0],"10":[0,0],"11":[0,0]},"meta":{"lastBranch":12,"lastFunction":6,"lastStatement":25,"seen":{"f:9:16:9:28":0,"s:10:46:10:Infinity":0,"s:11:36:11:Infinity":1,"s:13:24:13:Infinity":2,"b:13:24:13:69:13:69:13:Infinity":0,"s:14:16:14:Infinity":3,"s:15:17:15:Infinity":4,"s:17:2:31:Infinity":5,"f:17:2:17:18":1,"b:18:4:30:Infinity:22:11:30:Infinity":1,"s:18:4:30:Infinity":6,"s:19:18:19:Infinity":7,"s:20:6:20:Infinity":8,"s:21:6:21:Infinity":9,"f:21:6:21:19":2,"s:21:19:21:Infinity":10,"b:22:11:30:Infinity:undefined:undefined:undefined:undefined":2,"s:22:11:30:Infinity":11,"s:23:21:23:Infinity":12,"s:24:6:28:Infinity":13,"f:24:13:24:23":3,"s:25:21:25:Infinity":14,"s:27:8:27:Infinity":15,"b:27:72:27:80:27:80:27:83":3,"s:29:6:29:Infinity":16,"s:33:8:40:Infinity":17,"f:33:8:33:33":4,"b:34:4:38:Infinity:undefined:undefined:undefined:undefined":4,"s:34:4:38:Infinity":18,"b:34:8:34:41:34:41:34:72":5,"s:36:27:36:Infinity":19,"s:37:6:37:Infinity":20,"s:39:4:39:Infinity":21,"s:42:2:92:Infinity":22,"f:45:8:45:18":5,"s:46:10:46:Infinity":23,"s:47:10:47:Infinity":24,"b:57:10:66:22:66:12:71:Infinity":6,"b:56:9:56:18:56:18:56:Infinity":7,"b:67:10:71:11:71:10:71:Infinity":8,"b:66:12:66:22:66:22:66:Infinity":9,"b:77:10:78:Infinity:78:12:83:9":10,"b:79:10:81:11:81:10:83:9":11},"fnNames":{}}}
,"C:\\Users\\patel\\OpenSource\\GSSoC\\LegalEase\\src\\components\\Footer.tsx": {"path":"C:\\Users\\patel\\OpenSource\\GSSoC\\LegalEase\\src\\components\\Footer.tsx","statementMap":{"0":{"start":{"line":3,"column":6},"end":{"line":7,"column":null}},"1":{"start":{"line":4,"column":2},"end":{"line":7,"column":null}},"2":{"start":{"line":10,"column":8},"end":{"line":16,"column":null}},"3":{"start":{"line":11,"column":2},"end":{"line":16,"column":null}},"4":{"start":{"line":20,"column":2},"end":{"line":97,"column":null}},"5":{"start":{"line":77,"column":32},"end":{"line":77,"column":52}},"6":{"start":{"line":86,"column":32},"end":{"line":86,"column":52}}},"fnMap":{"0":{"name":"(anonymous_0)","decl":{"start":{"line":3,"column":6},"end":{"line":3,"column":19}},"loc":{"start":{"line":4,"column":2},"end":{"line":7,"column":null}},"line":4},"1":{"name":"(anonymous_1)","decl":{"start":{"line":10,"column":8},"end":{"line":10,"column":26}},"loc":{"start":{"line":11,"column":2},"end":{"line":16,"column":null}},"line":11},"2":{"name":"Footer","decl":{"start":{"line":19,"column":16},"end":{"line":19,"column":25}},"loc":{"start":{"line":19,"column":25},"end":{"line":99,"column":null}},"line":19},"3":{"name":"(anonymous_3)","decl":{"start":{"line":77,"column":16},"end":{"line":77,"column":26}},"loc":{"start":{"line":77,"column":32},"end":{"line":77,"column":52}},"line":77},"4":{"name":"(anonymous_4)","decl":{"start":{"line":86,"column":16},"end":{"line":86,"column":26}},"loc":{"start":{"line":86,"column":32},"end":{"line":86,"column":52}},"line":86}},"branchMap":{"0":{"loc":{"start":{"line":5,"column":4},"end":{"line":7,"column":null}},"type":"cond-expr","locations":[{"start":{"line":6,"column":8},"end":{"line":6,"column":null}},{"start":{"line":7,"column":8},"end":{"line":7,"column":null}}],"line":5}},"s":{"0":1,"1":18,"2":1,"3":6,"4":3,"5":0,"6":0},"f":{"0":18,"1":6,"2":3,"3":0,"4":0},"b":{"0":[0,18]},"meta":{"lastBranch":1,"lastFunction":5,"lastStatement":7,"seen":{"s:3:6:7:Infinity":0,"f:3:6:3:19":0,"s:4:2:7:Infinity":1,"b:6:8:6:Infinity:7:8:7:Infinity":0,"s:10:8:16:Infinity":2,"f:10:8:10:26":1,"s:11:2:16:Infinity":3,"f:19:16:19:25":2,"s:20:2:97:Infinity":4,"f:77:16:77:26":3,"s:77:32:77:52":5,"f:86:16:86:26":4,"s:86:32:86:52":6},"fnNames":{}}}
,"C:\\Users\\patel\\OpenSource\\GSSoC\\LegalEase\\src\\components\\LegalMapping.tsx": {"path":"C:\\Users\\patel\\OpenSource\\GSSoC\\LegalEase\\src\\components\\LegalMapping.tsx","statementMap":{"0":{"start":{"line":19,"column":32},"end":{"line":19,"column":null}},"1":{"start":{"line":20,"column":40},"end":{"line":20,"column":null}},"2":{"start":{"line":21,"column":28},"end":{"line":21,"column":null}},"3":{"start":{"line":23,"column":27},"end":{"line":38,"column":null}},"4":{"start":{"line":24,"column":4},"end":{"line":24,"column":null}},"5":{"start":{"line":25,"column":4},"end":{"line":28,"column":null}},"6":{"start":{"line":26,"column":6},"end":{"line":26,"column":null}},"7":{"start":{"line":27,"column":6},"end":{"line":27,"column":null}},"8":{"start":{"line":29,"column":4},"end":{"line":29,"column":null}},"9":{"start":{"line":30,"column":4},"end":{"line":37,"column":null}},"10":{"start":{"line":31,"column":18},"end":{"line":31,"column":null}},"11":{"start":{"line":32,"column":6},"end":{"line":32,"column":null}},"12":{"start":{"line":34,"column":6},"end":{"line":34,"column":null}},"13":{"start":{"line":36,"column":6},"end":{"line":36,"column":null}},"14":{"start":{"line":40,"column":2},"end":{"line":81,"column":null}},"15":{"start":{"line":58,"column":12},"end":{"line":77,"column":null}},"16":{"start":{"line":70,"column":35},"end":{"line":70,"column":null}}},"fnMap":{"0":{"name":"LegalMapping","decl":{"start":{"line":18,"column":24},"end":{"line":18,"column":37}},"loc":{"start":{"line":18,"column":71},"end":{"line":83,"column":null}},"line":18},"1":{"name":"(anonymous_1)","decl":{"start":{"line":23,"column":27},"end":{"line":23,"column":39}},"loc":{"start":{"line":23,"column":39},"end":{"line":38,"column":null}},"line":23},"2":{"name":"(anonymous_2)","decl":{"start":{"line":57,"column":23},"end":{"line":57,"column":28}},"loc":{"start":{"line":58,"column":12},"end":{"line":77,"column":null}},"line":58},"3":{"name":"(anonymous_3)","decl":{"start":{"line":70,"column":20},"end":{"line":70,"column":35}},"loc":{"start":{"line":70,"column":35},"end":{"line":70,"column":null}},"line":70}},"branchMap":{"0":{"loc":{"start":{"line":25,"column":4},"end":{"line":28,"column":null}},"type":"if","locations":[{"start":{"line":25,"column":4},"end":{"line":28,"column":null}},{"start":{},"end":{}}],"line":25},"1":{"loc":{"start":{"line":25,"column":8},"end":{"line":25,"column":45}},"type":"binary-expr","locations":[{"start":{"line":25,"column":8},"end":{"line":25,"column":24}},{"start":{"line":25,"column":24},"end":{"line":25,"column":45}}],"line":25},"2":{"loc":{"start":{"line":32,"column":21},"end":{"line":32,"column":42}},"type":"binary-expr","locations":[{"start":{"line":32,"column":21},"end":{"line":32,"column":40}},{"start":{"line":32,"column":40},"end":{"line":32,"column":42}}],"line":32},"3":{"loc":{"start":{"line":34,"column":15},"end":{"line":34,"column":58}},"type":"binary-expr","locations":[{"start":{"line":34,"column":15},"end":{"line":34,"column":29}},{"start":{"line":34,"column":29},"end":{"line":34,"column":58}}],"line":34},"4":{"loc":{"start":{"line":49,"column":11},"end":{"line":49,"column":null}},"type":"cond-expr","locations":[{"start":{"line":49,"column":21},"end":{"line":49,"column":37}},{"start":{"line":49,"column":37},"end":{"line":49,"column":null}}],"line":49},"5":{"loc":{"start":{"line":53,"column":7},"end":{"line":53,"column":null}},"type":"binary-expr","locations":[{"start":{"line":53,"column":7},"end":{"line":53,"column":16}},{"start":{"line":53,"column":16},"end":{"line":53,"column":null}}],"line":53},"6":{"loc":{"start":{"line":55,"column":7},"end":{"line":79,"column":null}},"type":"binary-expr","locations":[{"start":{"line":55,"column":7},"end":{"line":55,"column":null}},{"start":{"line":56,"column":8},"end":{"line":79,"column":null}}],"line":55},"7":{"loc":{"start":{"line":70,"column":35},"end":{"line":70,"column":null}},"type":"binary-expr","locations":[{"start":{"line":70,"column":35},"end":{"line":70,"column":47}},{"start":{"line":70,"column":47},"end":{"line":70,"column":null}}],"line":70}},"s":{"0":30,"1":30,"2":30,"3":30,"4":0,"5":0,"6":0,"7":0,"8":0,"9":0,"10":0,"11":0,"12":0,"13":0,"14":30,"15":0,"16":0},"f":{"0":30,"1":0,"2":0,"3":0},"b":{"0":[0,0],"1":[0,0],"2":[0,0],"3":[0,0],"4":[0,30],"5":[30,0],"6":[30,0],"7":[0,0]},"meta":{"lastBranch":8,"lastFunction":4,"lastStatement":17,"seen":{"f:18:24:18:37":0,"s:19:32:19:Infinity":0,"s:20:40:20:Infinity":1,"s:21:28:21:Infinity":2,"s:23:27:38:Infinity":3,"f:23:27:23:39":1,"s:24:4:24:Infinity":4,"b:25:4:28:Infinity:undefined:undefined:undefined:undefined":0,"s:25:4:28:Infinity":5,"b:25:8:25:24:25:24:25:45":1,"s:26:6:26:Infinity":6,"s:27:6:27:Infinity":7,"s:29:4:29:Infinity":8,"s:30:4:37:Infinity":9,"s:31:18:31:Infinity":10,"s:32:6:32:Infinity":11,"b:32:21:32:40:32:40:32:42":2,"s:34:6:34:Infinity":12,"b:34:15:34:29:34:29:34:58":3,"s:36:6:36:Infinity":13,"s:40:2:81:Infinity":14,"b:49:21:49:37:49:37:49:Infinity":4,"b:53:7:53:16:53:16:53:Infinity":5,"b:55:7:55:Infinity:56:8:79:Infinity":6,"f:57:23:57:28":2,"s:58:12:77:Infinity":15,"f:70:20:70:35":3,"s:70:35:70:Infinity":16,"b:70:35:70:47:70:47:70:Infinity":7},"fnNames":{}}}
,"C:\\Users\\patel\\OpenSource\\GSSoC\\LegalEase\\src\\components\\PiiPrivacyFilterToggle.tsx": {"path":"C:\\Users\\patel\\OpenSource\\GSSoC\\LegalEase\\src\\components\\PiiPrivacyFilterToggle.tsx","statementMap":{"0":{"start":{"line":15,"column":50},"end":{"line":15,"column":63}},"1":{"start":{"line":17,"column":2},"end":{"line":83,"column":null}}},"fnMap":{"0":{"name":"PiiPrivacyFilterToggle","decl":{"start":{"line":10,"column":16},"end":{"line":10,"column":39}},"loc":{"start":{"line":14,"column":32},"end":{"line":85,"column":null}},"line":14}},"branchMap":{"0":{"loc":{"start":{"line":11,"column":2},"end":{"line":11,"column":null}},"type":"default-arg","locations":[{"start":{"line":11,"column":7},"end":{"line":11,"column":null}}],"line":11},"1":{"loc":{"start":{"line":12,"column":2},"end":{"line":12,"column":null}},"type":"default-arg","locations":[{"start":{"line":12,"column":14},"end":{"line":12,"column":null}}],"line":12},"2":{"loc":{"start":{"line":13,"column":2},"end":{"line":13,"column":null}},"type":"default-arg","locations":[{"start":{"line":13,"column":16},"end":{"line":13,"column":null}}],"line":13},"3":{"loc":{"start":{"line":19,"column":6},"end":{"line":21,"column":null}},"type":"cond-expr","locations":[{"start":{"line":20,"column":10},"end":{"line":20,"column":null}},{"start":{"line":21,"column":10},"end":{"line":21,"column":null}}],"line":19},"4":{"loc":{"start":{"line":26,"column":12},"end":{"line":28,"column":null}},"type":"cond-expr","locations":[{"start":{"line":27,"column":16},"end":{"line":27,"column":null}},{"start":{"line":28,"column":16},"end":{"line":28,"column":null}}],"line":26},"5":{"loc":{"start":{"line":38,"column":16},"end":{"line":40,"column":null}},"type":"cond-expr","locations":[{"start":{"line":39,"column":20},"end":{"line":39,"column":null}},{"start":{"line":40,"column":20},"end":{"line":40,"column":null}}],"line":38},"6":{"loc":{"start":{"line":42,"column":17},"end":{"line":42,"column":null}},"type":"cond-expr","locations":[{"start":{"line":42,"column":38},"end":{"line":42,"column":49}},{"start":{"line":42,"column":49},"end":{"line":42,"column":null}}],"line":42},"7":{"loc":{"start":{"line":45,"column":13},"end":{"line":50,"column":null}},"type":"binary-expr","locations":[{"start":{"line":45,"column":13},"end":{"line":45,"column":null}},{"start":{"line":46,"column":14},"end":{"line":50,"column":null}}],"line":45},"8":{"loc":{"start":{"line":60,"column":12},"end":{"line":60,"column":null}},"type":"cond-expr","locations":[{"start":{"line":60,"column":33},"end":{"line":60,"column":52}},{"start":{"line":60,"column":52},"end":{"line":60,"column":null}}],"line":60},"9":{"loc":{"start":{"line":66,"column":14},"end":{"line":66,"column":null}},"type":"cond-expr","locations":[{"start":{"line":66,"column":35},"end":{"line":66,"column":53}},{"start":{"line":66,"column":53},"end":{"line":66,"column":null}}],"line":66},"10":{"loc":{"start":{"line":72,"column":7},"end":{"line":83,"column":null}},"type":"binary-expr","locations":[{"start":{"line":72,"column":7},"end":{"line":72,"column":29}},{"start":{"line":72,"column":29},"end":{"line":72,"column":null}},{"start":{"line":73,"column":8},"end":{"line":83,"column":null}}],"line":72}},"s":{"0":22,"1":22},"f":{"0":22},"b":{"0":[22],"1":[22],"2":[22],"3":[2,20],"4":[2,20],"5":[2,20],"6":[2,20],"7":[22,22],"8":[2,20],"9":[2,20],"10":[22,2,2]},"meta":{"lastBranch":11,"lastFunction":1,"lastStatement":2,"seen":{"f:10:16:10:39":0,"b:11:7:11:Infinity":0,"b:12:14:12:Infinity":1,"b:13:16:13:Infinity":2,"s:15:50:15:63":0,"s:17:2:83:Infinity":1,"b:20:10:20:Infinity:21:10:21:Infinity":3,"b:27:16:27:Infinity:28:16:28:Infinity":4,"b:39:20:39:Infinity:40:20:40:Infinity":5,"b:42:38:42:49:42:49:42:Infinity":6,"b:45:13:45:Infinity:46:14:50:Infinity":7,"b:60:33:60:52:60:52:60:Infinity":8,"b:66:35:66:53:66:53:66:Infinity":9,"b:72:7:72:29:72:29:72:Infinity:73:8:83:Infinity":10},"fnNames":{}}}
,"C:\\Users\\patel\\OpenSource\\GSSoC\\LegalEase\\src\\components\\ReadabilityScore.tsx": {"path":"C:\\Users\\patel\\OpenSource\\GSSoC\\LegalEase\\src\\components\\ReadabilityScore.tsx","statementMap":{"0":{"start":{"line":11,"column":17},"end":{"line":27,"column":null}},"1":{"start":{"line":12,"column":28},"end":{"line":12,"column":null}},"2":{"start":{"line":13,"column":27},"end":{"line":13,"column":null}},"3":{"start":{"line":15,"column":4},"end":{"line":17,"column":null}},"4":{"start":{"line":16,"column":6},"end":{"line":16,"column":null}},"5":{"start":{"line":19,"column":4},"end":{"line":26,"column":null}},"6":{"start":{"line":20,"column":23},"end":{"line":20,"column":null}},"7":{"start":{"line":21,"column":22},"end":{"line":21,"column":null}},"8":{"start":{"line":22,"column":6},"end":{"line":22,"column":null}},"9":{"start":{"line":24,"column":6},"end":{"line":24,"column":null}},"10":{"start":{"line":25,"column":6},"end":{"line":25,"column":null}},"11":{"start":{"line":29,"column":2},"end":{"line":42,"column":null}},"12":{"start":{"line":30,"column":4},"end":{"line":40,"column":null}},"13":{"start":{"line":44,"column":32},"end":{"line":44,"column":null}},"14":{"start":{"line":47,"column":8},"end":{"line":67,"column":null}},"15":{"start":{"line":48,"column":4},"end":{"line":54,"column":null}},"16":{"start":{"line":49,"column":6},"end":{"line":53,"column":null}},"17":{"start":{"line":55,"column":4},"end":{"line":61,"column":null}},"18":{"start":{"line":56,"column":6},"end":{"line":60,"column":null}},"19":{"start":{"line":62,"column":4},"end":{"line":66,"column":null}},"20":{"start":{"line":69,"column":24},"end":{"line":69,"column":null}},"21":{"start":{"line":70,"column":23},"end":{"line":70,"column":null}},"22":{"start":{"line":73,"column":20},"end":{"line":73,"column":null}},"23":{"start":{"line":74,"column":19},"end":{"line":74,"column":null}},"24":{"start":{"line":76,"column":2},"end":{"line":239,"column":null}}},"fnMap":{"0":{"name":"ReadabilityScore","decl":{"start":{"line":10,"column":16},"end":{"line":10,"column":33}},"loc":{"start":{"line":10,"column":97},"end":{"line":241,"column":null}},"line":10},"1":{"name":"(anonymous_1)","decl":{"start":{"line":11,"column":17},"end":{"line":11,"column":31}},"loc":{"start":{"line":11,"column":31},"end":{"line":27,"column":5}},"line":11},"2":{"name":"(anonymous_2)","decl":{"start":{"line":47,"column":8},"end":{"line":47,"column":24}},"loc":{"start":{"line":47,"column":42},"end":{"line":67,"column":null}},"line":47}},"branchMap":{"0":{"loc":{"start":{"line":10,"column":35},"end":{"line":10,"column":54}},"type":"default-arg","locations":[{"start":{"line":10,"column":50},"end":{"line":10,"column":54}}],"line":10},"1":{"loc":{"start":{"line":10,"column":54},"end":{"line":10,"column":97}},"type":"default-arg","locations":[{"start":{"line":10,"column":68},"end":{"line":10,"column":97}}],"line":10},"2":{"loc":{"start":{"line":15,"column":4},"end":{"line":17,"column":null}},"type":"if","locations":[{"start":{"line":15,"column":4},"end":{"line":17,"column":null}},{"start":{},"end":{}}],"line":15},"3":{"loc":{"start":{"line":15,"column":8},"end":{"line":15,"column":45}},"type":"binary-expr","locations":[{"start":{"line":15,"column":8},"end":{"line":15,"column":28}},{"start":{"line":15,"column":28},"end":{"line":15,"column":45}}],"line":15},"4":{"loc":{"start":{"line":29,"column":2},"end":{"line":42,"column":null}},"type":"if","locations":[{"start":{"line":29,"column":2},"end":{"line":42,"column":null}},{"start":{},"end":{}}],"line":29},"5":{"loc":{"start":{"line":48,"column":4},"end":{"line":54,"column":null}},"type":"if","locations":[{"start":{"line":48,"column":4},"end":{"line":54,"column":null}},{"start":{},"end":{}}],"line":48},"6":{"loc":{"start":{"line":55,"column":4},"end":{"line":61,"column":null}},"type":"if","locations":[{"start":{"line":55,"column":4},"end":{"line":61,"column":null}},{"start":{},"end":{}}],"line":55},"7":{"loc":{"start":{"line":212,"column":10},"end":{"line":238,"column":null}},"type":"cond-expr","locations":[{"start":{"line":213,"column":10},"end":{"line":234,"column":11}},{"start":{"line":234,"column":10},"end":{"line":238,"column":null}}],"line":212},"8":{"loc":{"start":{"line":212,"column":10},"end":{"line":212,"column":null}},"type":"binary-expr","locations":[{"start":{"line":212,"column":10},"end":{"line":212,"column":27}},{"start":{"line":212,"column":27},"end":{"line":212,"column":null}}],"line":212},"9":{"loc":{"start":{"line":214,"column":13},"end":{"line":223,"column":24}},"type":"binary-expr","locations":[{"start":{"line":214,"column":13},"end":{"line":214,"column":null}},{"start":{"line":215,"column":14},"end":{"line":223,"column":24}}],"line":214},"10":{"loc":{"start":{"line":220,"column":58},"end":{"line":220,"column":89}},"type":"cond-expr","locations":[{"start":{"line":220,"column":74},"end":{"line":220,"column":80}},{"start":{"line":220,"column":80},"end":{"line":220,"column":89}}],"line":220},"11":{"loc":{"start":{"line":223,"column":13},"end":{"line":232,"column":null}},"type":"binary-expr","locations":[{"start":{"line":223,"column":13},"end":{"line":223,"column":null}},{"start":{"line":224,"column":14},"end":{"line":232,"column":null}}],"line":223}},"s":{"0":12,"1":8,"2":8,"3":8,"4":1,"5":7,"6":7,"7":7,"8":7,"9":1,"10":1,"11":12,"12":2,"13":10,"14":10,"15":20,"16":3,"17":17,"18":7,"19":10,"20":10,"21":10,"22":10,"23":10,"24":10},"f":{"0":12,"1":8,"2":20},"b":{"0":[12],"1":[12],"2":[1,7],"3":[8,7],"4":[2,10],"5":[3,17],"6":[7,10],"7":[8,2],"8":[10,2],"9":[8,8],"10":[8,0],"11":[8,1]},"meta":{"lastBranch":12,"lastFunction":3,"lastStatement":25,"seen":{"f:10:16:10:33":0,"b:10:50:10:54":0,"b:10:68:10:97":1,"s:11:17:27:Infinity":0,"f:11:17:11:31":1,"s:12:28:12:Infinity":1,"s:13:27:13:Infinity":2,"b:15:4:17:Infinity:undefined:undefined:undefined:undefined":2,"s:15:4:17:Infinity":3,"b:15:8:15:28:15:28:15:45":3,"s:16:6:16:Infinity":4,"s:19:4:26:Infinity":5,"s:20:23:20:Infinity":6,"s:21:22:21:Infinity":7,"s:22:6:22:Infinity":8,"s:24:6:24:Infinity":9,"s:25:6:25:Infinity":10,"b:29:2:42:Infinity:undefined:undefined:undefined:undefined":4,"s:29:2:42:Infinity":11,"s:30:4:40:Infinity":12,"s:44:32:44:Infinity":13,"s:47:8:67:Infinity":14,"f:47:8:47:24":2,"b:48:4:54:Infinity:undefined:undefined:undefined:undefined":5,"s:48:4:54:Infinity":15,"s:49:6:53:Infinity":16,"b:55:4:61:Infinity:undefined:undefined:undefined:undefined":6,"s:55:4:61:Infinity":17,"s:56:6:60:Infinity":18,"s:62:4:66:Infinity":19,"s:69:24:69:Infinity":20,"s:70:23:70:Infinity":21,"s:73:20:73:Infinity":22,"s:74:19:74:Infinity":23,"s:76:2:239:Infinity":24,"b:213:10:234:11:234:10:238:Infinity":7,"b:212:10:212:27:212:27:212:Infinity":8,"b:214:13:214:Infinity:215:14:223:24":9,"b:220:74:220:80:220:80:220:89":10,"b:223:13:223:Infinity:224:14:232:Infinity":11},"fnNames":{}}}
,"C:\\Users\\patel\\OpenSource\\GSSoC\\LegalEase\\src\\components\\RedactedText.tsx": {"path":"C:\\Users\\patel\\OpenSource\\GSSoC\\LegalEase\\src\\components\\RedactedText.tsx","statementMap":{"0":{"start":{"line":25,"column":22},"end":{"line":25,"column":null}},"1":{"start":{"line":26,"column":20},"end":{"line":26,"column":null}},"2":{"start":{"line":30,"column":17},"end":{"line":30,"column":null}},"3":{"start":{"line":44,"column":18},"end":{"line":44,"column":null}},"4":{"start":{"line":45,"column":2},"end":{"line":64,"column":null}},"5":{"start":{"line":73,"column":16},"end":{"line":73,"column":null}},"6":{"start":{"line":74,"column":2},"end":{"line":80,"column":null}},"7":{"start":{"line":75,"column":4},"end":{"line":77,"column":null}},"8":{"start":{"line":76,"column":6},"end":{"line":76,"column":null}},"9":{"start":{"line":79,"column":4},"end":{"line":79,"column":null}},"10":{"start":{"line":84,"column":2},"end":{"line":84,"column":null}},"11":{"start":{"line":84,"column":13},"end":{"line":84,"column":null}},"12":{"start":{"line":88,"column":20},"end":{"line":88,"column":null}},"13":{"start":{"line":90,"column":2},"end":{"line":90,"column":null}},"14":{"start":{"line":92,"column":2},"end":{"line":94,"column":null}},"15":{"start":{"line":93,"column":4},"end":{"line":93,"column":null}},"16":{"start":{"line":96,"column":2},"end":{"line":99,"column":null}}},"fnMap":{"0":{"name":"RedactedSpan","decl":{"start":{"line":43,"column":9},"end":{"line":43,"column":22}},"loc":{"start":{"line":43,"column":52},"end":{"line":66,"column":null}},"line":43},"1":{"name":"tokenise","decl":{"start":{"line":72,"column":9},"end":{"line":72,"column":18}},"loc":{"start":{"line":72,"column":51},"end":{"line":81,"column":null}},"line":72},"2":{"name":"(anonymous_2)","decl":{"start":{"line":74,"column":15},"end":{"line":74,"column":20}},"loc":{"start":{"line":74,"column":32},"end":{"line":80,"column":3}},"line":74},"3":{"name":"RedactedText","decl":{"start":{"line":83,"column":16},"end":{"line":83,"column":29}},"loc":{"start":{"line":83,"column":69},"end":{"line":101,"column":null}},"line":83}},"branchMap":{"0":{"loc":{"start":{"line":57,"column":18},"end":{"line":57,"column":null}},"type":"cond-expr","locations":[{"start":{"line":57,"column":28},"end":{"line":57,"column":37}},{"start":{"line":57,"column":37},"end":{"line":57,"column":null}}],"line":57},"1":{"loc":{"start":{"line":75,"column":4},"end":{"line":77,"column":null}},"type":"if","locations":[{"start":{"line":75,"column":4},"end":{"line":77,"column":null}},{"start":{},"end":{}}],"line":75},"2":{"loc":{"start":{"line":75,"column":8},"end":{"line":75,"column":56}},"type":"binary-expr","locations":[{"start":{"line":75,"column":8},"end":{"line":75,"column":34}},{"start":{"line":75,"column":34},"end":{"line":75,"column":56}}],"line":75},"3":{"loc":{"start":{"line":84,"column":2},"end":{"line":84,"column":null}},"type":"if","locations":[{"start":{"line":84,"column":2},"end":{"line":84,"column":null}},{"start":{},"end":{}}],"line":84},"4":{"loc":{"start":{"line":92,"column":2},"end":{"line":94,"column":null}},"type":"if","locations":[{"start":{"line":92,"column":2},"end":{"line":94,"column":null}},{"start":{},"end":{}}],"line":92}},"s":{"0":4,"1":4,"2":4,"3":18,"4":18,"5":12,"6":12,"7":48,"8":18,"9":30,"10":72,"11":1,"12":71,"13":71,"14":71,"15":59,"16":12},"f":{"0":18,"1":12,"2":48,"3":72},"b":{"0":[3,15],"1":[18,30],"2":[48,33],"3":[1,71],"4":[59,12]},"meta":{"lastBranch":5,"lastFunction":4,"lastStatement":17,"seen":{"s:25:22:25:Infinity":0,"s:26:20:26:Infinity":1,"s:30:17:30:Infinity":2,"f:43:9:43:22":0,"s:44:18:44:Infinity":3,"s:45:2:64:Infinity":4,"b:57:28:57:37:57:37:57:Infinity":0,"f:72:9:72:18":1,"s:73:16:73:Infinity":5,"s:74:2:80:Infinity":6,"f:74:15:74:20":2,"b:75:4:77:Infinity:undefined:undefined:undefined:undefined":1,"s:75:4:77:Infinity":7,"b:75:8:75:34:75:34:75:56":2,"s:76:6:76:Infinity":8,"s:79:4:79:Infinity":9,"f:83:16:83:29":3,"b:84:2:84:Infinity:undefined:undefined:undefined:undefined":3,"s:84:2:84:Infinity":10,"s:84:13:84:Infinity":11,"s:88:20:88:Infinity":12,"s:90:2:90:Infinity":13,"b:92:2:94:Infinity:undefined:undefined:undefined:undefined":4,"s:92:2:94:Infinity":14,"s:93:4:93:Infinity":15,"s:96:2:99:Infinity":16},"fnNames":{}}}
,"C:\\Users\\patel\\OpenSource\\GSSoC\\LegalEase\\src\\components\\RedactionToggle.tsx": {"path":"C:\\Users\\patel\\OpenSource\\GSSoC\\LegalEase\\src\\components\\RedactionToggle.tsx","statementMap":{"0":{"start":{"line":31,"column":2},"end":{"line":50,"column":null}},"1":{"start":{"line":59,"column":20},"end":{"line":59,"column":null}},"2":{"start":{"line":60,"column":2},"end":{"line":75,"column":null}},"3":{"start":{"line":94,"column":6},"end":{"line":94,"column":19}},"4":{"start":{"line":96,"column":2},"end":{"line":118,"column":null}},"5":{"start":{"line":97,"column":4},"end":{"line":116,"column":null}},"6":{"start":{"line":120,"column":2},"end":{"line":243,"column":null}},"7":{"start":{"line":162,"column":29},"end":{"line":162,"column":null}},"8":{"start":{"line":181,"column":29},"end":{"line":181,"column":null}},"9":{"start":{"line":234,"column":12},"end":{"line":239,"column":null}}},"fnMap":{"0":{"name":"ToggleSwitch","decl":{"start":{"line":30,"column":9},"end":{"line":30,"column":22}},"loc":{"start":{"line":30,"column":75},"end":{"line":52,"column":null}},"line":30},"1":{"name":"RedactionPreviewBadge","decl":{"start":{"line":58,"column":9},"end":{"line":58,"column":31}},"loc":{"start":{"line":58,"column":69},"end":{"line":77,"column":null}},"line":58},"2":{"name":"RedactionToggle","decl":{"start":{"line":88,"column":16},"end":{"line":88,"column":32}},"loc":{"start":{"line":88,"column":75},"end":{"line":245,"column":null}},"line":88},"3":{"name":"(anonymous_3)","decl":{"start":{"line":162,"column":14},"end":{"line":162,"column":29}},"loc":{"start":{"line":162,"column":29},"end":{"line":162,"column":null}},"line":162},"4":{"name":"(anonymous_4)","decl":{"start":{"line":181,"column":14},"end":{"line":181,"column":29}},"loc":{"start":{"line":181,"column":29},"end":{"line":181,"column":null}},"line":181},"5":{"name":"(anonymous_5)","decl":{"start":{"line":233,"column":12},"end":{"line":233,"column":17}},"loc":{"start":{"line":234,"column":12},"end":{"line":239,"column":null}},"line":234}},"branchMap":{"0":{"loc":{"start":{"line":39,"column":8},"end":{"line":41,"column":null}},"type":"cond-expr","locations":[{"start":{"line":40,"column":12},"end":{"line":40,"column":null}},{"start":{"line":41,"column":12},"end":{"line":41,"column":null}}],"line":39},"1":{"loc":{"start":{"line":47,"column":10},"end":{"line":47,"column":null}},"type":"cond-expr","locations":[{"start":{"line":47,"column":20},"end":{"line":47,"column":38}},{"start":{"line":47,"column":38},"end":{"line":47,"column":null}}],"line":47},"2":{"loc":{"start":{"line":72,"column":33},"end":{"line":72,"column":null}},"type":"cond-expr","locations":[{"start":{"line":72,"column":45},"end":{"line":72,"column":60}},{"start":{"line":72,"column":60},"end":{"line":72,"column":null}}],"line":72},"3":{"loc":{"start":{"line":74,"column":7},"end":{"line":74,"column":null}},"type":"cond-expr","locations":[{"start":{"line":74,"column":19},"end":{"line":74,"column":34}},{"start":{"line":74,"column":34},"end":{"line":74,"column":null}}],"line":74},"4":{"loc":{"start":{"line":88,"column":34},"end":{"line":88,"column":75}},"type":"default-arg","locations":[{"start":{"line":88,"column":44},"end":{"line":88,"column":75}}],"line":88},"5":{"loc":{"start":{"line":96,"column":2},"end":{"line":118,"column":null}},"type":"if","locations":[{"start":{"line":96,"column":2},"end":{"line":118,"column":null}},{"start":{},"end":{}}],"line":96},"6":{"loc":{"start":{"line":104,"column":11},"end":{"line":107,"column":null}},"type":"binary-expr","locations":[{"start":{"line":104,"column":11},"end":{"line":104,"column":null}},{"start":{"line":105,"column":12},"end":{"line":107,"column":null}}],"line":104},"7":{"loc":{"start":{"line":129,"column":13},"end":{"line":134,"column":null}},"type":"binary-expr","locations":[{"start":{"line":129,"column":13},"end":{"line":129,"column":null}},{"start":{"line":130,"column":14},"end":{"line":134,"column":null}}],"line":129},"8":{"loc":{"start":{"line":150,"column":7},"end":{"line":213,"column":null}},"type":"binary-expr","locations":[{"start":{"line":150,"column":7},"end":{"line":150,"column":null}},{"start":{"line":151,"column":8},"end":{"line":213,"column":null}}],"line":150},"9":{"loc":{"start":{"line":164,"column":16},"end":{"line":166,"column":null}},"type":"cond-expr","locations":[{"start":{"line":165,"column":20},"end":{"line":165,"column":null}},{"start":{"line":166,"column":20},"end":{"line":166,"column":null}}],"line":164},"10":{"loc":{"start":{"line":183,"column":16},"end":{"line":185,"column":null}},"type":"cond-expr","locations":[{"start":{"line":184,"column":20},"end":{"line":184,"column":null}},{"start":{"line":185,"column":20},"end":{"line":185,"column":null}}],"line":183}},"s":{"0":38,"1":75,"2":75,"3":38,"4":38,"5":6,"6":32,"7":0,"8":2,"9":320},"f":{"0":38,"1":75,"2":38,"3":0,"4":2,"5":320},"b":{"0":[17,21],"1":[17,21],"2":[51,24],"3":[51,24],"4":[38],"5":[6,32],"6":[6,2],"7":[32,15],"8":[38,15],"9":[12,3],"10":[3,12]},"meta":{"lastBranch":11,"lastFunction":6,"lastStatement":10,"seen":{"f:30:9:30:22":0,"s:31:2:50:Infinity":0,"b:40:12:40:Infinity:41:12:41:Infinity":0,"b:47:20:47:38:47:38:47:Infinity":1,"f:58:9:58:31":1,"s:59:20:59:Infinity":1,"s:60:2:75:Infinity":2,"b:72:45:72:60:72:60:72:Infinity":2,"b:74:19:74:34:74:34:74:Infinity":3,"f:88:16:88:32":2,"b:88:44:88:75":4,"s:94:6:94:19":3,"b:96:2:118:Infinity:undefined:undefined:undefined:undefined":5,"s:96:2:118:Infinity":4,"s:97:4:116:Infinity":5,"b:104:11:104:Infinity:105:12:107:Infinity":6,"s:120:2:243:Infinity":6,"b:129:13:129:Infinity:130:14:134:Infinity":7,"b:150:7:150:Infinity:151:8:213:Infinity":8,"f:162:14:162:29":3,"s:162:29:162:Infinity":7,"b:165:20:165:Infinity:166:20:166:Infinity":9,"f:181:14:181:29":4,"s:181:29:181:Infinity":8,"b:184:20:184:Infinity:185:20:185:Infinity":10,"f:233:12:233:17":5,"s:234:12:239:Infinity":9},"fnNames":{}}}
,"C:\\Users\\patel\\OpenSource\\GSSoC\\LegalEase\\src\\components\\ShareButton.tsx": {"path":"C:\\Users\\patel\\OpenSource\\GSSoC\\LegalEase\\src\\components\\ShareButton.tsx","statementMap":{"0":{"start":{"line":21,"column":21},"end":{"line":21,"column":null}},"1":{"start":{"line":23,"column":8},"end":{"line":26,"column":null}},"2":{"start":{"line":24,"column":4},"end":{"line":24,"column":null}},"3":{"start":{"line":25,"column":4},"end":{"line":25,"column":null}},"4":{"start":{"line":25,"column":21},"end":{"line":25,"column":null}},"5":{"start":{"line":28,"column":2},"end":{"line":57,"column":null}},"6":{"start":{"line":29,"column":4},"end":{"line":55,"column":null}},"7":{"start":{"line":60,"column":2},"end":{"line":83,"column":null}}},"fnMap":{"0":{"name":"ShareButton","decl":{"start":{"line":15,"column":16},"end":{"line":15,"column":28}},"loc":{"start":{"line":20,"column":21},"end":{"line":85,"column":null}},"line":20},"1":{"name":"(anonymous_1)","decl":{"start":{"line":23,"column":8},"end":{"line":23,"column":23}},"loc":{"start":{"line":23,"column":47},"end":{"line":26,"column":null}},"line":23}},"branchMap":{"0":{"loc":{"start":{"line":18,"column":2},"end":{"line":18,"column":null}},"type":"default-arg","locations":[{"start":{"line":18,"column":12},"end":{"line":18,"column":null}}],"line":18},"1":{"loc":{"start":{"line":19,"column":2},"end":{"line":19,"column":null}},"type":"default-arg","locations":[{"start":{"line":19,"column":14},"end":{"line":19,"column":null}}],"line":19},"2":{"loc":{"start":{"line":25,"column":4},"end":{"line":25,"column":null}},"type":"if","locations":[{"start":{"line":25,"column":4},"end":{"line":25,"column":null}},{"start":{},"end":{}}],"line":25},"3":{"loc":{"start":{"line":28,"column":2},"end":{"line":57,"column":null}},"type":"if","locations":[{"start":{"line":28,"column":2},"end":{"line":57,"column":null}},{"start":{},"end":{}}],"line":28},"4":{"loc":{"start":{"line":34,"column":15},"end":{"line":34,"column":null}},"type":"cond-expr","locations":[{"start":{"line":34,"column":28},"end":{"line":34,"column":59}},{"start":{"line":34,"column":59},"end":{"line":34,"column":null}}],"line":34},"5":{"loc":{"start":{"line":37,"column":12},"end":{"line":39,"column":null}},"type":"cond-expr","locations":[{"start":{"line":38,"column":14},"end":{"line":38,"column":null}},{"start":{"line":39,"column":14},"end":{"line":39,"column":null}}],"line":37},"6":{"loc":{"start":{"line":65,"column":13},"end":{"line":65,"column":null}},"type":"cond-expr","locations":[{"start":{"line":65,"column":26},"end":{"line":65,"column":57}},{"start":{"line":65,"column":57},"end":{"line":65,"column":null}}],"line":65},"7":{"loc":{"start":{"line":67,"column":10},"end":{"line":69,"column":null}},"type":"cond-expr","locations":[{"start":{"line":68,"column":12},"end":{"line":68,"column":null}},{"start":{"line":69,"column":12},"end":{"line":69,"column":null}}],"line":67}},"s":{"0":13,"1":13,"2":0,"3":0,"4":0,"5":13,"6":0,"7":13},"f":{"0":13,"1":0},"b":{"0":[13],"1":[13],"2":[0,0],"3":[0,13],"4":[0,0],"5":[0,0],"6":[0,13],"7":[0,13]},"meta":{"lastBranch":8,"lastFunction":2,"lastStatement":8,"seen":{"f:15:16:15:28":0,"b:18:12:18:Infinity":0,"b:19:14:19:Infinity":1,"s:21:21:21:Infinity":0,"s:23:8:26:Infinity":1,"f:23:8:23:23":1,"s:24:4:24:Infinity":2,"b:25:4:25:Infinity:undefined:undefined:undefined:undefined":2,"s:25:4:25:Infinity":3,"s:25:21:25:Infinity":4,"b:28:2:57:Infinity:undefined:undefined:undefined:undefined":3,"s:28:2:57:Infinity":5,"s:29:4:55:Infinity":6,"b:34:28:34:59:34:59:34:Infinity":4,"b:38:14:38:Infinity:39:14:39:Infinity":5,"s:60:2:83:Infinity":7,"b:65:26:65:57:65:57:65:Infinity":6,"b:68:12:68:Infinity:69:12:69:Infinity":7},"fnNames":{}}}
,"C:\\Users\\patel\\OpenSource\\GSSoC\\LegalEase\\src\\components\\SimplifyModal.tsx": {"path":"C:\\Users\\patel\\OpenSource\\GSSoC\\LegalEase\\src\\components\\SimplifyModal.tsx","statementMap":{"0":{"start":{"line":14,"column":24},"end":{"line":14,"column":33}},"1":{"start":{"line":15,"column":46},"end":{"line":15,"column":null}},"2":{"start":{"line":16,"column":32},"end":{"line":16,"column":null}},"3":{"start":{"line":17,"column":28},"end":{"line":17,"column":null}},"4":{"start":{"line":18,"column":30},"end":{"line":18,"column":null}},"5":{"start":{"line":19,"column":40},"end":{"line":19,"column":null}},"6":{"start":{"line":20,"column":36},"end":{"line":20,"column":null}},"7":{"start":{"line":22,"column":25},"end":{"line":22,"column":null}},"8":{"start":{"line":23,"column":19},"end":{"line":23,"column":null}},"9":{"start":{"line":26,"column":22},"end":{"line":29,"column":null}},"10":{"start":{"line":27,"column":4},"end":{"line":27,"column":null}},"11":{"start":{"line":28,"column":4},"end":{"line":28,"column":null}},"12":{"start":{"line":32,"column":2},"end":{"line":62,"column":null}},"13":{"start":{"line":33,"column":4},"end":{"line":33,"column":null}},"14":{"start":{"line":33,"column":21},"end":{"line":33,"column":null}},"15":{"start":{"line":35,"column":32},"end":{"line":59,"column":null}},"16":{"start":{"line":36,"column":6},"end":{"line":36,"column":null}},"17":{"start":{"line":37,"column":6},"end":{"line":37,"column":null}},"18":{"start":{"line":38,"column":6},"end":{"line":38,"column":null}},"19":{"start":{"line":41,"column":6},"end":{"line":41,"column":null}},"20":{"start":{"line":41,"column":34},"end":{"line":41,"column":52}},"21":{"start":{"line":43,"column":6},"end":{"line":58,"column":null}},"22":{"start":{"line":44,"column":21},"end":{"line":46,"column":null}},"23":{"start":{"line":48,"column":8},"end":{"line":50,"column":null}},"24":{"start":{"line":49,"column":10},"end":{"line":49,"column":null}},"25":{"start":{"line":52,"column":8},"end":{"line":52,"column":null}},"26":{"start":{"line":54,"column":8},"end":{"line":54,"column":null}},"27":{"start":{"line":55,"column":8},"end":{"line":55,"column":null}},"28":{"start":{"line":57,"column":8},"end":{"line":57,"column":null}},"29":{"start":{"line":61,"column":4},"end":{"line":61,"column":null}},"30":{"start":{"line":65,"column":2},"end":{"line":115,"column":null}},"31":{"start":{"line":66,"column":4},"end":{"line":66,"column":null}},"32":{"start":{"line":66,"column":21},"end":{"line":66,"column":null}},"33":{"start":{"line":69,"column":34},"end":{"line":69,"column":null}},"34":{"start":{"line":72,"column":4},"end":{"line":74,"column":null}},"35":{"start":{"line":73,"column":6},"end":{"line":73,"column":null}},"36":{"start":{"line":76,"column":10},"end":{"line":101,"column":null}},"37":{"start":{"line":77,"column":6},"end":{"line":79,"column":null}},"38":{"start":{"line":78,"column":8},"end":{"line":78,"column":null}},"39":{"start":{"line":82,"column":6},"end":{"line":100,"column":null}},"40":{"start":{"line":83,"column":34},"end":{"line":85,"column":null}},"41":{"start":{"line":86,"column":29},"end":{"line":86,"column":null}},"42":{"start":{"line":87,"column":28},"end":{"line":87,"column":null}},"43":{"start":{"line":89,"column":8},"end":{"line":99,"column":null}},"44":{"start":{"line":90,"column":10},"end":{"line":93,"column":null}},"45":{"start":{"line":91,"column":12},"end":{"line":91,"column":null}},"46":{"start":{"line":92,"column":12},"end":{"line":92,"column":null}},"47":{"start":{"line":95,"column":10},"end":{"line":98,"column":null}},"48":{"start":{"line":96,"column":12},"end":{"line":96,"column":null}},"49":{"start":{"line":97,"column":12},"end":{"line":97,"column":null}},"50":{"start":{"line":103,"column":4},"end":{"line":103,"column":null}},"51":{"start":{"line":106,"column":4},"end":{"line":106,"column":null}},"52":{"start":{"line":108,"column":4},"end":{"line":114,"column":null}},"53":{"start":{"line":109,"column":6},"end":{"line":109,"column":null}},"54":{"start":{"line":110,"column":6},"end":{"line":110,"column":null}},"55":{"start":{"line":111,"column":6},"end":{"line":113,"column":null}},"56":{"start":{"line":112,"column":8},"end":{"line":112,"column":null}},"57":{"start":{"line":117,"column":2},"end":{"line":117,"column":null}},"58":{"start":{"line":117,"column":19},"end":{"line":117,"column":null}},"59":{"start":{"line":119,"column":21},"end":{"line":129,"column":null}},"60":{"start":{"line":120,"column":4},"end":{"line":120,"column":null}},"61":{"start":{"line":120,"column":25},"end":{"line":120,"column":null}},"62":{"start":{"line":121,"column":4},"end":{"line":128,"column":null}},"63":{"start":{"line":122,"column":6},"end":{"line":122,"column":null}},"64":{"start":{"line":123,"column":6},"end":{"line":123,"column":null}},"65":{"start":{"line":124,"column":6},"end":{"line":124,"column":null}},"66":{"start":{"line":125,"column":6},"end":{"line":125,"column":null}},"67":{"start":{"line":125,"column":23},"end":{"line":125,"column":41}},"68":{"start":{"line":127,"column":6},"end":{"line":127,"column":null}},"69":{"start":{"line":131,"column":30},"end":{"line":160,"column":null}},"70":{"start":{"line":132,"column":4},"end":{"line":132,"column":null}},"71":{"start":{"line":132,"column":40},"end":{"line":132,"column":null}},"72":{"start":{"line":133,"column":4},"end":{"line":133,"column":null}},"73":{"start":{"line":134,"column":4},"end":{"line":134,"column":null}},"74":{"start":{"line":135,"column":4},"end":{"line":159,"column":null}},"75":{"start":{"line":136,"column":19},"end":{"line":139,"column":null}},"76":{"start":{"line":141,"column":20},"end":{"line":141,"column":null}},"77":{"start":{"line":142,"column":23},"end":{"line":142,"column":null}},"78":{"start":{"line":144,"column":18},"end":{"line":144,"column":null}},"79":{"start":{"line":145,"column":19},"end":{"line":145,"column":null}},"80":{"start":{"line":146,"column":6},"end":{"line":146,"column":null}},"81":{"start":{"line":147,"column":6},"end":{"line":147,"column":null}},"82":{"start":{"line":148,"column":6},"end":{"line":148,"column":null}},"83":{"start":{"line":149,"column":6},"end":{"line":149,"column":null}},"84":{"start":{"line":150,"column":6},"end":{"line":150,"column":null}},"85":{"start":{"line":151,"column":6},"end":{"line":151,"column":null}},"86":{"start":{"line":153,"column":6},"end":{"line":153,"column":null}},"87":{"start":{"line":155,"column":6},"end":{"line":155,"column":null}},"88":{"start":{"line":156,"column":6},"end":{"line":156,"column":null}},"89":{"start":{"line":158,"column":6},"end":{"line":158,"column":null}},"90":{"start":{"line":162,"column":2},"end":{"line":303,"column":null}}},"fnMap":{"0":{"name":"SimplifyModal","decl":{"start":{"line":13,"column":16},"end":{"line":13,"column":30}},"loc":{"start":{"line":13,"column":75},"end":{"line":304,"column":null}},"line":13},"1":{"name":"(anonymous_1)","decl":{"start":{"line":26,"column":22},"end":{"line":26,"column":40}},"loc":{"start":{"line":26,"column":40},"end":{"line":29,"column":5}},"line":26},"2":{"name":"(anonymous_2)","decl":{"start":{"line":32,"column":2},"end":{"line":32,"column":18}},"loc":{"start":{"lin
[...]
":17,"29":17,"30":743,"31":17,"32":17,"33":17,"34":17,"35":17,"36":17,"37":1,"38":16,"39":2,"40":14,"41":2,"42":12,"43":2,"44":10,"45":3,"46":7,"47":4,"48":17},"f":{"0":765,"1":21,"2":57},"b":{"0":[3,762],"1":[320,442],"2":[442,0],"3":[46,719],"4":[765,60,49],"5":[25,417],"6":[442,29,26],"7":[25,0],"8":[5,437],"9":[442,26,15,14,14,14,14,10],"10":[5,0],"11":[2,19],"12":[19,2],"13":[2,19],"14":[21,17],"15":[1,16],"16":[2,14],"17":[2,12],"18":[2,10],"19":[3,7],"20":[4,3]},"meta":{"lastBranch":21,"lastFunction":3,"lastStatement":49,"seen":{"f:15:16:15:31":0,"s:16:20:16:Infinity":0,"b:17:2:17:Infinity:undefined:undefined:undefined:undefined":0,"s:17:2:17:Infinity":1,"s:17:30:17:Infinity":2,"b:18:2:18:Infinity:undefined:undefined:undefined:undefined":1,"s:18:2:18:Infinity":3,"s:18:29:18:Infinity":4,"s:21:19:21:Infinity":5,"s:24:23:24:Infinity":6,"s:25:14:25:Infinity":7,"b:25:29:25:51:25:51:25:Infinity":2,"b:30:2:32:Infinity:undefined:undefined:undefined:undefined":3,"s:30:2:32:Infinity":8,"b:30:6:30:33:30:33:30:62:30:62:30:89":4,"s:31:4:31:Infinity":9,"b:35:2:37:Infinity:undefined:undefined:undefined:undefined":5,"s:35:2:37:Infinity":10,"b:35:6:35:34:35:34:35:64:35:64:35:92":6,"b:36:4:36:Infinity:undefined:undefined:undefined:undefined":7,"s:36:4:36:Infinity":11,"s:36:19:36:Infinity":12,"b:40:2:49:Infinity:undefined:undefined:undefined:undefined":8,"s:40:2:49:Infinity":13,"b:40:6:40:Infinity:41:6:41:Infinity:42:6:42:Infinity:43:6:43:Infinity:44:6:44:Infinity:45:6:45:Infinity:46:6:46:Infinity:47:6:47:34":9,"b:48:4:48:Infinity:undefined:undefined:undefined:undefined":10,"s:48:4:48:Infinity":14,"s:48:19:48:Infinity":15,"s:51:2:51:Infinity":16,"f:58:16:58:37":1,"s:59:18:59:Infinity":17,"b:60:2:62:Infinity:undefined:undefined:undefined:undefined":11,"s:60:2:62:Infinity":18,"s:61:4:61:Infinity":19,"s:68:24:70:Infinity":20,"s:72:20:72:Infinity":21,"f:72:59:72:66":2,"s:72:71:72:90":22,"s:73:24:73:Infinity":23,"s:76:16:76:Infinity":24,"b:76:16:76:67:76:67:76:Infinity":12,"s:77:20:77:Infinity":25,"b:79:2:81:Infinity:undefined:undefined:undefined:undefined":13,"s:79:2:81:Infinity":26,"b:79:6:79:25:79:25:79:46":14,"s:80:4:80:Infinity":27,"s:84:22:84:Infinity":28,"s:85:2:87:Infinity":29,"s:86:4:86:Infinity":30,"s:91:25:91:Infinity":31,"s:93:22:93:Infinity":32,"s:97:24:97:Infinity":33,"s:99:21:99:Infinity":34,"s:109:19:109:Infinity":35,"b:110:2:122:Infinity:112:9:122:Infinity":15,"s:110:2:122:Infinity":36,"s:111:4:111:Infinity":37,"b:112:9:122:Infinity:114:9:122:Infinity":16,"s:112:9:122:Infinity":38,"s:113:4:113:Infinity":39,"b:114:9:122:Infinity:116:9:122:Infinity":17,"s:114:9:122:Infinity":40,"s:115:4:115:Infinity":41,"b:116:9:122:Infinity:118:9:122:Infinity":18,"s:116:9:122:Infinity":42,"s:117:4:117:Infinity":43,"b:118:9:122:Infinity:120:9:122:Infinity":19,"s:118:9:122:Infinity":44,"s:119:4:119:Infinity":45,"b:120:9:122:Infinity:undefined:undefined:undefined:undefined":20,"s:120:9:122:Infinity":46,"s:121:4:121:Infinity":47,"s:124:2:128:Infinity":48},"fnNames":{}}}
,"C:\\Users\\patel\\OpenSource\\GSSoC\\LegalEase\\src\\utils\\redaction.ts": {"path":"C:\\Users\\patel\\OpenSource\\GSSoC\\LegalEase\\src\\utils\\redaction.ts","statementMap":{"0":{"start":{"line":33,"column":42},"end":{"line":98,"column":null}},"1":{"start":{"line":105,"column":12},"end":{"line":105,"column":null}},"2":{"start":{"line":105,"column":38},"end":{"line":105,"column":60}},"3":{"start":{"line":106,"column":2},"end":{"line":106,"column":null}},"4":{"start":{"line":106,"column":10},"end":{"line":106,"column":null}},"5":{"start":{"line":107,"column":2},"end":{"line":107,"column":null}},"6":{"start":{"line":108,"column":2},"end":{"line":108,"column":null}},"7":{"start":{"line":112,"column":12},"end":{"line":112,"column":null}},"8":{"start":{"line":112,"column":38},"end":{"line":112,"column":60}},"9":{"start":{"line":113,"column":2},"end":{"line":113,"column":null}},"10":{"start":{"line":113,"column":10},"end":{"line":113,"column":null}},"11":{"start":{"line":114,"column":2},"end":{"line":114,"column":null}},"12":{"start":{"line":115,"column":2},"end":{"line":115,"column":null}},"13":{"start":{"line":119,"column":12},"end":{"line":119,"column":null}},"14":{"start":{"line":119,"column":38},"end":{"line":119,"column":58}},"15":{"start":{"line":120,"column":2},"end":{"line":120,"column":null}},"16":{"start":{"line":120,"column":10},"end":{"line":120,"column":null}},"17":{"start":{"line":121,"column":2},"end":{"line":121,"column":null}},"18":{"start":{"line":122,"column":2},"end":{"line":122,"column":null}},"19":{"start":{"line":126,"column":12},"end":{"line":126,"column":null}},"20":{"start":{"line":126,"column":38},"end":{"line":126,"column":62}},"21":{"start":{"line":127,"column":2},"end":{"line":127,"column":null}},"22":{"start":{"line":127,"column":10},"end":{"line":127,"column":null}},"23":{"start":{"line":128,"column":2},"end":{"line":128,"column":null}},"24":{"start":{"line":129,"column":2},"end":{"line":129,"column":null}},"25":{"start":{"line":133,"column":12},"end":{"line":133,"column":null}},"26":{"start":{"line":133,"column":38},"end":{"line":133,"column":58}},"27":{"start":{"line":134,"column":2},"end":{"line":134,"column":null}},"28":{"start":{"line":134,"column":10},"end":{"line":134,"column":null}},"29":{"start":{"line":135,"column":2},"end":{"line":135,"column":null}},"30":{"start":{"line":136,"column":2},"end":{"line":136,"column":null}},"31":{"start":{"line":143,"column":22},"end":{"line":143,"column":null}},"32":{"start":{"line":144,"column":20},"end":{"line":144,"column":null}},"33":{"start":{"line":150,"column":2},"end":{"line":150,"column":null}},"34":{"start":{"line":150,"column":25},"end":{"line":150,"column":null}},"35":{"start":{"line":151,"column":2},"end":{"line":151,"column":null}},"36":{"start":{"line":151,"column":36},"end":{"line":151,"column":null}},"37":{"start":{"line":152,"column":2},"end":{"line":152,"column":null}},"38":{"start":{"line":175,"column":2},"end":{"line":175,"column":null}},"39":{"start":{"line":175,"column":41},"end":{"line":175,"column":null}},"40":{"start":{"line":177,"column":15},"end":{"line":177,"column":null}},"41":{"start":{"line":179,"column":2},"end":{"line":186,"column":null}},"42":{"start":{"line":181,"column":4},"end":{"line":181,"column":null}},"43":{"start":{"line":182,"column":18},"end":{"line":184,"column":null}},"44":{"start":{"line":185,"column":4},"end":{"line":185,"column":null}},"45":{"start":{"line":188,"column":2},"end":{"line":188,"column":null}},"46":{"start":{"line":209,"column":2},"end":{"line":209,"column":null}},"47":{"start":{"line":209,"column":41},"end":{"line":209,"column":null}},"48":{"start":{"line":211,"column":30},"end":{"line":211,"column":null}},"49":{"start":{"line":213,"column":2},"end":{"line":221,"column":null}},"50":{"start":{"line":214,"column":4},"end":{"line":214,"column":null}},"51":{"start":{"line":217,"column":19},"end":{"line":217,"column":null}},"52":{"start":{"line":218,"column":4},"end":{"line":220,"column":null}},"53":{"start":{"line":219,"column":6},"end":{"line":219,"column":null}},"54":{"start":{"line":224,"column":2},"end":{"line":224,"column":null}},"55":{"start":{"line":224,"column":32},"end":{"line":224,"column":49}},"56":{"start":{"line":241,"column":2},"end":{"line":243,"column":null}},"57":{"start":{"line":242,"column":4},"end":{"line":242,"column":null}},"58":{"start":{"line":245,"column":18},"end":{"line":245,"column":null}},"59":{"start":{"line":246,"column":23},"end":{"line":246,"column":null}},"60":{"start":{"line":248,"column":47},"end":{"line":248,"column":null}},"61":{"start":{"line":249,"column":2},"end":{"line":251,"column":null}},"62":{"start":{"line":250,"column":4},"end":{"line":250,"column":null}},"63":{"start":{"line":253,"column":2},"end":{"line":258,"column":null}}},"fnMap":{"0":{"name":"isEmail","decl":{"start":{"line":104,"column":16},"end":{"line":104,"column":24}},"loc":{"start":{"line":104,"column":47},"end":{"line":109,"column":null}},"line":104},"1":{"name":"(anonymous_1)","decl":{"start":{"line":105,"column":25},"end":{"line":105,"column":30}},"loc":{"start":{"line":105,"column":38},"end":{"line":105,"column":60}},"line":105},"2":{"name":"isPhone","decl":{"start":{"line":111,"column":16},"end":{"line":111,"column":24}},"loc":{"start":{"line":111,"column":47},"end":{"line":116,"column":null}},"line":111},"3":{"name":"(anonymous_3)","decl":{"start":{"line":112,"column":25},"end":{"line":112,"column":30}},"loc":{"start":{"line":112,"column":38},"end":{"line":112,"column":60}},"line":112},"4":{"name":"isSSN","decl":{"start":{"line":118,"column":16},"end":{"line":118,"column":22}},"loc":{"start":{"line":118,"column":45},"end":{"line":123,"column":null}},"line":118},"5":{"name":"(anonymous_5)","decl":{"start":{"line":119,"column":25},"end":{"line":119,"column":30}},"loc":{"start":{"line":119,"column":38},"end":{"line":119,"column":58}},"line":119},"6":{"name":"isAadhaar","decl":{"start":{"line":125,"column":16},"end":{"line":125,"column":26}},"loc":{"start":{"line":125,"column":49},"end":{"line":130,"column":null}},"line":125},"7":{"name":"(anonymous_7)","decl":{"start":{"line":126,"column":25},"end":{"line":126,"column":30}},"loc":{"start":{"line":126,"column":38},"end":{"line":126,"column":62}},"line":126},"8":{"name":"isPAN","decl":{"start":{"line":132,"column":16},"end":{"line":132,"column":22}},"loc":{"start":{"line":132,"column":45},"end":{"line":137,"column":null}},"line":132},"9":{"name":"(anonymous_9)","decl":{"start":{"line":133,"column":25},"end":{"line":133,"column":30}},"loc":{"start":{"line":133,"column":38},"end":{"line":133,"column":58}},"line":133},"10":{"name":"getRedactionToken","decl":{"start":{"line":149,"column":16},"end":{"line":149,"column":34}},"loc":{"start":{"line":149,"column":93},"end":{"line":153,"column":null}},"line":149},"11":{"name":"redact","decl":{"start":{"line":169,"column":16},"end":{"line":169,"column":null}},"loc":{"start":{"line":174,"column":10},"end":{"line":189,"column":null}},"line":174},"12":{"name":"findPiiMatches","decl":{"start":{"line":205,"column":16},"end":{"line":205,"column":null}},"loc":{"start":{"line":208,"column":14},"end":{"line":225,"column":null}},"line":208},"13":{"name":"(anonymous_13)","decl":{"start":{"line":224,"column":17},"end":{"line":224,"column":23}},"loc":{"start":{"line":224,"column":32},"end":{"line":224,"column":49}},"line":224},"14":{"name":"redactWithFeedback","decl":{"start":{"line":231,"column":16},"end":{"line":231,"column":null}},"loc":{"start":{"line":240,"column":2},"end":{"line":259,"column":null}},"line":240},"15":{"name":"(anonymous_15)","decl":{"start":{"line":249,"column":10},"end":{"line":249,"column":18}},"loc":{"start":{"line":249,"column":23},"end":{"line":251,"column":3}},"line":249}},"branchMap":{"0":{"loc":{"start":{"line":106,"column":2},"end":{"line":106,"column":null}},"type":"if","locations":[{"start":{"line":106,"column":2},"end":{"line":106,"column":null}},{"start":{},"end":{}}],"line":106},"1":{"loc":{"start":{"line":113,"column":2},"end":{"line":113,"column":null}},"type":"if","locations":[{"start":{"line":113,"column":2},"end":{"line":113,"column":null}},{"start":{},"end":{}}],"line":113},"2":{"loc":{"start":{"line":120,"column":2},"end":{"line":120,"column":null}},"type":"if","locations":[{"start":{"line":120,"column":2},"end":{"line":120,"column":null}},{"start":{},"end":{}}],"line":120},"3":{"loc":{"start":{"line":127,"column":2},"end":{"line":127,"column":null}},"type":"if","locations":[{"start":{"line":127,"column":2},"end":{"line":127,"column":null}},{"start":{},"end":{}}],"line":127},"4":{"loc":{"start":{"line":134,"column":2},"end":{"line":134,"column":null}},"type":"if","locations":[{"start":{"line":134,"column":2},"end":{"line":134,"column":null}},{"start":{},"end":{}}],"line":134},"5":{"loc":{"start":{"line":149,"column":34},"end":{"line":149,"column":69}},"type":"default-arg","locations":[{"start":{"line":149,"column":58},"end":{"line":149,"column":69}}],"line":149},"6":{"loc":{"start":{"line":150,"column":2},"end":{"line":150,"column":null}},"type":"if","locations":[{"start":{"line":150,"column":2},"end":{"line":150,"column":null}},{"start":{},"end":{}}],"line":150},"7":{"loc":{"start":{"line":151,"column":2},"end":{"line":151,"column":null}},"type":"if","locations":[{"start":{"line":151,"column":2},"end":{"line":151,"column":null}},{"start":{},"end":{}}],"line":151},"8":{"loc":{"start":{"line":151,"column":6},"end":{"line":151,"column":36}},"type":"binary-expr","locations":[{"start":{"line":151,"column":6},"end":{"line":151,"column":29}},{"start":{"line":151,"column":29},"end":{"line":151,"column":36}}],"line":151},"9":{"loc":{"start":{"line":171,"column":2},"end":{"line":171,"column":null}},"type":"default-arg","locations":[{"start":{"line":171,"column":26},"end":{"line":171,"column":null}}],"line":171},"10":{"loc":{"start":{"line":172,"column":2},"end":{"line":172,"column":null}},"type":"default-arg","locations":[{"start":{"line":172,"column":27},"end":{"line":172,"column":null}}],"line":172},"11":{"loc":{"start":{"line":173,"column":2},"end":{"line":173,"column":null}},"type":"default-arg","locations":[{"start":{"line":173,"column":27},"end":{"line":173,"column":null}}],"line":173},"12":{"loc":{"start":{"line":175,"column":2},"end":{"line":175,"column":null}},"type":"if","locations":[{"start":{"line":175,"column":2},"end":{"line":175,"column":null}},{"start":{},"end":{}}],"line":175},"13":{"loc":{"start":{"line":175,"column":6},"end":{"line":175,"column":41}},"type":"binary-expr","locations":[{"start":{"line":175,"column":6},"end":{"line":175,"column":15}},{"start":{"line":175,"column":15},"end":{"line":175,"column":41}}],"line":175},"14":{"loc":{"start":{"line":182,"column":18},"end":{"line":184,"column":null}},"type":"cond-expr","locations":[{"start":{"line":183,"column":8},"end":{"line":183,"column":null}},{"start":{"line":184,"column":8},"end":{"line":184,"column":null}}],"line":182},"15":{"loc":{"start":{"line":182,"column":18},"end":{"line":182,"column":null}},"type":"binary-expr","locations":[{"start":{"line":182,"column":18},"end":{"line":182,"column":44}},{"start":{"line":182,"column":44},"end":{"line":182,"column":null}}],"line":182},"16":{"loc":{"start":{"line":207,"column":2},"end":{"line":207,"column":null}},"type":"default-arg","locations":[{"start":{"line":207,"column":27},"end":{"line":207,"column":null}}],"line":207},"17":{"loc":{"start":{"line":209,"column":2},"end":{"line":209,"column":null}},"type":"if","locations":[{"start":{"line":209,"column":2},"end":{"line":209,"column":null}},{"start":{},"end":{}}],"line":209},"18":{"loc":{"start":{"line":209,"column":6},"end":{"line":209,"column":41}},"type":"binary-expr","locations":[{"start":{"line":209,"column":6},"end":{"line":209,"column":15}},{"start":{"line":209,"column":15},"end":{"line":209,"column":41}}],"line":209},"19":{"loc":{"start":{"line":233,"column":2},"end":{"line":233,"column":null}},"type":"default-arg","locations":[{"start":{"line":233,"column":26},"end":{"line":233,"column":null}}],"line":233},"20":{"loc":{"start":{"line":234,"column":2},"end":{"line":234,"column":null}},"type":"default-arg","locations":[{"start":{"line":234,"column":27},"end":{"line":234,"column":null}}],"line":234},"21":{"loc":{"start":{"line":241,"column":2},"end":{"line":243,"column":null}},"type":"if","locations":[{"start":{"line":241,"column":2},"end":{"line":243,"column":null}},{"start":{},"end":{}}],"line":241},"22":{"loc":{"start":{"line":241,"column":6},"end":{"line":241,"column":41}},"type":"binary-expr","locations":[{"start":{"line":241,"column":6},"end":{"line":241,"column":15}},{"start":{"line":241,"column":15},"end":{"line":241,"column":41}}],"line":241},"23":{"loc":{"start":{"line":250,"column":29},"end":{"line":250,"column":59}},"type":"binary-expr","locations":[{"start":{"line":250,"column":29},"end":{"line":250,"column":54}},{"start":{"line":250,"column":54},"end":{"line":250,"column":59}}],"line":250}},"s":{"0":6,"1":2,"2":12,"3":2,"4":0,"5":2,"6":2,"7":3,"8":21,"9":3,"10":0,"11":3,"12":3,"13":2,"14":6,"15":2,"16":0,"17":2,"18":2,"19":2,"20":8,"21":2,"22":0,"23":2,"24":2,"25":2,"26":10,"27":2,"28":0,"29":2,"30":2,"31":6,"32":6,"33":305,"34":11,"35":294,"36":0,"37":294,"38":37,"39":3,"40":34,"41":34,"42":322,"43":322,"44":322,"45":34,"46":6,"47":1,"48":5,"49":5,"50":50,"51":50,"52":50,"53":11,"54":5,"55":11,"56":5,"57":4,"58":1,"59":1,"60":1,"61":1,"62":3,"63":1},"f":{"0":2,"1":12,"2":3,"3":21,"4":2,"5":6,"6":2,"7":8,"8":2,"9":10,"10":305,"11":37,"12":6,"13":11,"14":5,"15":3},"b":{"0":[0,2],"1":[0,3],"2":[0,2],"3":[0,2],"4":[0,2],"5":[305],"6":[11,294],"7":[0,294],"8":[294,0],"9":[37],"10":[37],"11":[37],"12":[3,34],"13":[37,34],"14":[20,302],"15":[322,312],"16":[6],"17":[1,5],"18":[6,5],"19":[5],"20":[5],"21":[4,1],"22":[5,1],"23":[3,2]},"meta":{"lastBranch":24,"lastFunction":16,"lastStatement":64,"seen":{"s:33:42:98:Infinity":0,"f:104:16:104:24":0,"s:105:12:105:Infinity":1,"f:105:25:105:30":1,"s:105:38:105:60":2,"b:106:2:106:Infinity:undefined:undefined:undefined:undefined":0,"s:106:2:106:Infinity":3,"s:106:10:106:Infinity":4,"s:107:2:107:Infinity":5,"s:108:2:108:Infinity":6,"f:111:16:111:24":2,"s:112:12:112:Infinity":7,"f:112:25:112:30":3,"s:112:38:112:60":8,"b:113:2:113:Infinity:undefined:undefined:undefined:undefined":1,"s:113:2:113:Infinity":9,"s:113:10:113:Infinity":10,"s:114:2:114:Infinity":11,"s:115:2:115:Infinity":12,"f:118:16:118:22":4,"s:119:12:119:Infinity":13,"f:119:25:119:30":5,"s:119:38:119:58":14,"b:120:2:120:Infinity:undefined:undefined:undefined:undefined":2,"s:120:2:120:Infinity":15,"s:120:10:120:Infinity":16,"s:121:2:121:Infinity":17,"s:122:2:122:Infinity":18,"f:125:16:125:26":6,"s:126:12:126:Infinity":19,"f:126:25:126:30":7,"s:126:38:126:62":20,"b:127:2:127:Infinity:undefined:undefined:undefined:undefined":3,"s:127:2:127:Infinity":21,"s:127:10:127:Infinity":22,"s:128:2:128:Infinity":23,"s:129:2:129:Infinity":24,"f:132:16:132:22":8,"s:133:12:133:Infinity":25,"f:133:25:133:30":9,"s:133:38:133:58":26,"b:134:2:134:Infinity:undefined:undefined:undefined:undefined":4,"s:134:2:134:Infinity":27,"s:134:10:134:Infinity":28,"s:135:2:135:Infinity":29,"s:136:2:136:Infinity":30,"s:143:22:143:Infinity":31,"s:144:20:144:Infinity":32,"f:149:16:149:34":10,"b:149:58:149:69":5,"b:150:2:150:Infinity:undefined:undefined:undefined:undefined":6,"s:150:2:150:Infinity":33,"s:150:25:150:Infinity":34,"b:151:2:151:Infinity:undefined:undefined:undefined:undefined":7,"s:151:2:151:Infinity":35,"b:151:6:151:29:151:29:151:36":8,"s:151:36:151:Infinity":36,"s:152:2:152:Infinity":37,"f:169:16:169:Infinity":11,"b:171:26:171:Infinity":9,"b:172:27:172:Infinity":10,"b:173:27:173:Infinity":11,"b:175:2:175:Infinity:undefined:undefined:undefined:undefined":12,"s:175:2:175:Infinity":38,"b:175:6:175:15:175:15:175:41":13,"s:175:41:175:Infinity":39,"s:177:15:177:Infinity":40,"s:179:2:186:Infinity":41,"s:181:4:181:Infinity":42,"s:182:18:184:Infinity":43,"b:183:8:183:Infinity:184:8:184:Infinity":14,"b:182:18:182:44:182:44:182:Infinity":15,"s:185:4:185:Infinity":44,"s:188:2:188:Infinity":45,"f:205:16:205:Infinity":12,"b:207:27:207:Infinity":16,"b:209:2:209:Infinity:undefined:undefined:undefined:undefined":17,"s:209:2:209:Infinity":46,"b:209:6:209:15:209:15:209:41":18,"s:209:41:209:Infinity":47,"s:211:30:211:Infinity":48,"s:213:2:221:Infinity":49,"s:214:4:214:Infinity":50,"s:217:19:217:Infinity":51,"s:218:4:220:Infinity":52,"s:219:6:219:Infinity":53,"s:224:2:224:Infinity":54,"f:224:17:224:23":13,"s:224:32:224:49":55,"f:231:16:231:Infinity":14,"b:233:26:233:Infinity":19,"b:234:27:234:Infinity":20,"b:241:2:243:Infinity:undefined:undefined:undefined:undefined":21,"s:241:2:243:Infinity":56,"b:241:6:241:15:241:15:241:41":22,"s:242:4:242:Infinity":57,"s:245:18:245:Infinity":58,"s:246:23:246:Infinity":59,"s:248:47:248:Infinity":60,"s:249:2:251:Infinity":61,"f:249:10:249:18":15,"s:250:4:250:Infinity":62,"b:250:29:250:54:250:54:250:59":23,"s:253:2:258:Infinity":63},"fnNames":{}}}
}
