{"C:\\Users\\HP\\Downloads\\LegalEase\\LegalEase\\src\\components\\ClauseAnalysisSection.tsx": {"path":"C:\\Users\\HP\\Downloads\\LegalEase\\LegalEase\\src\\components\\ClauseAnalysisSection.tsx","statementMap":{"0":{"start":{"line":16,"column":8},"end":{"line":16,"column":null}},"1":{"start":{"line":17,"column":8},"end":{"line":17,"column":null}},"2":{"start":{"line":19,"column":20},"end":{"line":19,"column":null}},"3":{"start":{"line":20,"column":17},"end":{"line":20,"column":null}},"4":{"start":{"line":21,"column":16},"end":{"line":21,"column":null}},"5":{"start":{"line":22,"column":21},"end":{"line":26,"column":null}},"6":{"start":{"line":28,"column":2},"end":{"line":57,"column":null}},"7":{"start":{"line":48,"column":27},"end":{"line":48,"column":null}},"8":{"start":{"line":62,"column":42},"end":{"line":62,"column":null}},"9":{"start":{"line":64,"column":2},"end":{"line":66,"column":null}},"10":{"start":{"line":65,"column":4},"end":{"line":65,"column":null}},"11":{"start":{"line":68,"column":2},"end":{"line":85,"column":null}},"12":{"start":{"line":75,"column":10},"end":{"line":75,"column":null}},"13":{"start":{"line":82,"column":25},"end":{"line":82,"column":null}}},"fnMap":{"0":{"name":"ClauseCard","decl":{"start":{"line":15,"column":9},"end":{"line":15,"column":20}},"loc":{"start":{"line":15,"column":104},"end":{"line":59,"column":null}},"line":15},"1":{"name":"(anonymous_1)","decl":{"start":{"line":48,"column":21},"end":{"line":48,"column":27}},"loc":{"start":{"line":48,"column":27},"end":{"line":48,"column":null}},"line":48},"2":{"name":"ClauseAnalysisSection","decl":{"start":{"line":61,"column":16},"end":{"line":61,"column":38}},"loc":{"start":{"line":61,"column":79},"end":{"line":87,"column":null}},"line":61},"3":{"name":"(anonymous_3)","decl":{"start":{"line":74,"column":21},"end":{"line":74,"column":22}},"loc":{"start":{"line":75,"column":10},"end":{"line":75,"column":null}},"line":75},"4":{"name":"(anonymous_4)","decl":{"start":{"line":82,"column":19},"end":{"line":82,"column":25}},"loc":{"start":{"line":82,"column":25},"end":{"line":82,"column":null}},"line":82}},"branchMap":{"0":{"loc":{"start":{"line":22,"column":21},"end":{"line":26,"column":null}},"type":"cond-expr","locations":[{"start":{"line":23,"column":6},"end":{"line":23,"column":null}},{"start":{"line":24,"column":6},"end":{"line":26,"column":null}}],"line":22},"1":{"loc":{"start":{"line":24,"column":6},"end":{"line":26,"column":null}},"type":"cond-expr","locations":[{"start":{"line":25,"column":6},"end":{"line":25,"column":null}},{"start":{"line":26,"column":6},"end":{"line":26,"column":null}}],"line":24},"2":{"loc":{"start":{"line":42,"column":7},"end":{"line":55,"column":null}},"type":"binary-expr","locations":[{"start":{"line":42,"column":7},"end":{"line":42,"column":null}},{"start":{"line":43,"column":8},"end":{"line":55,"column":null}}],"line":42},"3":{"loc":{"start":{"line":64,"column":2},"end":{"line":66,"column":null}},"type":"if","locations":[{"start":{"line":64,"column":2},"end":{"line":66,"column":null}},{"start":{},"end":{}}],"line":64},"4":{"loc":{"start":{"line":64,"column":6},"end":{"line":64,"column":40}},"type":"binary-expr","locations":[{"start":{"line":64,"column":6},"end":{"line":64,"column":18}},{"start":{"line":64,"column":18},"end":{"line":64,"column":40}}],"line":64},"5":{"loc":{"start":{"line":79,"column":7},"end":{"line":83,"column":null}},"type":"binary-expr","locations":[{"start":{"line":79,"column":7},"end":{"line":79,"column":null}},{"start":{"line":80,"column":8},"end":{"line":83,"column":null}}],"line":79}},"s":{"0":23,"1":23,"2":23,"3":23,"4":23,"5":23,"6":23,"7":0,"8":10,"9":10,"10":2,"11":8,"12":23,"13":0},"f":{"0":23,"1":0,"2":10,"3":23,"4":0},"b":{"0":[8,15],"1":[7,8],"2":[23,23],"3":[2,8],"4":[10,9],"5":[8,0]},"meta":{"lastBranch":6,"lastFunction":5,"lastStatement":14,"seen":{"f:15:9:15:20":0,"s:16:8:16:Infinity":0,"s:17:8:17:Infinity":1,"s:19:20:19:Infinity":2,"s:20:17:20:Infinity":3,"s:21:16:21:Infinity":4,"s:22:21:26:Infinity":5,"b:23:6:23:Infinity:24:6:26:Infinity":0,"b:25:6:25:Infinity:26:6:26:Infinity":1,"s:28:2:57:Infinity":6,"b:42:7:42:Infinity:43:8:55:Infinity":2,"f:48:21:48:27":1,"s:48:27:48:Infinity":7,"f:61:16:61:38":2,"s:62:42:62:Infinity":8,"b:64:2:66:Infinity:undefined:undefined:undefined:undefined":3,"s:64:2:66:Infinity":9,"b:64:6:64:18:64:18:64:40":4,"s:65:4:65:Infinity":10,"s:68:2:85:Infinity":11,"f:74:21:74:22":3,"s:75:10:75:Infinity":12,"b:79:7:79:Infinity:80:8:83:Infinity":5,"f:82:19:82:25":4,"s:82:25:82:Infinity":13},"fnNames":{}}}
,"C:\\Users\\HP\\Downloads\\LegalEase\\LegalEase\\src\\components\\DocumentCompareSelector.tsx": {"path":"C:\\Users\\HP\\Downloads\\LegalEase\\LegalEase\\src\\components\\DocumentCompareSelector.tsx","statementMap":{"0":{"start":{"line":42,"column":16},"end":{"line":42,"column":null}},"1":{"start":{"line":43,"column":21},"end":{"line":43,"column":null}},"2":{"start":{"line":46,"column":23},"end":{"line":48,"column":null}},"3":{"start":{"line":47,"column":15},"end":{"line":47,"column":50}},"4":{"start":{"line":47,"column":38},"end":{"line":47,"column":49}},"5":{"start":{"line":48,"column":34},"end":{"line":48,"column":49}},"6":{"start":{"line":50,"column":2},"end":{"line":50,"column":null}},"7":{"start":{"line":50,"column":19},"end":{"line":50,"column":null}},"8":{"start":{"line":52,"column":2},"end":{"line":139,"column":null}},"9":{"start":{"line":79,"column":14},"end":{"line":93,"column":null}},"10":{"start":{"line":87,"column":33},"end":{"line":87,"column":null}},"11":{"start":{"line":118,"column":27},"end":{"line":118,"column":null}}},"fnMap":{"0":{"name":"DocumentCompareSelector","decl":{"start":{"line":35,"column":16},"end":{"line":35,"column":40}},"loc":{"start":{"line":41,"column":33},"end":{"line":141,"column":null}},"line":41},"1":{"name":"(anonymous_1)","decl":{"start":{"line":47,"column":9},"end":{"line":47,"column":15}},"loc":{"start":{"line":47,"column":15},"end":{"line":47,"column":50}},"line":47},"2":{"name":"(anonymous_2)","decl":{"start":{"line":47,"column":33},"end":{"line":47,"column":38}},"loc":{"start":{"line":47,"column":38},"end":{"line":47,"column":49}},"line":47},"3":{"name":"(anonymous_3)","decl":{"start":{"line":48,"column":12},"end":{"line":48,"column":13}},"loc":{"start":{"line":48,"column":34},"end":{"line":48,"column":49}},"line":48},"4":{"name":"(anonymous_4)","decl":{"start":{"line":78,"column":30},"end":{"line":78,"column":null}},"loc":{"start":{"line":79,"column":14},"end":{"line":93,"column":null}},"line":79},"5":{"name":"(anonymous_5)","decl":{"start":{"line":87,"column":27},"end":{"line":87,"column":33}},"loc":{"start":{"line":87,"column":33},"end":{"line":87,"column":null}},"line":87},"6":{"name":"(anonymous_6)","decl":{"start":{"line":118,"column":21},"end":{"line":118,"column":27}},"loc":{"start":{"line":118,"column":27},"end":{"line":118,"column":null}},"line":118}},"branchMap":{"0":{"loc":{"start":{"line":50,"column":2},"end":{"line":50,"column":null}},"type":"if","locations":[{"start":{"line":50,"column":2},"end":{"line":50,"column":null}},{"start":{},"end":{}}],"line":50},"1":{"loc":{"start":{"line":67,"column":14},"end":{"line":69,"column":null}},"type":"cond-expr","locations":[{"start":{"line":68,"column":18},"end":{"line":68,"column":null}},{"start":{"line":69,"column":18},"end":{"line":69,"column":null}}],"line":67},"2":{"loc":{"start":{"line":98,"column":11},"end":{"line":101,"column":null}},"type":"binary-expr","locations":[{"start":{"line":98,"column":11},"end":{"line":98,"column":null}},{"start":{"line":99,"column":12},"end":{"line":101,"column":null}}],"line":98},"3":{"loc":{"start":{"line":122,"column":25},"end":{"line":124,"column":null}},"type":"cond-expr","locations":[{"start":{"line":123,"column":29},"end":{"line":123,"column":null}},{"start":{"line":124,"column":29},"end":{"line":124,"column":null}}],"line":122},"4":{"loc":{"start":{"line":128,"column":14},"end":{"line":130,"column":null}},"type":"cond-expr","locations":[{"start":{"line":129,"column":18},"end":{"line":129,"column":null}},{"start":{"line":130,"column":18},"end":{"line":130,"column":null}}],"line":128}},"s":{"0":33,"1":33,"2":33,"3":36,"4":58,"5":36,"6":33,"7":14,"8":19,"9":35,"10":2,"11":2},"f":{"0":33,"1":36,"2":58,"3":36,"4":35,"5":2,"6":2},"b":{"0":[14,19],"1":[13,6],"2":[33,6],"3":[13,6],"4":[13,6]},"meta":{"lastBranch":5,"lastFunction":7,"lastStatement":12,"seen":{"f:35:16:35:40":0,"s:42:16:42:Infinity":0,"s:43:21:43:Infinity":1,"s:46:23:48:Infinity":2,"f:47:9:47:15":1,"s:47:15:47:50":3,"f:47:33:47:38":2,"s:47:38:47:49":4,"f:48:12:48:13":3,"s:48:34:48:49":5,"b:50:2:50:Infinity:undefined:undefined:undefined:undefined":0,"s:50:2:50:Infinity":6,"s:50:19:50:Infinity":7,"s:52:2:139:Infinity":8,"b:68:18:68:Infinity:69:18:69:Infinity":1,"f:78:30:78:Infinity":4,"s:79:14:93:Infinity":9,"f:87:27:87:33":5,"s:87:33:87:Infinity":10,"b:98:11:98:Infinity:99:12:101:Infinity":2,"f:118:21:118:27":6,"s:118:27:118:Infinity":11,"b:123:29:123:Infinity:124:29:124:Infinity":3,"b:129:18:129:Infinity:130:18:130:Infinity":4},"fnNames":{}}}
,"C:\\Users\\HP\\Downloads\\LegalEase\\LegalEase\\src\\components\\Footer.tsx": {"path":"C:\\Users\\HP\\Downloads\\LegalEase\\LegalEase\\src\\components\\Footer.tsx","statementMap":{"0":{"start":{"line":3,"column":18},"end":{"line":8,"column":null}},"1":{"start":{"line":4,"column":2},"end":{"line":8,"column":null}},"2":{"start":{"line":10,"column":25},"end":{"line":16,"column":null}},"3":{"start":{"line":11,"column":2},"end":{"line":16,"column":null}},"4":{"start":{"line":20,"column":2},"end":{"line":97,"column":null}},"5":{"start":{"line":77,"column":32},"end":{"line":77,"column":52}},"6":{"start":{"line":86,"column":32},"end":{"line":86,"column":52}}},"fnMap":{"0":{"name":"(anonymous_0)","decl":{"start":{"line":3,"column":18},"end":{"line":3,"column":19}},"loc":{"start":{"line":4,"column":2},"end":{"line":8,"column":null}},"line":4},"1":{"name":"(anonymous_1)","decl":{"start":{"line":10,"column":25},"end":{"line":10,"column":26}},"loc":{"start":{"line":11,"column":2},"end":{"line":16,"column":null}},"line":11},"2":{"name":"Footer","decl":{"start":{"line":19,"column":16},"end":{"line":19,"column":25}},"loc":{"start":{"line":19,"column":25},"end":{"line":99,"column":null}},"line":19},"3":{"name":"(anonymous_3)","decl":{"start":{"line":77,"column":25},"end":{"line":77,"column":26}},"loc":{"start":{"line":77,"column":32},"end":{"line":77,"column":52}},"line":77},"4":{"name":"(anonymous_4)","decl":{"start":{"line":86,"column":25},"end":{"line":86,"column":26}},"loc":{"start":{"line":86,"column":32},"end":{"line":86,"column":52}},"line":86}},"branchMap":{"0":{"loc":{"start":{"line":5,"column":4},"end":{"line":7,"column":null}},"type":"cond-expr","locations":[{"start":{"line":6,"column":8},"end":{"line":6,"column":null}},{"start":{"line":7,"column":8},"end":{"line":7,"column":null}}],"line":5}},"s":{"0":1,"1":18,"2":1,"3":6,"4":3,"5":0,"6":0},"f":{"0":18,"1":6,"2":3,"3":0,"4":0},"b":{"0":[0,18]},"meta":{"lastBranch":1,"lastFunction":5,"lastStatement":7,"seen":{"s:3:18:8:Infinity":0,"f:3:18:3:19":0,"s:4:2:8:Infinity":1,"b:6:8:6:Infinity:7:8:7:Infinity":0,"s:10:25:16:Infinity":2,"f:10:25:10:26":1,"s:11:2:16:Infinity":3,"f:19:16:19:25":2,"s:20:2:97:Infinity":4,"f:77:25:77:26":3,"s:77:32:77:52":5,"f:86:25:86:26":4,"s:86:32:86:52":6},"fnNames":{}}}
,"C:\\Users\\HP\\Downloads\\LegalEase\\LegalEase\\src\\components\\LegalMapping.tsx": {"path":"C:\\Users\\HP\\Downloads\\LegalEase\\LegalEase\\src\\components\\LegalMapping.tsx","statementMap":{"0":{"start":{"line":19,"column":28},"end":{"line":19,"column":null}},"1":{"start":{"line":20,"column":36},"end":{"line":20,"column":null}},"2":{"start":{"line":21,"column":24},"end":{"line":21,"column":null}},"3":{"start":{"line":23,"column":27},"end":{"line":38,"column":null}},"4":{"start":{"line":24,"column":4},"end":{"line":24,"column":null}},"5":{"start":{"line":25,"column":4},"end":{"line":28,"column":null}},"6":{"start":{"line":26,"column":6},"end":{"line":26,"column":null}},"7":{"start":{"line":27,"column":6},"end":{"line":27,"column":null}},"8":{"start":{"line":29,"column":4},"end":{"line":29,"column":null}},"9":{"start":{"line":30,"column":4},"end":{"line":37,"column":null}},"10":{"start":{"line":31,"column":18},"end":{"line":31,"column":null}},"11":{"start":{"line":32,"column":6},"end":{"line":32,"column":null}},"12":{"start":{"line":34,"column":6},"end":{"line":34,"column":null}},"13":{"start":{"line":36,"column":6},"end":{"line":36,"column":null}},"14":{"start":{"line":40,"column":2},"end":{"line":81,"column":null}},"15":{"start":{"line":58,"column":12},"end":{"line":77,"column":null}},"16":{"start":{"line":70,"column":35},"end":{"line":70,"column":null}}},"fnMap":{"0":{"name":"LegalMapping","decl":{"start":{"line":18,"column":24},"end":{"line":18,"column":37}},"loc":{"start":{"line":18,"column":71},"end":{"line":83,"column":null}},"line":18},"1":{"name":"(anonymous_1)","decl":{"start":{"line":23,"column":27},"end":{"line":23,"column":39}},"loc":{"start":{"line":23,"column":39},"end":{"line":38,"column":null}},"line":23},"2":{"name":"(anonymous_2)","decl":{"start":{"line":57,"column":27},"end":{"line":57,"column":28}},"loc":{"start":{"line":58,"column":12},"end":{"line":77,"column":null}},"line":58},"3":{"name":"(anonymous_3)","decl":{"start":{"line":70,"column":29},"end":{"line":70,"column":35}},"loc":{"start":{"line":70,"column":35},"end":{"line":70,"column":null}},"line":70}},"branchMap":{"0":{"loc":{"start":{"line":25,"column":4},"end":{"line":28,"column":null}},"type":"if","locations":[{"start":{"line":25,"column":4},"end":{"line":28,"column":null}},{"start":{},"end":{}}],"line":25},"1":{"loc":{"start":{"line":25,"column":8},"end":{"line":25,"column":45}},"type":"binary-expr","locations":[{"start":{"line":25,"column":8},"end":{"line":25,"column":24}},{"start":{"line":25,"column":24},"end":{"line":25,"column":45}}],"line":25},"2":{"loc":{"start":{"line":32,"column":21},"end":{"line":32,"column":42}},"type":"binary-expr","locations":[{"start":{"line":32,"column":21},"end":{"line":32,"column":40}},{"start":{"line":32,"column":40},"end":{"line":32,"column":42}}],"line":32},"3":{"loc":{"start":{"line":34,"column":15},"end":{"line":34,"column":58}},"type":"binary-expr","locations":[{"start":{"line":34,"column":15},"end":{"line":34,"column":29}},{"start":{"line":34,"column":29},"end":{"line":34,"column":58}}],"line":34},"4":{"loc":{"start":{"line":49,"column":11},"end":{"line":49,"column":null}},"type":"cond-expr","locations":[{"start":{"line":49,"column":21},"end":{"line":49,"column":37}},{"start":{"line":49,"column":37},"end":{"line":49,"column":null}}],"line":49},"5":{"loc":{"start":{"line":53,"column":7},"end":{"line":53,"column":null}},"type":"binary-expr","locations":[{"start":{"line":53,"column":7},"end":{"line":53,"column":16}},{"start":{"line":53,"column":16},"end":{"line":53,"column":null}}],"line":53},"6":{"loc":{"start":{"line":55,"column":7},"end":{"line":79,"column":null}},"type":"binary-expr","locations":[{"start":{"line":55,"column":7},"end":{"line":55,"column":null}},{"start":{"line":56,"column":8},"end":{"line":79,"column":null}}],"line":55},"7":{"loc":{"start":{"line":70,"column":35},"end":{"line":70,"column":null}},"type":"binary-expr","locations":[{"start":{"line":70,"column":35},"end":{"line":70,"column":47}},{"start":{"line":70,"column":47},"end":{"line":70,"column":null}}],"line":70}},"s":{"0":24,"1":24,"2":24,"3":24,"4":0,"5":0,"6":0,"7":0,"8":0,"9":0,"10":0,"11":0,"12":0,"13":0,"14":24,"15":0,"16":0},"f":{"0":24,"1":0,"2":0,"3":0},"b":{"0":[0,0],"1":[0,0],"2":[0,0],"3":[0,0],"4":[0,24],"5":[24,0],"6":[24,0],"7":[0,0]},"meta":{"lastBranch":8,"lastFunction":4,"lastStatement":17,"seen":{"f:18:24:18:37":0,"s:19:28:19:Infinity":0,"s:20:36:20:Infinity":1,"s:21:24:21:Infinity":2,"s:23:27:38:Infinity":3,"f:23:27:23:39":1,"s:24:4:24:Infinity":4,"b:25:4:28:Infinity:undefined:undefined:undefined:undefined":0,"s:25:4:28:Infinity":5,"b:25:8:25:24:25:24:25:45":1,"s:26:6:26:Infinity":6,"s:27:6:27:Infinity":7,"s:29:4:29:Infinity":8,"s:30:4:37:Infinity":9,"s:31:18:31:Infinity":10,"s:32:6:32:Infinity":11,"b:32:21:32:40:32:40:32:42":2,"s:34:6:34:Infinity":12,"b:34:15:34:29:34:29:34:58":3,"s:36:6:36:Infinity":13,"s:40:2:81:Infinity":14,"b:49:21:49:37:49:37:49:Infinity":4,"b:53:7:53:16:53:16:53:Infinity":5,"b:55:7:55:Infinity:56:8:79:Infinity":6,"f:57:27:57:28":2,"s:58:12:77:Infinity":15,"f:70:29:70:35":3,"s:70:35:70:Infinity":16,"b:70:35:70:47:70:47:70:Infinity":7},"fnNames":{}}}
,"C:\\Users\\HP\\Downloads\\LegalEase\\LegalEase\\src\\components\\ReadabilityScore.tsx": {"path":"C:\\Users\\HP\\Downloads\\LegalEase\\LegalEase\\src\\components\\ReadabilityScore.tsx","statementMap":{"0":{"start":{"line":11,"column":8},"end":{"line":27,"column":null}},"1":{"start":{"line":12,"column":28},"end":{"line":12,"column":null}},"2":{"start":{"line":13,"column":27},"end":{"line":13,"column":null}},"3":{"start":{"line":15,"column":4},"end":{"line":17,"column":null}},"4":{"start":{"line":16,"column":6},"end":{"line":16,"column":null}},"5":{"start":{"line":19,"column":4},"end":{"line":26,"column":null}},"6":{"start":{"line":20,"column":12},"end":{"line":20,"column":null}},"7":{"start":{"line":21,"column":12},"end":{"line":21,"column":null}},"8":{"start":{"line":22,"column":6},"end":{"line":22,"column":null}},"9":{"start":{"line":24,"column":6},"end":{"line":24,"column":null}},"10":{"start":{"line":25,"column":6},"end":{"line":25,"column":null}},"11":{"start":{"line":29,"column":2},"end":{"line":42,"column":null}},"12":{"start":{"line":30,"column":4},"end":{"line":40,"column":null}},"13":{"start":{"line":44,"column":32},"end":{"line":44,"column":null}},"14":{"start":{"line":47,"column":23},"end":{"line":67,"column":null}},"15":{"start":{"line":48,"column":4},"end":{"line":54,"column":null}},"16":{"start":{"line":49,"column":6},"end":{"line":53,"column":null}},"17":{"start":{"line":55,"column":4},"end":{"line":61,"column":null}},"18":{"start":{"line":56,"column":6},"end":{"line":60,"column":null}},"19":{"start":{"line":62,"column":4},"end":{"line":66,"column":null}},"20":{"start":{"line":69,"column":24},"end":{"line":69,"column":null}},"21":{"start":{"line":70,"column":23},"end":{"line":70,"column":null}},"22":{"start":{"line":73,"column":20},"end":{"line":73,"column":null}},"23":{"start":{"line":74,"column":19},"end":{"line":74,"column":null}},"24":{"start":{"line":76,"column":2},"end":{"line":239,"column":null}}},"fnMap":{"0":{"name":"ReadabilityScore","decl":{"start":{"line":10,"column":16},"end":{"line":10,"column":33}},"loc":{"start":{"line":10,"column":97},"end":{"line":241,"column":null}},"line":10},"1":{"name":"(anonymous_1)","decl":{"start":{"line":11,"column":25},"end":{"line":11,"column":31}},"loc":{"start":{"line":11,"column":31},"end":{"line":27,"column":5}},"line":11},"2":{"name":"(anonymous_2)","decl":{"start":{"line":47,"column":23},"end":{"line":47,"column":24}},"loc":{"start":{"line":47,"column":42},"end":{"line":67,"column":null}},"line":47}},"branchMap":{"0":{"loc":{"start":{"line":10,"column":35},"end":{"line":10,"column":54}},"type":"default-arg","locations":[{"start":{"line":10,"column":50},"end":{"line":10,"column":54}}],"line":10},"1":{"loc":{"start":{"line":10,"column":54},"end":{"line":10,"column":71}},"type":"default-arg","locations":[{"start":{"line":10,"column":68},"end":{"line":10,"column":71}}],"line":10},"2":{"loc":{"start":{"line":15,"column":4},"end":{"line":17,"column":null}},"type":"if","locations":[{"start":{"line":15,"column":4},"end":{"line":17,"column":null}},{"start":{},"end":{}}],"line":15},"3":{"loc":{"start":{"line":15,"column":8},"end":{"line":15,"column":45}},"type":"binary-expr","locations":[{"start":{"line":15,"column":8},"end":{"line":15,"column":28}},{"start":{"line":15,"column":28},"end":{"line":15,"column":45}}],"line":15},"4":{"loc":{"start":{"line":29,"column":2},"end":{"line":42,"column":null}},"type":"if","locations":[{"start":{"line":29,"column":2},"end":{"line":42,"column":null}},{"start":{},"end":{}}],"line":29},"5":{"loc":{"start":{"line":48,"column":4},"end":{"line":54,"column":null}},"type":"if","locations":[{"start":{"line":48,"column":4},"end":{"line":54,"column":null}},{"start":{},"end":{}}],"line":48},"6":{"loc":{"start":{"line":55,"column":4},"end":{"line":61,"column":null}},"type":"if","locations":[{"start":{"line":55,"column":4},"end":{"line":61,"column":null}},{"start":{},"end":{}}],"line":55},"7":{"loc":{"start":{"line":212,"column":10},"end":{"line":236,"column":null}},"type":"cond-expr","locations":[{"start":{"line":213,"column":10},"end":{"line":232,"column":null}},{"start":{"line":234,"column":10},"end":{"line":236,"column":null}}],"line":212},"8":{"loc":{"start":{"line":212,"column":10},"end":{"line":212,"column":null}},"type":"binary-expr","locations":[{"start":{"line":212,"column":10},"end":{"line":212,"column":27}},{"start":{"line":212,"column":27},"end":{"line":212,"column":null}}],"line":212},"9":{"loc":{"start":{"line":214,"column":13},"end":{"line":221,"column":null}},"type":"binary-expr","locations":[{"start":{"line":214,"column":13},"end":{"line":214,"column":null}},{"start":{"line":215,"column":14},"end":{"line":221,"column":null}}],"line":214},"10":{"loc":{"start":{"line":220,"column":58},"end":{"line":220,"column":83}},"type":"cond-expr","locations":[{"start":{"line":220,"column":74},"end":{"line":220,"column":80}},{"start":{"line":220,"column":80},"end":{"line":220,"column":83}}],"line":220},"11":{"loc":{"start":{"line":223,"column":13},"end":{"line":230,"column":null}},"type":"binary-expr","locations":[{"start":{"line":223,"column":13},"end":{"line":223,"column":null}},{"start":{"line":224,"column":14},"end":{"line":230,"column":null}}],"line":223}},"s":{"0":11,"1":7,"2":7,"3":7,"4":1,"5":6,"6":6,"7":6,"8":6,"9":1,"10":1,"11":11,"12":2,"13":9,"14":9,"15":18,"16":3,"17":15,"18":7,"19":8,"20":9,"21":9,"22":9,"23":9,"24":9},"f":{"0":11,"1":7,"2":18},"b":{"0":[11],"1":[11],"2":[1,6],"3":[7,6],"4":[2,9],"5":[3,15],"6":[7,8],"7":[8,1],"8":[9,1],"9":[8,8],"10":[8,0],"11":[8,1]},"meta":{"lastBranch":12,"lastFunction":3,"lastStatement":25,"seen":{"f:10:16:10:33":0,"b:10:50:10:54":0,"b:10:68:10:71":1,"s:11:8:27:Infinity":0,"f:11:25:11:31":1,"s:12:28:12:Infinity":1,"s:13:27:13:Infinity":2,"b:15:4:17:Infinity:undefined:undefined:undefined:undefined":2,"s:15:4:17:Infinity":3,"b:15:8:15:28:15:28:15:45":3,"s:16:6:16:Infinity":4,"s:19:4:26:Infinity":5,"s:20:12:20:Infinity":6,"s:21:12:21:Infinity":7,"s:22:6:22:Infinity":8,"s:24:6:24:Infinity":9,"s:25:6:25:Infinity":10,"b:29:2:42:Infinity:undefined:undefined:undefined:undefined":4,"s:29:2:42:Infinity":11,"s:30:4:40:Infinity":12,"s:44:32:44:Infinity":13,"s:47:23:67:Infinity":14,"f:47:23:47:24":2,"b:48:4:54:Infinity:undefined:undefined:undefined:undefined":5,"s:48:4:54:Infinity":15,"s:49:6:53:Infinity":16,"b:55:4:61:Infinity:undefined:undefined:undefined:undefined":6,"s:55:4:61:Infinity":17,"s:56:6:60:Infinity":18,"s:62:4:66:Infinity":19,"s:69:24:69:Infinity":20,"s:70:23:70:Infinity":21,"s:73:20:73:Infinity":22,"s:74:19:74:Infinity":23,"s:76:2:239:Infinity":24,"b:213:10:232:Infinity:234:10:236:Infinity":7,"b:212:10:212:27:212:27:212:Infinity":8,"b:214:13:214:Infinity:215:14:221:Infinity":9,"b:220:74:220:80:220:80:220:83":10,"b:223:13:223:Infinity:224:14:230:Infinity":11},"fnNames":{}}}
,"C:\\Users\\HP\\Downloads\\LegalEase\\LegalEase\\src\\components\\RedactedText.tsx": {"path":"C:\\Users\\HP\\Downloads\\LegalEase\\LegalEase\\src\\components\\RedactedText.tsx","statementMap":{"0":{"start":{"line":25,"column":22},"end":{"line":25,"column":null}},"1":{"start":{"line":26,"column":20},"end":{"line":26,"column":null}},"2":{"start":{"line":30,"column":17},"end":{"line":30,"column":null}},"3":{"start":{"line":44,"column":18},"end":{"line":44,"column":null}},"4":{"start":{"line":45,"column":2},"end":{"line":64,"column":null}},"5":{"start":{"line":73,"column":16},"end":{"line":73,"column":null}},"6":{"start":{"line":74,"column":2},"end":{"line":80,"column":null}},"7":{"start":{"line":75,"column":4},"end":{"line":77,"column":null}},"8":{"start":{"line":76,"column":6},"end":{"line":76,"column":null}},"9":{"start":{"line":79,"column":4},"end":{"line":79,"column":null}},"10":{"start":{"line":84,"column":2},"end":{"line":84,"column":null}},"11":{"start":{"line":84,"column":13},"end":{"line":84,"column":null}},"12":{"start":{"line":88,"column":20},"end":{"line":88,"column":null}},"13":{"start":{"line":90,"column":2},"end":{"line":90,"column":null}},"14":{"start":{"line":92,"column":2},"end":{"line":94,"column":null}},"15":{"start":{"line":93,"column":4},"end":{"line":93,"column":null}},"16":{"start":{"line":96,"column":2},"end":{"line":99,"column":null}}},"fnMap":{"0":{"name":"RedactedSpan","decl":{"start":{"line":43,"column":9},"end":{"line":43,"column":22}},"loc":{"start":{"line":43,"column":52},"end":{"line":66,"column":null}},"line":43},"1":{"name":"tokenise","decl":{"start":{"line":72,"column":9},"end":{"line":72,"column":18}},"loc":{"start":{"line":72,"column":51},"end":{"line":81,"column":null}},"line":72},"2":{"name":"(anonymous_2)","decl":{"start":{"line":74,"column":19},"end":{"line":74,"column":20}},"loc":{"start":{"line":74,"column":32},"end":{"line":80,"column":3}},"line":74},"3":{"name":"RedactedText","decl":{"start":{"line":83,"column":16},"end":{"line":83,"column":29}},"loc":{"start":{"line":83,"column":69},"end":{"line":101,"column":null}},"line":83}},"branchMap":{"0":{"loc":{"start":{"line":57,"column":18},"end":{"line":57,"column":null}},"type":"cond-expr","locations":[{"start":{"line":57,"column":28},"end":{"line":57,"column":37}},{"start":{"line":57,"column":37},"end":{"line":57,"column":null}}],"line":57},"1":{"loc":{"start":{"line":75,"column":4},"end":{"line":77,"column":null}},"type":"if","locations":[{"start":{"line":75,"column":4},"end":{"line":77,"column":null}},{"start":{},"end":{}}],"line":75},"2":{"loc":{"start":{"line":75,"column":8},"end":{"line":75,"column":56}},"type":"binary-expr","locations":[{"start":{"line":75,"column":8},"end":{"line":75,"column":34}},{"start":{"line":75,"column":34},"end":{"line":75,"column":56}}],"line":75},"3":{"loc":{"start":{"line":84,"column":2},"end":{"line":84,"column":null}},"type":"if","locations":[{"start":{"line":84,"column":2},"end":{"line":84,"column":null}},{"start":{},"end":{}}],"line":84},"4":{"loc":{"start":{"line":92,"column":2},"end":{"line":94,"column":null}},"type":"if","locations":[{"start":{"line":92,"column":2},"end":{"line":94,"column":null}},{"start":{},"end":{}}],"line":92}},"s":{"0":3,"1":3,"2":3,"3":18,"4":18,"5":12,"6":12,"7":48,"8":18,"9":30,"10":67,"11":1,"12":66,"13":66,"14":66,"15":54,"16":12},"f":{"0":18,"1":12,"2":48,"3":67},"b":{"0":[3,15],"1":[18,30],"2":[48,33],"3":[1,66],"4":[54,12]},"meta":{"lastBranch":5,"lastFunction":4,"lastStatement":17,"seen":{"s:25:22:25:Infinity":0,"s:26:20:26:Infinity":1,"s:30:17:30:Infinity":2,"f:43:9:43:22":0,"s:44:18:44:Infinity":3,"s:45:2:64:Infinity":4,"b:57:28:57:37:57:37:57:Infinity":0,"f:72:9:72:18":1,"s:73:16:73:Infinity":5,"s:74:2:80:Infinity":6,"f:74:19:74:20":2,"b:75:4:77:Infinity:undefined:undefined:undefined:undefined":1,"s:75:4:77:Infinity":7,"b:75:8:75:34:75:34:75:56":2,"s:76:6:76:Infinity":8,"s:79:4:79:Infinity":9,"f:83:16:83:29":3,"b:84:2:84:Infinity:undefined:undefined:undefined:undefined":3,"s:84:2:84:Infinity":10,"s:84:13:84:Infinity":11,"s:88:20:88:Infinity":12,"s:90:2:90:Infinity":13,"b:92:2:94:Infinity:undefined:undefined:undefined:undefined":4,"s:92:2:94:Infinity":14,"s:93:4:93:Infinity":15,"s:96:2:99:Infinity":16},"fnNames":{}}}
,"C:\\Users\\HP\\Downloads\\LegalEase\\LegalEase\\src\\components\\RedactionToggle.tsx": {"path":"C:\\Users\\HP\\Downloads\\LegalEase\\LegalEase\\src\\components\\RedactionToggle.tsx","statementMap":{"0":{"start":{"line":31,"column":2},"end":{"line":50,"column":null}},"1":{"start":{"line":59,"column":20},"end":{"line":59,"column":null}},"2":{"start":{"line":60,"column":2},"end":{"line":75,"column":null}},"3":{"start":{"line":94,"column":2},"end":{"line":94,"column":null}},"4":{"start":{"line":96,"column":2},"end":{"line":118,"column":null}},"5":{"start":{"line":97,"column":4},"end":{"line":116,"column":null}},"6":{"start":{"line":120,"column":2},"end":{"line":243,"column":null}},"7":{"start":{"line":162,"column":29},"end":{"line":162,"column":null}},"8":{"start":{"line":181,"column":29},"end":{"line":181,"column":null}},"9":{"start":{"line":234,"column":12},"end":{"line":239,"column":null}}},"fnMap":{"0":{"name":"ToggleSwitch","decl":{"start":{"line":30,"column":9},"end":{"line":30,"column":22}},"loc":{"start":{"line":30,"column":75},"end":{"line":52,"column":null}},"line":30},"1":{"name":"RedactionPreviewBadge","decl":{"start":{"line":58,"column":9},"end":{"line":58,"column":31}},"loc":{"start":{"line":58,"column":69},"end":{"line":77,"column":null}},"line":58},"2":{"name":"RedactionToggle","decl":{"start":{"line":88,"column":16},"end":{"line":88,"column":32}},"loc":{"start":{"line":88,"column":75},"end":{"line":245,"column":null}},"line":88},"3":{"name":"(anonymous_3)","decl":{"start":{"line":162,"column":23},"end":{"line":162,"column":29}},"loc":{"start":{"line":162,"column":29},"end":{"line":162,"column":null}},"line":162},"4":{"name":"(anonymous_4)","decl":{"start":{"line":181,"column":23},"end":{"line":181,"column":29}},"loc":{"start":{"line":181,"column":29},"end":{"line":181,"column":null}},"line":181},"5":{"name":"(anonymous_5)","decl":{"start":{"line":233,"column":16},"end":{"line":233,"column":17}},"loc":{"start":{"line":234,"column":12},"end":{"line":239,"column":null}},"line":234}},"branchMap":{"0":{"loc":{"start":{"line":39,"column":8},"end":{"line":41,"column":null}},"type":"cond-expr","locations":[{"start":{"line":40,"column":12},"end":{"line":40,"column":null}},{"start":{"line":41,"column":12},"end":{"line":41,"column":null}}],"line":39},"1":{"loc":{"start":{"line":47,"column":10},"end":{"line":47,"column":null}},"type":"cond-expr","locations":[{"start":{"line":47,"column":20},"end":{"line":47,"column":38}},{"start":{"line":47,"column":38},"end":{"line":47,"column":null}}],"line":47},"2":{"loc":{"start":{"line":72,"column":33},"end":{"line":72,"column":72}},"type":"cond-expr","locations":[{"start":{"line":72,"column":45},"end":{"line":72,"column":60}},{"start":{"line":72,"column":60},"end":{"line":72,"column":72}}],"line":72},"3":{"loc":{"start":{"line":74,"column":7},"end":{"line":74,"column":null}},"type":"cond-expr","locations":[{"start":{"line":74,"column":19},"end":{"line":74,"column":34}},{"start":{"line":74,"column":34},"end":{"line":74,"column":null}}],"line":74},"4":{"loc":{"start":{"line":88,"column":34},"end":{"line":88,"column":50}},"type":"default-arg","locations":[{"start":{"line":88,"column":44},"end":{"line":88,"column":50}}],"line":88},"5":{"loc":{"start":{"line":96,"column":2},"end":{"line":118,"column":null}},"type":"if","locations":[{"start":{"line":96,"column":2},"end":{"line":118,"column":null}},{"start":{},"end":{}}],"line":96},"6":{"loc":{"start":{"line":104,"column":11},"end":{"line":107,"column":null}},"type":"binary-expr","locations":[{"start":{"line":104,"column":11},"end":{"line":104,"column":null}},{"start":{"line":105,"column":12},"end":{"line":107,"column":null}}],"line":104},"7":{"loc":{"start":{"line":129,"column":13},"end":{"line":132,"column":null}},"type":"binary-expr","locations":[{"start":{"line":129,"column":13},"end":{"line":129,"column":null}},{"start":{"line":130,"column":14},"end":{"line":132,"column":null}}],"line":129},"8":{"loc":{"start":{"line":150,"column":7},"end":{"line":213,"column":null}},"type":"binary-expr","locations":[{"start":{"line":150,"column":7},"end":{"line":150,"column":null}},{"start":{"line":151,"column":8},"end":{"line":213,"column":null}}],"line":150},"9":{"loc":{"start":{"line":164,"column":16},"end":{"line":166,"column":null}},"type":"cond-expr","locations":[{"start":{"line":165,"column":20},"end":{"line":165,"column":null}},{"start":{"line":166,"column":20},"end":{"line":166,"column":null}}],"line":164},"10":{"loc":{"start":{"line":183,"column":16},"end":{"line":185,"column":null}},"type":"cond-expr","locations":[{"start":{"line":184,"column":20},"end":{"line":184,"column":null}},{"start":{"line":185,"column":20},"end":{"line":185,"column":null}}],"line":183}},"s":{"0":38,"1":75,"2":75,"3":38,"4":38,"5":6,"6":32,"7":0,"8":2,"9":320},"f":{"0":38,"1":75,"2":38,"3":0,"4":2,"5":320},"b":{"0":[17,21],"1":[17,21],"2":[51,24],"3":[51,24],"4":[38],"5":[6,32],"6":[6,2],"7":[32,15],"8":[38,15],"9":[12,3],"10":[3,12]},"meta":{"lastBranch":11,"lastFunction":6,"lastStatement":10,"seen":{"f:30:9:30:22":0,"s:31:2:50:Infinity":0,"b:40:12:40:Infinity:41:12:41:Infinity":0,"b:47:20:47:38:47:38:47:Infinity":1,"f:58:9:58:31":1,"s:59:20:59:Infinity":1,"s:60:2:75:Infinity":2,"b:72:45:72:60:72:60:72:72":2,"b:74:19:74:34:74:34:74:Infinity":3,"f:88:16:88:32":2,"b:88:44:88:50":4,"s:94:2:94:Infinity":3,"b:96:2:118:Infinity:undefined:undefined:undefined:undefined":5,"s:96:2:118:Infinity":4,"s:97:4:116:Infinity":5,"b:104:11:104:Infinity:105:12:107:Infinity":6,"s:120:2:243:Infinity":6,"b:129:13:129:Infinity:130:14:132:Infinity":7,"b:150:7:150:Infinity:151:8:213:Infinity":8,"f:162:23:162:29":3,"s:162:29:162:Infinity":7,"b:165:20:165:Infinity:166:20:166:Infinity":9,"f:181:23:181:29":4,"s:181:29:181:Infinity":8,"b:184:20:184:Infinity:185:20:185:Infinity":10,"f:233:16:233:17":5,"s:234:12:239:Infinity":9},"fnNames":{}}}
,"C:\\Users\\HP\\Downloads\\LegalEase\\LegalEase\\src\\components\\ShareButton.tsx": {"path":"C:\\Users\\HP\\Downloads\\LegalEase\\LegalEase\\src\\components\\ShareButton.tsx","statementMap":{"0":{"start":{"line":21,"column":21},"end":{"line":21,"column":null}},"1":{"start":{"line":23,"column":22},"end":{"line":26,"column":null}},"2":{"start":{"line":24,"column":4},"end":{"line":24,"column":null}},"3":{"start":{"line":25,"column":4},"end":{"line":25,"column":null}},"4":{"start":{"line":25,"column":21},"end":{"line":25,"column":null}},"5":{"start":{"line":28,"column":2},"end":{"line":57,"column":null}},"6":{"start":{"line":29,"column":4},"end":{"line":55,"column":null}},"7":{"start":{"line":60,"column":2},"end":{"line":83,"column":null}}},"fnMap":{"0":{"name":"ShareButton","decl":{"start":{"line":15,"column":16},"end":{"line":15,"column":28}},"loc":{"start":{"line":20,"column":21},"end":{"line":85,"column":null}},"line":20},"1":{"name":"(anonymous_1)","decl":{"start":{"line":23,"column":22},"end":{"line":23,"column":23}},"loc":{"start":{"line":23,"column":47},"end":{"line":26,"column":null}},"line":23}},"branchMap":{"0":{"loc":{"start":{"line":18,"column":2},"end":{"line":18,"column":null}},"type":"default-arg","locations":[{"start":{"line":18,"column":12},"end":{"line":18,"column":null}}],"line":18},"1":{"loc":{"start":{"line":19,"column":2},"end":{"line":19,"column":null}},"type":"default-arg","locations":[{"start":{"line":19,"column":14},"end":{"line":19,"column":null}}],"line":19},"2":{"loc":{"start":{"line":25,"column":4},"end":{"line":25,"column":null}},"type":"if","locations":[{"start":{"line":25,"column":4},"end":{"line":25,"column":null}},{"start":{},"end":{}}],"line":25},"3":{"loc":{"start":{"line":28,"column":2},"end":{"line":57,"column":null}},"type":"if","locations":[{"start":{"line":28,"column":2},"end":{"line":57,"column":null}},{"start":{},"end":{}}],"line":28},"4":{"loc":{"start":{"line":34,"column":15},"end":{"line":34,"column":null}},"type":"cond-expr","locations":[{"start":{"line":34,"column":28},"end":{"line":34,"column":59}},{"start":{"line":34,"column":59},"end":{"line":34,"column":null}}],"line":34},"5":{"loc":{"start":{"line":37,"column":12},"end":{"line":39,"column":null}},"type":"cond-expr","locations":[{"start":{"line":38,"column":14},"end":{"line":38,"column":null}},{"start":{"line":39,"column":14},"end":{"line":39,"column":null}}],"line":37},"6":{"loc":{"start":{"line":65,"column":13},"end":{"line":65,"column":null}},"type":"cond-expr","locations":[{"start":{"line":65,"column":26},"end":{"line":65,"column":57}},{"start":{"line":65,"column":57},"end":{"line":65,"column":null}}],"line":65},"7":{"loc":{"start":{"line":67,"column":10},"end":{"line":69,"column":null}},"type":"cond-expr","locations":[{"start":{"line":68,"column":12},"end":{"line":68,"column":null}},{"start":{"line":69,"column":12},"end":{"line":69,"column":null}}],"line":67}},"s":{"0":10,"1":10,"2":0,"3":0,"4":0,"5":10,"6":0,"7":10},"f":{"0":10,"1":0},"b":{"0":[10],"1":[10],"2":[0,0],"3":[0,10],"4":[0,0],"5":[0,0],"6":[0,10],"7":[0,10]},"meta":{"lastBranch":8,"lastFunction":2,"lastStatement":8,"seen":{"f:15:16:15:28":0,"b:18:12:18:Infinity":0,"b:19:14:19:Infinity":1,"s:21:21:21:Infinity":0,"s:23:22:26:Infinity":1,"f:23:22:23:23":1,"s:24:4:24:Infinity":2,"b:25:4:25:Infinity:undefined:undefined:undefined:undefined":2,"s:25:4:25:Infinity":3,"s:25:21:25:Infinity":4,"b:28:2:57:Infinity:undefined:undefined:undefined:undefined":3,"s:28:2:57:Infinity":5,"s:29:4:55:Infinity":6,"b:34:28:34:59:34:59:34:Infinity":4,"b:38:14:38:Infinity:39:14:39:Infinity":5,"s:60:2:83:Infinity":7,"b:65:26:65:57:65:57:65:Infinity":6,"b:68:12:68:Infinity:69:12:69:Infinity":7},"fnNames":{}}}
,"C:\\Users\\HP\\Downloads\\LegalEase\\LegalEase\\src\\components\\SimplifyModal.tsx": {"path":"C:\\Users\\HP\\Downloads\\LegalEase\\LegalEase\\src\\components\\SimplifyModal.tsx","statementMap":{"0":{"start":{"line":13,"column":20},"end":{"line":13,"column":null}},"1":{"start":{"line":14,"column":42},"end":{"line":14,"column":null}},"2":{"start":{"line":15,"column":28},"end":{"line":15,"column":null}},"3":{"start":{"line":16,"column":24},"end":{"line":16,"column":null}},"4":{"start":{"line":17,"column":26},"end":{"line":17,"column":null}},"5":{"start":{"line":18,"column":32},"end":{"line":18,"column":null}},"6":{"start":{"line":20,"column":8},"end":{"line":20,"column":null}},"7":{"start":{"line":21,"column":8},"end":{"line":21,"column":null}},"8":{"start":{"line":24,"column":8},"end":{"line":27,"column":null}},"9":{"start":{"line":25,"column":4},"end":{"line":25,"column":null}},"10":{"start":{"line":26,"column":4},"end":{"line":26,"column":null}},"11":{"start":{"line":30,"column":2},"end":{"line":60,"column":null}},"12":{"start":{"line":31,"column":4},"end":{"line":31,"column":null}},"13":{"start":{"line":31,"column":21},"end":{"line":31,"column":null}},"14":{"start":{"line":33,"column":32},"end":{"line":57,"column":null}},"15":{"start":{"line":34,"column":6},"end":{"line":34,"column":null}},"16":{"start":{"line":35,"column":6},"end":{"line":35,"column":null}},"17":{"start":{"line":36,"column":6},"end":{"line":36,"column":null}},"18":{"start":{"line":39,"column":6},"end":{"line":39,"column":null}},"19":{"start":{"line":39,"column":34},"end":{"line":39,"column":52}},"20":{"start":{"line":41,"column":6},"end":{"line":56,"column":null}},"21":{"start":{"line":42,"column":21},"end":{"line":44,"column":null}},"22":{"start":{"line":46,"column":8},"end":{"line":48,"column":null}},"23":{"start":{"line":47,"column":10},"end":{"line":47,"column":null}},"24":{"start":{"line":50,"column":8},"end":{"line":50,"column":null}},"25":{"start":{"line":52,"column":8},"end":{"line":52,"column":null}},"26":{"start":{"line":53,"column":8},"end":{"line":53,"column":null}},"27":{"start":{"line":55,"column":8},"end":{"line":55,"column":null}},"28":{"start":{"line":59,"column":4},"end":{"line":59,"column":null}},"29":{"start":{"line":63,"column":2},"end":{"line":113,"column":null}},"30":{"start":{"line":64,"column":4},"end":{"line":64,"column":null}},"31":{"start":{"line":64,"column":21},"end":{"line":64,"column":null}},"32":{"start":{"line":67,"column":34},"end":{"line":67,"column":null}},"33":{"start":{"line":70,"column":4},"end":{"line":72,"column":null}},"34":{"start":{"line":71,"column":6},"end":{"line":71,"column":null}},"35":{"start":{"line":74,"column":26},"end":{"line":99,"column":null}},"36":{"start":{"line":75,"column":6},"end":{"line":77,"column":null}},"37":{"start":{"line":76,"column":8},"end":{"line":76,"column":null}},"38":{"start":{"line":80,"column":6},"end":{"line":98,"column":null}},"39":{"start":{"line":81,"column":34},"end":{"line":83,"column":null}},"40":{"start":{"line":84,"column":29},"end":{"line":84,"column":null}},"41":{"start":{"line":85,"column":28},"end":{"line":85,"column":null}},"42":{"start":{"line":87,"column":8},"end":{"line":97,"column":null}},"43":{"start":{"line":88,"column":10},"end":{"line":91,"column":null}},"44":{"start":{"line":89,"column":12},"end":{"line":89,"column":null}},"45":{"start":{"line":90,"column":12},"end":{"line":90,"column":null}},"46":{"start":{"line":93,"column":10},"end":{"line":96,"column":null}},"47":{"start":{"line":94,"column":12},"end":{"line":94,"column":null}},"48":{"start":{"line":95,"column":12},"end":{"line":95,"column":null}},"49":{"start":{"line":101,"column":4},"end":{"line":101,"column":null}},"50":{"start":{"line":104,"column":4},"end":{"line":104,"column":null}},"51":{"start":{"line":106,"column":4},"end":{"line":112,"column":null}},"52":{"start":{"line":107,"column":6},"end":{"line":107,"column":null}},"53":{"start":{"line":108,"column":6},"end":{"line":108,"column":null}},"54":{"start":{"line":109,"column":6},"end":{"line":111,"column":null}},"55":{"start":{"line":110,"column":8},"end":{"line":110,"column":null}},"56":{"start":{"line":115,"column":2},"end":{"line":115,"column":null}},"57":{"start":{"line":115,"column":19},"end":{"line":115,"column":null}},"58":{"start":{"line":117,"column":21},"end":{"line":127,"column":null}},"59":{"start":{"line":118,"column":4},"end":{"line":118,"column":null}},"60":{"start":{"line":118,"column":25},"end":{"line":118,"column":null}},"61":{"start":{"line":119,"column":4},"end":{"line":126,"column":null}},"62":{"start":{"line":120,"column":6},"end":{"line":120,"column":null}},"63":{"start":{"line":121,"column":6},"end":{"line":121,"column":null}},"64":{"start":{"line":122,"column":6},"end":{"line":122,"column":null}},"65":{"start":{"line":123,"column":6},"end":{"line":123,"column":null}},"66":{"start":{"line":123,"column":23},"end":{"line":123,"column":41}},"67":{"start":{"line":125,"column":6},"end":{"line":125,"column":null}},"68":{"start":{"line":129,"column":2},"end":{"line":259,"column":null}}},"fnMap":{"0":{"name":"SimplifyModal","decl":{"start":{"line":12,"column":16},"end":{"line":12,"column":30}},"loc":{"start":{"line":12,"column":75},"end":{"line":260,"column":null}},"line":12},"1":{"name":"(anonymous_1)","decl":{"start":{"line":24,"column":34},"end":{"line":24,"column":40}},"loc":{"start":{"line":24,"column":40},"end":{"line":27,"column":5}},"line":24},"2":{"name":"(anonymous_2)","decl":{"start":{"line":30,"column":12},"end":{"line":30,"column":18}},"loc":{"start":{"line":30,"column":18},"end":{"line":60,"column":5}},"line":30},"3":{"name":"(anonymous_3)","decl":{"start":{"line":33,"column":32},"end":{"line":33,"column":44}},"loc":{"start":{"line":33,"column":44},"end":{"line":57,"column":null}},"line":33},"4":{"name":"(anonymous_4)","decl":{"start":{"line":39,"column":28},"end":{"line":39,"column":34}},"loc":{"start":{"line":39,"column":34},"end":{"line":39,"column":52}},"line":39},"5":{"name":"(anonymous_5)","decl":{"start":{"line":63,"column":12},"end":{"line":63,"column":18}},"loc":{"start":{"line":63,"column":18},"end":{"line":113,"column":5}},"line":63},"6":{"name":"(anonymous_6)","decl":{"start":{"line":70,"column":15},"end":{"line":70,"column":21}},"loc":{"start":{"line":70,"column":21},"end":{"line":72,"column":7}},"line":70},"7":{"name":"(anonymous_7)","decl":{"start":{"line":74,"column":26},"end":{"line":74,"column":27}},"loc":{"start":{"line":74,"column":48},"end":{"line":99,"column":null}},"line":74},"8":{"name":"(anonymous_8)","decl":{"start":{"line":106,"column":11},"end":{"line":106,"column":17}},"loc":{"start":{"line":106,"column":17},"end":{"line":112,"column":null}},"line":106},"9":{"name":"(anonymous_9)","decl":{"start":{"line":117,"column":21},"end":{"line":117,"column":33}},"loc":{"start":{"line":117,"column":33},"end":{"line":127,"column":null}},"line":117},"10":{"name":"(anonymous_10)","decl":{"start":{"line":123,"column":17},"end":{"line":123,"column":23}},"loc":{"start":{"line":123,"column":23},"end":{"line":123,"column":41}},"line":123}},"branchMap":{"0":{"loc":{"start":{"line":31,"column":4},"end":{"line":31,"column":null}},"type":"if","locations":[{"start":{"line":31,"column":4},"end":{"line":31,"column":null}},{"start":{},"end":{}}],"line":31},"1":{"loc":{"start":{"line":46,"column":8},"end":{"line":48,"column":null}},"type":"if","locations":[{"start":{"line":46,"column":8},"end":{"line":48,"column":null}},{"start":{},"end":{}}],"line":46},"2":{"loc":{"start":{"line":46,"column":12},"end":{"line":46,"column":43}},"type":"binary-expr","locations":[{"start":{"line":46,"column":12},"end":{"line":46,"column":21}},{"start":{"line":46,"column":21},"end":{"line":46,"column":43}}],"line":46},"3":{"loc":{"start":{"line":53,"column":17},"end":{"line":53,"column":125}},"type":"cond-expr","locations":[{"start":{"line":53,"column":40},"end":{"line":53,"column":54}},{"start":{"line":53,"column":54},"end":{"line":53,"column":125}}],"line":53},"4":{"loc":{"start":{"line":64,"column":4},"end":{"line":64,"column":null}},"type":"if","locations":[{"start":{"line":64,"column":4},"end":{"line":64,"column":null}},{"start":{},"end":{}}],"line":64},"5":{"loc":{"start":{"line":75,"column":6},"end":{"line":77,"column":null}},"type":"if","locations":[{"start":{"line":75,"column":6},"end":{"line":77,"column":null}},{"start":{},"end":{}}],"line":75},"6":{"loc":{"start":{"line":80,"column":6},"end":{"line":98,"column":null}},"type":"if","locations":[{"start":{"line":80,"column":6},"end":{"line":98,"column":null}},{"start":{},"end":{}}],"line":80},"7":{"loc":{"start":{"line":80,"column":10},"end":{"line":80,"column":47}},"type":"binary-expr","locations":[{"start":{"line":80,"column":10},"end":{"line":80,"column":29}},{"start":{"line":80,"column":29},"end":{"line":80,"column":47}}],"line":80},"8":{"loc":{"start":{"line":87,"column":8},"end":{"line":97,"column":null}},"type":"if","locations":[{"start":{"line":87,"column":8},"end":{"line":97,"column":null}},{"start":{"line":92,"column":15},"end":{"line":97,"column":null}}],"line":87},"9":{"loc":{"start":{"line":88,"column":10},"end":{"line":91,"column":null}},"type":"if","locations":[{"start":{"line":88,"column":10},"end":{"line":91,"column":null}},{"start":{},"end":{}}],"line":88},"10":{"loc":{"start":{"line":93,"column":10},"end":{"line":96,"column":null}},"type":"if","locations":[{"start":{"line":93,"column":10},"end":{"line":96,"column":null}},{"start":{},"end":{}}],"line":93},"11":{"loc":{"start":{"line":109,"column":6},"end":{"line":111,"column":null}},"type":"if","locations":[{"start":{"line":109,"column":6},"end":{"line":111,"column":null}},{"start":{},"end":{}}],"line":109},"12":{"loc":{"start":{"line":109,"column":10},"end":{"line":109,"column":86}},"type":"binary-expr","locations":[{"start":{"line":109,"column":10},"end":{"line":109,"column":35}},{"start":{"line":109,"column":35},"end":{"line":109,"column":86}}],"line":109},"13":{"loc":{"start":{"line":115,"column":2},"end":{"line":115,"column":null}},"type":"if","locations":[{"start":{"line":115,"column":2},"end":{"line":115,"column":null}},{"start":{},"end":{}}],"line":115},"14":{"loc":{"start":{"line":118,"column":4},"end":{"line":118,"column":null}},"type":"if","locations":[{"start":{"line":118,"column":4},"end":{"line":118,"column":null}},{"start":{},"end":{}}],"line":118},"15":{"loc":{"start":{"line":132,"column":10},"end":{"line":132,"column":49}},"type":"cond-expr","locations":[{"start":{"line":132,"column":22},"end":{"line":132,"column":38}},{"start":{"line":132,"column":38},"end":{"line":132,"column":49}}],"line":132},"16":{"loc":{"start":{"line":149,"column":40},"end":{"line":149,"column":104}},"type":"cond-expr","locations":[{"start":{"line":149,"column":52},"end":{"line":149,"column":80}},{"start":{"line":149,"column":80},"end":{"line":149,"column":104}}],"line":149},"17":{"loc":{"start":{"line":195,"column":15},"end":{"line":199,"column":null}},"type":"binary-expr","locations":[{"start":{"line":195,"column":15},"end":{"line":195,"column":null}},{"start":{"line":196,"column":16},"end":{"line":199,"column":null}}],"line":195},"18":{"loc":{"start":{"line":204,"column":15},"end":{"line":222,"column":null}},"type":"cond-expr","locations":[{"start":{"line":205,"column":16},"end":{"line":210,"column":null}},{"start":{"line":211,"column":18},"end":{"line":222,"column":null}}],"line":204},"19":{"loc":{"start":{"line":211,"column":18},"end":{"line":222,"column":null}},"type":"cond-expr","locations":[{"start":{"line":212,"column":16},"end":{"line":218,"column":null}},{"start":{"line":220,"column":16},"end":{"line":222,"column":null}}],"line":211},"20":{"loc":{"start":{"line":238,"column":24},"end":{"line":238,"column":null}},"type":"binary-expr","locations":[{"start":{"line":238,"column":24},"end":{"line":238,"column":35}},{"start":{"line":238,"column":35},"end":{"line":238,"column":46}},{"start":{"line":238,"column":46},"end":{"line":238,"column":null}}],"line":238},"21":{"loc":{"start":{"line":240,"column":18},"end":{"line":242,"column":null}},"type":"cond-expr","locations":[{"start":{"line":241,"column":20},"end":{"line":241,"column":null}},{"start":{"line":242,"column":20},"end":{"line":242,"column":null}}],"line":240},"22":{"loc":{"start":{"line":245,"column":15},"end":{"line":245,"column":null}},"type":"cond-expr","locations":[{"start":{"line":245,"column":24},"end":{"line":245,"column":46}},{"start":{"line":245,"column":46},"end":{"line":245,"column":null}}],"line":245},"23":{"loc":{"start":{"line":246,"column":21},"end":{"line":246,"column":61}},"type":"cond-expr","locations":[{"start":{"line":246,"column":30},"end":{"line":246,"column":42}},{"start":{"line":246,"column":42},"end":{"line":246,"column":61}}],"line":246}},"s":{"0":23,"1":23,"2":23,"3":23,"4":23,"5":23,"6":23,"7":23,"8":23,"9":2,"10":2,"11":23,"12":6,"13":1,"14":5,"15":5,"16":5,"17":5,"18":5,"19":5,"20":5,"21":5,"22":4,"23":0,"24":4,"25":1,"26":1,"27":5,"28":5,"29":23,"30":6,"31":1,"32":5,"33":5,"34":5,"35":5,"36":1,"37":1,"38":1,"39":0,"40":0,"41":0,"42":0,"43":0,"44":0,"45":0,"46":0,"47":0,"48":0,"49":5,"50":5,"51":5,"52":5,"53":5,"54":5,"55":5,"56":23,"57":1,"58":22,"59":1,"60":0,"61":1,"62":1,"63":1,"64":1,"65":1,"66":0,"67":0,"68":22},"f":{"0":23,"1":2,"2":6,"3":5,"4":5,"5":6,"6":5,"7":1,"8":5,"9":1,"10":0},"b":{"0":[1,5],"1":[0,4],"2":[4,4],"3":[1,0],"4":[1,5],"5":[1,0],"6":[0,1],"7":[1,0],"8":[0,0],"9":[0,0],"10":[0,0],"11":[5,0],"12":[5,5],"13":[1,22],"14":[0,1],"15":[6,16],"16":[6,16],"17":[23,7],"18":[7,15],"19":[2,13],"20":[23,15,13],"21":[1,21],"22":[1,21],"23":[1,21]},"meta":{"lastBranch":24,"lastFunction":11,"lastStatement":69,"seen":{"f:12:16:12:30":0,"s:13:20:13:Infinity":0,"s:14:42:14:Infinity":1,"s:15:28:15:Infinity":2,"s:16:24:16:Infinity":3,"s:17:26:17:Infinity":4,"s:18:32:18:Infinity":5,"s:20:8:20:Infinity":6,"s:21:8:21:Infinity":7,"s:24:8:27:Infinity":8,"f:24:34:24:40":1,"s:25:4:25:Infinity":9,"s:26:4:26:Infinity":10,"s:30:2:60:Infinity":11,"f:30:12:30:18":2,"b:31:4:31:Infinity:undefined:undefined:undefined:undefined":0,"s:31:4:31:Infinity":12,"s:31:21:31:Infinity":13,"s:33:32:57:Infinity":14,"f:33:32:33:44":3,"s:34:6:34:Infinity":15,"s:35:6:35:Infinity":16,"s:36:6:36:Infinity":17,"s:39:6:39:Infinity":18,"f:39:28:39:34":4,"s:39:34:39:52":19,"s:41:6:56:Infinity":20,"s:42:21:44:Infinity":21,"b:46:8:48:Infinity:undefined:undefined:undefined:undefined":1,"s:46:8:48:Infinity":22,"b:46:12:46:21:46:21:46:43":2,"s:47:10:47:Infinity":23,"s:50:8:50:Infinity":24,"s:52:8:52:Infinity":25,"s:53:8:53:Infinity":26,"b:53:40:53:54:53:54:53:125":3,"s:55:8:55:Infinity":27,"s:59:4:59:Infinity":28,"s:63:2:113:Infinity":29,"f:63:12:63:18":5,"b:64:4:64:Infinity:undefined:undefined:undefined:undefined":4,"s:64:4:64:Infinity":30,"s:64:21:64:Infinity":31,"s:67:34:67:Infinity":32,"s:70:4:72:Infinity":33,"f:70:15:70:21":6,"s:71:6:71:Infinity":34,"s:74:26:99:Infinity":35,"f:74:26:74:27":7,"b:75:6:77:Infinity:undefined:undefined:undefined:undefined":5,"s:75:6:77:Infinity":36,"s:76:8:76:Infinity":37,"b:80:6:98:Infinity:undefined:undefined:undefined:undefined":6,"s:80:6:98:Infinity":38,"b:80:10:80:29:80:29:80:47":7,"s:81:34:83:Infinity":39,"s:84:29:84:Infinity":40,"s:85:28:85:Infinity":41,"b:87:8:97:Infinity:92:15:97:Infinity":8,"s:87:8:97:Infinity":42,"b:88:10:91:Infinity:undefined:undefined:undefined:undefined":9,"s:88:10:91:Infinity":43,"s:89:12:89:Infinity":44,"s:90:12:90:Infinity":45,"b:93:10:96:Infinity:undefined:undefined:undefined:undefined":10,"s:93:10:96:Infinity":46,"s:94:12:94:Infinity":47,"s:95:12:95:Infinity":48,"s:101:4:101:Infinity":49,"s:104:4:104:Infinity":50,"s:106:4:112:Infinity":51,"f:106:11:106:17":8,"s:107:6:107:Infinity":52,"s:108:6:108:Infinity":53,"b:109:6:111:Infinity:undefined:undefined:undefined:undefined":11,"s:109:6:111:Infinity":54,"b:109:10:109:35:109:35:109:86":12,"s:110:8:110:Infinity":55,"b:115:2:115:Infinity:undefined:undefined:undefined:undefined":13,"s:115:2:115:Infinity":56,"s:115:19:115:Infinity":57,"s:117:21:127:Infinity":58,"f:117:21:117:33":9,"b:118:4:118:Infinity:undefined:undefined:undefined:undefined":14,"s:118:4:118:Infinity":59,"s:118:25:118:Infinity":60,"s:119:4:126:Infinity":61,"s:120:6:120:Infinity":62,"s:121:6:121:Infinity":63,"s:122:6:122:Infinity":64,"s:123:6:123:Infinity":65,"f:123:17:123:23":10,"s:123:23:123:41":66,"s:125:6:125:Infinity":67,"s:129:2:259:Infinity":68,"b:132:22:132:38:132:38:132:49":15,"b:149:52:149:80:149:80:149:104":16,"b:195:15:195:Infinity:196:16:199:Infinity":17,"b:205:16:210:Infinity:211:18:222:Infinity":18,"b:212:16:218:Infinity:220:16:222:Infinity":19,"b:238:24:238:35:238:35:238:46:238:46:238:Infinity":20,"b:241:20:241:Infinity:242:20:242:Infinity":21,"b:245:24:245:46:245:46:245:Infinity":22,"b:246:30:246:42:246:42:246:61":23},"fnNames":{}}}
,"C:\\Users\\HP\\Downloads\\LegalEase\\LegalEase\\src\\components\\ThemeToggleSwitch.tsx": {"path":"C:\\Users\\HP\\Downloads\\LegalEase\\LegalEase\\src\\components\\ThemeToggleSwitch.tsx","statementMap":{"0":{"start":{"line":5,"column":37},"end":{"line":5,"column":null}},"1":{"start":{"line":7,"column":2},"end":{"line":28,"column":null}}},"fnMap":{"0":{"name":"ThemeToggleSwitch","decl":{"start":{"line":4,"column":16},"end":{"line":4,"column":36}},"loc":{"start":{"line":4,"column":36},"end":{"line":30,"column":null}},"line":4}},"branchMap":{"0":{"loc":{"start":{"line":12,"column":31},"end":{"line":12,"column":60}},"type":"cond-expr","locations":[{"start":{"line":12,"column":44},"end":{"line":12,"column":54}},{"start":{"line":12,"column":54},"end":{"line":12,"column":60}}],"line":12},"1":{"loc":{"start":{"line":14,"column":8},"end":{"line":14,"column":null}},"type":"cond-expr","locations":[{"start":{"line":14,"column":21},"end":{"line":14,"column":37}},{"start":{"line":14,"column":37},"end":{"line":14,"column":null}}],"line":14},"2":{"loc":{"start":{"line":25,"column":10},"end":{"line":25,"column":null}},"type":"cond-expr","locations":[{"start":{"line":25,"column":23},"end":{"line":25,"column":41}},{"start":{"line":25,"column":41},"end":{"line":25,"column":null}}],"line":25}},"s":{"0":8,"1":8},"f":{"0":8},"b":{"0":[2,6],"1":[2,6],"2":[2,6]},"meta":{"lastBranch":3,"lastFunction":1,"lastStatement":2,"seen":{"f:4:16:4:36":0,"s:5:37:5:Infinity":0,"s:7:2:28:Infinity":1,"b:12:44:12:54:12:54:12:60":0,"b:14:21:14:37:14:37:14:Infinity":1,"b:25:23:25:41:25:41:25:Infinity":2},"fnNames":{}}}
,"C:\\Users\\HP\\Downloads\\LegalEase\\LegalEase\\src\\components\\Toast.tsx": {"path":"C:\\Users\\HP\\Downloads\\LegalEase\\LegalEase\\src\\components\\Toast.tsx","statementMap":{"0":{"start":{"line":10,"column":20},"end":{"line":39,"column":null}},"1":{"start":{"line":42,"column":32},"end":{"line":42,"column":null}},"2":{"start":{"line":43,"column":17},"end":{"line":43,"column":null}},"3":{"start":{"line":44,"column":15},"end":{"line":44,"column":null}},"4":{"start":{"line":46,"column":2},"end":{"line":55,"column":null}},"5":{"start":{"line":48,"column":4},"end":{"line":54,"column":null}},"6":{"start":{"line":49,"column":24},"end":{"line":51,"column":null}},"7":{"start":{"line":50,"column":8},"end":{"line":50,"column":null}},"8":{"start":{"line":53,"column":6},"end":{"line":53,"column":null}},"9":{"start":{"line":53,"column":19},"end":{"line":53,"column":null}},"10":{"start":{"line":57,"column":22},"end":{"line":62,"column":null}},"11":{"start":{"line":58,"column":4},"end":{"line":58,"column":null}},"12":{"start":{"line":59,"column":4},"end":{"line":61,"column":null}},"13":{"start":{"line":60,"column":6},"end":{"line":60,"column":null}},"14":{"start":{"line":64,"column":2},"end":{"line":88,"column":null}}},"fnMap":{"0":{"name":"Toast","decl":{"start":{"line":41,"column":16},"end":{"line":41,"column":22}},"loc":{"start":{"line":41,"column":55},"end":{"line":90,"column":null}},"line":41},"1":{"name":"(anonymous_1)","decl":{"start":{"line":46,"column":12},"end":{"line":46,"column":18}},"loc":{"start":{"line":46,"column":18},"end":{"line":55,"column":5}},"line":46},"2":{"name":"(anonymous_2)","decl":{"start":{"line":49,"column":35},"end":{"line":49,"column":41}},"loc":{"start":{"line":49,"column":41},"end":{"line":51,"column":9}},"line":49},"3":{"name":"(anonymous_3)","decl":{"start":{"line":53,"column":13},"end":{"line":53,"column":19}},"loc":{"start":{"line":53,"column":19},"end":{"line":53,"column":null}},"line":53},"4":{"name":"(anonymous_4)","decl":{"start":{"line":57,"column":22},"end":{"line":57,"column":28}},"loc":{"start":{"line":57,"column":28},"end":{"line":62,"column":null}},"line":57},"5":{"name":"(anonymous_5)","decl":{"start":{"line":59,"column":15},"end":{"line":59,"column":21}},"loc":{"start":{"line":59,"column":21},"end":{"line":61,"column":7}},"line":59}},"branchMap":{"0":{"loc":{"start":{"line":48,"column":4},"end":{"line":54,"column":null}},"type":"if","locations":[{"start":{"line":48,"column":4},"end":{"line":54,"column":null}},{"start":{},"end":{}}],"line":48},"1":{"loc":{"start":{"line":48,"column":8},"end":{"line":48,"column":46}},"type":"binary-expr","locations":[{"start":{"line":48,"column":8},"end":{"line":48,"column":26}},{"start":{"line":48,"column":26},"end":{"line":48,"column":46}}],"line":48},"2":{"loc":{"start":{"line":72,"column":8},"end":{"line":74,"column":null}},"type":"cond-expr","locations":[{"start":{"line":73,"column":12},"end":{"line":73,"column":null}},{"start":{"line":74,"column":12},"end":{"line":74,"column":null}}],"line":72}},"s":{"0":1,"1":13,"2":13,"3":13,"4":13,"5":7,"6":7,"7":0,"8":7,"9":7,"10":13,"11":0,"12":0,"13":0,"14":13},"f":{"0":13,"1":7,"2":0,"3":7,"4":0,"5":0},"b":{"0":[7,0],"1":[7,7],"2":[0,13]},"meta":{"lastBranch":3,"lastFunction":6,"lastStatement":15,"seen":{"s:10:20:39:Infinity":0,"f:41:16:41:22":0,"s:42:32:42:Infinity":1,"s:43:17:43:Infinity":2,"s:44:15:44:Infinity":3,"s:46:2:55:Infinity":4,"f:46:12:46:18":1,"b:48:4:54:Infinity:undefined:undefined:undefined:undefined":0,"s:48:4:54:Infinity":5,"b:48:8:48:26:48:26:48:46":1,"s:49:24:51:Infinity":6,"f:49:35:49:41":2,"s:50:8:50:Infinity":7,"s:53:6:53:Infinity":8,"f:53:13:53:19":3,"s:53:19:53:Infinity":9,"s:57:22:62:Infinity":10,"f:57:22:57:28":4,"s:58:4:58:Infinity":11,"s:59:4:61:Infinity":12,"f:59:15:59:21":5,"s:60:6:60:Infinity":13,"s:64:2:88:Infinity":14,"b:73:12:73:Infinity:74:12:74:Infinity":2},"fnNames":{}}}
,"C:\\Users\\HP\\Downloads\\LegalEase\\LegalEase\\src\\components\\ToastContainer.tsx": {"path":"C:\\Users\\HP\\Downloads\\LegalEase\\LegalEase\\src\\components\\ToastContainer.tsx","statementMap":{"0":{"start":{"line":5,"column":30},"end":{"line":5,"column":null}},"1":{"start":{"line":7,"column":2},"end":{"line":18,"column":null}},"2":{"start":{"line":14,"column":8},"end":{"line":16,"column":null}}},"fnMap":{"0":{"name":"ToastContainer","decl":{"start":{"line":4,"column":16},"end":{"line":4,"column":33}},"loc":{"start":{"line":4,"column":33},"end":{"line":20,"column":null}},"line":4},"1":{"name":"(anonymous_1)","decl":{"start":{"line":13,"column":18},"end":{"line":13,"column":19}},"loc":{"start":{"line":14,"column":8},"end":{"line":16,"column":null}},"line":14}},"branchMap":{},"s":{"0":10,"1":10,"2":13},"f":{"0":10,"1":13},"b":{},"meta":{"lastBranch":0,"lastFunction":2,"lastStatement":3,"seen":{"f:4:16:4:33":0,"s:5:30:5:Infinity":0,"s:7:2:18:Infinity":1,"f:13:18:13:19":1,"s:14:8:16:Infinity":2},"fnNames":{}}}
,"C:\\Users\\HP\\Downloads\\LegalEase\\LegalEase\\src\\components\\WhatsAppShareModal.tsx": {"path":"C:\\Users\\HP\\Downloads\\LegalEase\\LegalEase\\src\\components\\WhatsAppShareModal.tsx","statementMap":{"0":{"start":{"line":30,"column":18},"end":{"line":30,"column":null}},"1":{"start":{"line":33,"column":20},"end":{"line":33,"column":null}},"2":{"start":{"line":33,"column":38},"end":{"line":33,"column":60}},"3":{"start":{"line":34,"column":20},"end":{"line":34,"column":null}},"4":{"start":{"line":34,"column":38},"end":{"line":34,"column":62}},"5":{"start":{"line":36,"column":4},"end":{"line":36,"column":null}},"6":{"start":{"line":39,"column":21},"end":{"line":39,"column":null}},"7":{"start":{"line":40,"column":21},"end":{"line":40,"column":null}},"8":{"start":{"line":42,"column":2},"end":{"line":42,"column":null}},"9":{"start":{"line":46,"column":45},"end":{"line":46,"column":null}},"10":{"start":{"line":48,"column":4},"end":{"line":48,"column":null}},"11":{"start":{"line":49,"column":15},"end":{"line":53,"column":null}},"12":{"start":{"line":54,"column":8},"end":{"line":59,"column":null}},"13":{"start":{"line":56,"column":19},"end":{"line":56,"column":null}},"14":{"start":{"line":57,"column":6},"end":{"line":57,"column":null}},"15":{"start":{"line":61,"column":2},"end":{"line":73,"column":null}},"16":{"start":{"line":82,"column":19},"end":{"line":95,"column":null}},"17":{"start":{"line":100,"column":20},"end":{"line":100,"column":null}},"18":{"start":{"line":101,"column":26},"end":{"line":101,"column":null}},"19":{"start":{"line":102,"column":32},"end":{"line":102,"column":null}},"20":{"start":{"line":105,"column":2},"end":{"line":109,"column":null}},"21":{"start":{"line":106,"column":4},"end":{"line":108,"column":null}},"22":{"start":{"line":107,"column":6},"end":{"line":107,"column":null}},"23":{"start":{"line":107,"column":34},"end":{"line":107,"column":52}},"24":{"start":{"line":112,"column":2},"end":{"line":118,"column":null}},"25":{"start":{"line":113,"column":18},"end":{"line":115,"column":null}},"26":{"start":{"line":114,"column":6},"end":{"line":114,"column":null}},"27":{"start":{"line":114,"column":30},"end":{"line":114,"column":null}},"28":{"start":{"line":116,"column":4},"end":{"line":116,"column":null}},"29":{"start":{"line":117,"column":4},"end":{"line":117,"column":null}},"30":{"start":{"line":117,"column":17},"end":{"line":117,"column":null}},"31":{"start":{"line":121,"column":2},"end":{"line":126,"column":null}},"32":{"start":{"line":122,"column":4},"end":{"line":122,"column":null}},"33":{"start":{"line":123,"column":4},"end":{"line":125,"column":null}},"34":{"start":{"line":124,"column":6},"end":{"line":124,"column":null}},"35":{"start":{"line":128,"column":8},"end":{"line":131,"column":null}},"36":{"start":{"line":129,"column":4},"end":{"line":129,"column":null}},"37":{"start":{"line":130,"column":4},"end":{"line":130,"column":null}},"38":{"start":{"line":133,"column":2},"end":{"line":133,"column":null}},"39":{"start":{"line":133,"column":12},"end":{"line":133,"column":null}},"40":{"start":{"line":136,"column":4},"end":{"line":138,"column":null}},"41":{"start":{"line":140,"column":47},"end":{"line":142,"column":null}},"42":{"start":{"line":144,"column":20},"end":{"line":144,"column":null}},"43":{"start":{"line":145,"column":20},"end":{"line":145,"column":null}},"44":{"start":{"line":149,"column":21},"end":{"line":158,"column":null}},"45":{"start":{"line":150,"column":4},"end":{"line":157,"column":null}},"46":{"start":{"line":151,"column":6},"end":{"line":151,"column":null}},"47":{"start":{"line":152,"column":6},"end":{"line":152,"column":null}},"48":{"start":{"line":153,"column":6},"end":{"line":153,"column":null}},"49":{"start":{"line":154,"column":6},"end":{"line":154,"column":null}},"50":{"start":{"line":154,"column":23},"end":{"line":154,"column":41}},"51":{"start":{"line":156,"column":6},"end":{"line":156,"column":null}},"52":{"start":{"line":160,"column":25},"end":{"line":164,"column":null}},"53":{"start":{"line":161,"column":16},"end":{"line":161,"column":null}},"54":{"start":{"line":162,"column":4},"end":{"line":162,"column":null}},"55":{"start":{"line":163,"column":4},"end":{"line":163,"column":null}},"56":{"start":{"line":166,"column":22},"end":{"line":171,"column":null}},"57":{"start":{"line":167,"column":20},"end":{"line":167,"column":null}},"58":{"start":{"line":168,"column":17},"end":{"line":168,"column":null}},"59":{"start":{"line":169,"column":4},"end":{"line":169,"column":null}},"60":{"start":{"line":170,"column":4},"end":{"line":170,"column":null}},"61":{"start":{"line":175,"column":2},"end":{"line":377,"column":null}}},"fnMap":{"0":{"name":"getRealAnalysis","decl":{"start":{"line":29,"column":9},"end":{"line":29,"column":25}},"loc":{"start":{"line":29,"column":40},"end":{"line":43,"column":null}},"line":29},"1":{"name":"(anonymous_1)","decl":{"start":{"line":33,"column":33},"end":{"line":33,"column":38}},"loc":{"start":{"line":33,"column":38},"end":{"line":33,"column":60}},"line":33},"2":{"name":"(anonymous_2)","decl":{"start":{"line":34,"column":33},"end":{"line":34,"column":38}},"loc":{"start":{"line":34,"column":38},"end":{"line":34,"column":62}},"line":34},"3":{"name":"buildShareMessage","decl":{"start":{"line":45,"column":9},"end":{"line":45,"column":27}},"loc":{"start":{"line":45,"column":50},"end":{"line":79,"column":null}},"line":45},"4":{"name":"(anonymous_4)","decl":{"start":{"line":55,"column":9},"end":{"line":55,"column":14}},"loc":{"start":{"line":55,"column":14},"end":{"line":58,"column":5}},"line":55},"5":{"name":"WhatsAppShareModal","decl":{"start":{"line":99,"column":16},"end":{"line":99,"column":35}},"loc":{"start":{"line":99,"column":88},"end":{"line":378,"column":null}},"line":99},"6":{"name":"(anonymous_6)","decl":{"start":{"line":105,"column":12},"end":{"line":105,"column":18}},"loc":{"start":{"line":105,"column":18},"end":{"line":109,"column":5}},"line":105},"7":{"name":"(anonymous_7)","decl":{"start":{"line":107,"column":28},"end":{"line":107,"column":34}},"loc":{"start":{"line":107,"column":34},"end":{"line":107,"column":52}},"line":107},"8":{"name":"(anonymous_8)","decl":{"start":{"line":112,"column":12},"end":{"line":112,"column":18}},"loc":{"start":{"line":112,"column":18},"end":{"line":118,"column":5}},"line":112},"9":{"name":"(anonymous_9)","decl":{"start":{"line":113,"column":18},"end":{"line":113,"column":19}},"loc":{"start":{"line":113,"column":40},"end":{"line":115,"column":null}},"line":113},"10":{"name":"(anonymous_10)","decl":{"start":{"line":117,"column":11},"end":{"line":117,"column":17}},"loc":{"start":{"line":117,"column":17},"end":{"line":117,"column":null}},"line":117},"11":{"name":"(anonymous_11)","decl":{"start":{"line":121,"column":12},"end":{"line":121,"column":18}},"loc":{"start":{"line":121,"column":18},"end":{"line":126,"column":5}},"line":121},"12":{"name":"(anonymous_12)","decl":{"start":{"line":123,"column":11},"end":{"line":123,"column":17}},"loc":{"start":{"line":123,"column":17},"end":{"line":125,"column":null}},"line":123},"13":{"name":"(anonymous_13)","decl":{"start":{"line":128,"column":34},"end":{"line":128,"column":40}},"loc":{"start":{"line":128,"column":40},"end":{"line":131,"column":5}},"line":128},"14":{"name":"(anonymous_14)","decl":{"start":{"line":149,"column":21},"end":{"line":149,"column":33}},"loc":{"start":{"line":149,"column":33},"end":{"line":158,"column":null}},"line":149},"15":{"name":"(anonymous_15)","decl":{"start":{"line":154,"column":17},"end":{"line":154,"column":23}},"loc":{"start":{"line":154,"column":23},"end":{"line":154,"column":41}},"line":154},"16":{"name":"(anonymous_16)","decl":{"start":{"line":160,"column":25},"end":{"line":160,"column":31}},"loc":{"start":{"line":160,"column":31},"end":{"line":164,"column":null}},"line":160},"17":{"name":"(anonymous_17)","decl":{"start":{"line":166,"column":22},"end":{"line":166,"column":28}},"loc":{"start":{"line":166,"column":28},"end":{"line":171,"column":null}},"line":166}},"branchMap":{"0":{"loc":{"start":{"line":30,"column":18},"end":{"line":30,"column":null}},"type":"binary-expr","locations":[{"start":{"line":30,"column":18},"end":{"line":30,"column":33}},{"start":{"line":30,"column":33},"end":{"line":30,"column":null}}],"line":30},"1":{"loc":{"start":{"line":36,"column":4},"end":{"line":36,"column":null}},"type":"cond-expr","locations":[{"start":{"line":36,"column":14},"end":{"line":36,"column":23}},{"start":{"line":36,"column":23},"end":{"line":36,"column":null}}],"line":36},"2":{"loc":{"start":{"line":36,"column":23},"end":{"line":36,"column":null}},"type":"cond-expr","locations":[{"start":{"line":36,"column":35},"end":{"line":36,"column":46}},{"start":{"line":36,"column":46},"end":{"line":36,"column":null}}],"line":36},"3":{"loc":{"start":{"line":39,"column":21},"end":{"line":39,"column":null}},"type":"cond-expr","locations":[{"start":{"line":39,"column":44},"end":{"line":39,"column":49}},{"start":{"line":39,"column":49},"end":{"line":39,"column":null}}],"line":39},"4":{"loc":{"start":{"line":39,"column":49},"end":{"line":39,"column":null}},"type":"cond-expr","locations":[{"start":{"line":39,"column":74},"end":{"line":39,"column":79}},{"start":{"line":39,"column":79},"end":{"line":39,"column":null}}],"line":39},"5":{"loc":{"start":{"line":48,"column":4},"end":{"line":48,"column":null}},"type":"cond-expr","locations":[{"start":{"line":48,"column":26},"end":{"line":48,"column":33}},{"start":{"line":48,"column":33},"end":{"line":48,"column":null}}],"line":48},"6":{"loc":{"start":{"line":48,"column":33},"end":{"line":48,"column":null}},"type":"cond-expr","locations":[{"start":{"line":48,"column":58},"end":{"line":48,"column":65}},{"start":{"line":48,"column":65},"end":{"line":48,"column":null}}],"line":48},"7":{"loc":{"start":{"line":54,"column":23},"end":{"line":54,"column":null}},"type":"binary-expr","locations":[{"start":{"line":54,"column":23},"end":{"line":54,"column":38}},{"start":{"line":54,"column":38},"end":{"line":54,"column":null}}],"line":54},"8":{"loc":{"start":{"line":56,"column":19},"end":{"line":56,"column":null}},"type":"cond-expr","locations":[{"start":{"line":56,"column":44},"end":{"line":56,"column":51}},{"start":{"line":56,"column":51},"end":{"line":56,"column":null}}],"line":56},"9":{"loc":{"start":{"line":56,"column":51},"end":{"line":56,"column":null}},"type":"cond-expr","locations":[{"start":{"line":56,"column":78},"end":{"line":56,"column":85}},{"start":{"line":56,"column":85},"end":{"line":56,"column":null}}],"line":56},"10":{"loc":{"start":{"line":70,"column":2},"end":{"line":70,"column":40}},"type":"binary-expr","locations":[{"start":{"line":70,"column":2},"end":{"line":70,"column":17}},{"start":{"line":70,"column":17},"end":{"line":70,"column":40}}],"line":70},"11":{"loc":{"start":{"line":73,"column":2},"end":{"line":73,"column":42}},"type":"binary-expr","locations":[{"start":{"line":73,"column":2},"end":{"line":73,"column":17}},{"start":{"line":73,"column":17},"end":{"line":73,"column":42}}],"line":73},"12":{"loc":{"start":{"line":106,"column":4},"end":{"line":108,"column":null}},"type":"if","locations":[{"start":{"line":106,"column":4},"end":{"line":108,"column":null}},{"start":{},"end":{}}],"line":106},"13":{"loc":{"start":{"line":114,"column":6},"end":{"line":114,"column":null}},"type":"if","locations":[{"start":{"line":114,"column":6},"end":{"line":114,"column":null}},{"start":{},"end":{}}],"line":114},"14":{"loc":{"start":{"line":133,"column":2},"end":{"line":133,"column":null}},"type":"if","locations":[{"start":{"line":133,"column":2},"end":{"line":133,"column":null}},{"start":{},"end":{}}],"line":133},"15":{"loc":{"start":{"line":136,"column":4},"end":{"line":138,"column":null}},"type":"binary-expr","locations":[{"start":{"line":136,"column":4},"end":{"line":136,"column":null}},{"start":{"line":137,"column":4},"end":{"line":137,"column":null}},{"start":{"line":138,"column":4},"end":{"line":138,"column":null}}],"line":136},"16":{"loc":{"start":{"line":140,"column":47},"end":{"line":142,"column":null}},"type":"cond-expr","locations":[{"start":{"line":141,"column":6},"end":{"line":141,"column":null}},{"start":{"line":142,"column":6},"end":{"line":142,"column":null}}],"line":140},"17":{"loc":{"start":{"line":145,"column":20},"end":{"line":145,"column":null}},"type":"cond-expr","locations":[{"start":{"line":145,"column":34},"end":{"line":145,"column":59}},{"start":{"line":145,"column":59},"end":{"line":145,"column":null}}],"line":145},"18":{"loc":{"start":{"line":178,"column":10},"end":{"line":178,"column":49}},"type":"cond-expr","locations":[{"start":{"line":178,"column":22},"end":{"line":178,"column":38}},{"start":{"line":178,"column":38},"end":{"line":178,"column":49}}],"line":178},"19":{"loc":{"start":{"line":194,"column":40},"end":{"line":194,"column":104}},"type":"cond-expr","locations":[{"start":{"line":194,"column":52},"end":{"line":194,"column":80}},{"start":{"line":194,"column":80},"end":{"line":194,"column":104}}],"line":194},"20":{"loc":{"start":{"line":236,"column":9},"end":{"line":279,"column":null}},"type":"cond-expr","locations":[{"start":{"line":237,"column":10},"end":{"line":243,"column":null}},{"start":{"line":245,"column":10},"end":{"line":279,"column":null}}],"line":236},"21":{"loc":{"start":{"line":340,"column":18},"end":{"line":342,"column":null}},"type":"cond-expr","locations":[{"start":{"line":341,"column":20},"end":{"line":341,"column":null}},{"start":{"line":342,"column":20},"end":{"line":342,"column":null}}],"line":340},"22":{"loc":{"start":{"line":345,"column":15},"end":{"line":345,"column":null}},"type":"cond-expr","locations":[{"start":{"line":345,"column":24},"end":{"line":345,"column":51}},{"start":{"line":345,"column":51},"end":{"line":345,"column":null}}],"line":345},"23":{"loc":{"start":{"line":346,"column":15},"end":{"line":346,"column":null}},"type":"cond-expr","locations":[{"start":{"line":346,"column":24},"end":{"line":346,"column":36}},{"start":{"line":346,"column":36},"end":{"line":346,"column":null}}],"line":346}},"s":{"0":0,"1":0,"2":0,"3":0,"4":0,"5":0,"6":0,"7":0,"8":0,"9":0,"10":0,"11":0,"12":0,"13":0,"14":0,"15":0,"16":1,"17":13,"18":13,"19":13,"20":13,"21":3,"22":0,"23":0,"24":13,"25":3,"26":0,"27":0,"28":3,"29":3,"30":3,"31":13,"32":3,"33":3,"34":3,"35":13,"36":0,"37":0,"38":13,"39":13,"40":0,"41":13,"42":13,"43":13,"44":13,"45":0,"46":0,"47":0,"48":0,"49":0,"50":0,"51":0,"52":13,"53":0,"54":0,"55":0,"56":13,"57":0,"58":0,"59":0,"60":0,"61":13},"f":{"0":0,"1":0,"2":0,"3":0,"4":0,"5":13,"6":3,"7":0,"8":3,"9":0,"10":3,"11":3,"12":3,"13":0,"14":0,"15":0,"16":0,"17":0},"b":{"0":[0,0],"1":[0,0],"2":[0,0],"3":[0,0],"4":[0,0],"5":[0,0],"6":[0,0],"7":[0,0],"8":[0,0],"9":[0,0],"10":[0,0],"11":[0,0],"12":[0,3],"13":[0,0],"14":[13,0],"15":[0,0,0],"16":[0,0],"17":[0,0],"18":[0,0],"19":[0,0],"20":[0,0],"21":[0,0],"22":[0,0],"23":[0,0]},"meta":{"lastBranch":24,"lastFunction":18,"lastStatement":62,"seen":{"f:29:9:29:25":0,"s:30:18:30:Infinity":0,"b:30:18:30:33:30:33:30:Infinity":0,"s:33:20:33:Infinity":1,"f:33:33:33:38":1,"s:33:38:33:60":2,"s:34:20:34:Infinity":3,"f:34:33:34:38":2,"s:34:38:34:62":4,"s:36:4:36:Infinity":5,"b:36:14:36:23:36:23:36:Infinity":1,"b:36:35:36:46:36:46:36:Infinity":2,"s:39:21:39:Infinity":6,"b:39:44:39:49:39:49:39:Infinity":3,"b:39:74:39:79:39:79:39:Infinity":4,"s:40:21:40:Infinity":7,"s:42:2:42:Infinity":8,"f:45:9:45:27":3,"s:46:45:46:Infinity":9,"s:48:4:48:Infinity":10,"b:48:26:48:33:48:33:48:Infinity":5,"b:48:58:48:65:48:65:48:Infinity":6,"s:49:15:53:Infinity":11,"s:54:8:59:Infinity":12,"b:54:23:54:38:54:38:54:Infinity":7,"f:55:9:55:14":4,"s:56:19:56:Infinity":13,"b:56:44:56:51:56:51:56:Infinity":8,"b:56:78:56:85:56:85:56:Infinity":9,"s:57:6:57:Infinity":14,"s:61:2:73:Infinity":15,"b:70:2:70:17:70:17:70:40":10,"b:73:2:73:17:73:17:73:42":11,"s:82:19:95:Infinity":16,"f:99:16:99:35":5,"s:100:20:100:Infinity":17,"s:101:26:101:Infinity":18,"s:102:32:102:Infinity":19,"s:105:2:109:Infinity":20,"f:105:12:105:18":6,"b:106:4:108:Infinity:undefined:undefined:undefined:undefined":12,"s:106:4:108:Infinity":21,"s:107:6:107:Infinity":22,"f:107:28:107:34":7,"s:107:34:107:52":23,"s:112:2:118:Infinity":24,"f:112:12:112:18":8,"s:113:18:115:Infinity":25,"f:113:18:113:19":9,"b:114:6:114:Infinity:undefined:undefined:undefined:undefined":13,"s:114:6:114:Infinity":26,"s:114:30:114:Infinity":27,"s:116:4:116:Infinity":28,"s:117:4:117:Infinity":29,"f:117:11:117:17":10,"s:117:17:117:Infinity":30,"s:121:2:126:Infinity":31,"f:121:12:121:18":11,"s:122:4:122:Infinity":32,"s:123:4:125:Infinity":33,"f:123:11:123:17":12,"s:124:6:124:Infinity":34,"s:128:8:131:Infinity":35,"f:128:34:128:40":13,"s:129:4:129:Infinity":36,"s:130:4:130:Infinity":37,"b:133:2:133:Infinity:undefined:undefined:undefined:undefined":14,"s:133:2:133:Infinity":38,"s:133:12:133:Infinity":39,"s:136:4:138:Infinity":40,"b:136:4:136:Infinity:137:4:137:Infinity:138:4:138:Infinity":15,"s:140:47:142:Infinity":41,"b:141:6:141:Infinity:142:6:142:Infinity":16,"s:144:20:144:Infinity":42,"s:145:20:145:Infinity":43,"b:145:34:145:59:145:59:145:Infinity":17,"s:149:21:158:Infinity":44,"f:149:21:149:33":14,"s:150:4:157:Infinity":45,"s:151:6:151:Infinity":46,"s:152:6:152:Infinity":47,"s:153:6:153:Infinity":48,"s:154:6:154:Infinity":49,"f:154:17:154:23":15,"s:154:23:154:41":50,"s:156:6:156:Infinity":51,"s:160:25:164:Infinity":52,"f:160:25:160:31":16,"s:161:16:161:Infinity":53,"s:162:4:162:Infinity":54,"s:163:4:163:Infinity":55,"s:166:22:171:Infinity":56,"f:166:22:166:28":17,"s:167:20:167:Infinity":57,"s:168:17:168:Infinity":58,"s:169:4:169:Infinity":59,"s:170:4:170:Infinity":60,"s:175:2:377:Infinity":61,"b:178:22:178:38:178:38:178:49":18,"b:194:52:194:80:194:80:194:104":19,"b:237:10:243:Infinity:245:10:279:Infinity":20,"b:341:20:341:Infinity:342:20:342:Infinity":21,"b:345:24:345:51:345:51:345:Infinity":22,"b:346:24:346:36:346:36:346:Infinity":23},"fnNames":{}}}
,"C:\\Users\\HP\\Downloads\\LegalEase\\LegalEase\\src\\config\\api.ts": {"path":"C:\\Users\\HP\\Downloads\\LegalEase\\LegalEase\\src\\config\\api.ts","statementMap":{"0":{"start":{"line":2,"column":2},"end":{"line":2,"column":null}}},"fnMap":{},"branchMap":{"0":{"loc":{"start":{"line":2,"column":2},"end":{"line":2,"column":null}},"type":"binary-expr","locations":[{"start":{"line":2,"column":2},"end":{"line":2,"column":35}},{"start":{"line":2,"column":35},"end":{"line":2,"column":null}}],"line":2},"1":{"loc":{"start":{"line":2,"column":35},"end":{"line":2,"column":null}},"type":"cond-expr","locations":[{"start":{"line":2,"column":57},"end":{"line":2,"column":83}},{"start":{"line":2,"column":83},"end":{"line":2,"column":null}}],"line":2}},"s":{"0":4},"f":{},"b":{"0":[4,4],"1":[4,0]},"meta":{"lastBranch":2,"lastFunction":0,"lastStatement":1,"seen":{"s:2:2:2:Infinity":0,"b:2:2:2:35:2:35:2:Infinity":0,"b:2:57:2:83:2:83:2:Infinity":1},"fnNames":{}}}
,"C:\\Users\\HP\\Downloads\\LegalEase\\LegalEase\\src\\config\\jurisdictions.ts": {"path":"C:\\Users\\HP\\Downloads\\LegalEase\\LegalEase\\src\\config\\jurisdictions.ts","statementMap":{"0":{"start":{"line":1,"column":29},"end":{"line":9,"column":null}}},"fnMap":{},"branchMap":{},"s":{"0":1},"f":{},"b":{},"meta":{"lastBranch":0,"lastFunction":0,"lastStatement":1,"seen":{"s:1:29:9:Infinity":0},"fnNames":{}}}
[...]
,"C:\\Users\\HP\\Downloads\\LegalEase\\LegalEase\\src\\utils\\readability.ts": {"path":"C:\\Users\\HP\\Downloads\\LegalEase\\LegalEase\\src\\utils\\readability.ts","statementMap":{"0":{"start":{"line":16,"column":20},"end":{"line":16,"column":null}},"1":{"start":{"line":17,"column":2},"end":{"line":17,"column":null}},"2":{"start":{"line":17,"column":30},"end":{"line":17,"column":null}},"3":{"start":{"line":18,"column":2},"end":{"line":18,"column":null}},"4":{"start":{"line":18,"column":29},"end":{"line":18,"column":null}},"5":{"start":{"line":21,"column":19},"end":{"line":21,"column":null}},"6":{"start":{"line":24,"column":23},"end":{"line":24,"column":null}},"7":{"start":{"line":25,"column":14},"end":{"line":25,"column":null}},"8":{"start":{"line":30,"column":2},"end":{"line":32,"column":null}},"9":{"start":{"line":31,"column":4},"end":{"line":31,"column":null}},"10":{"start":{"line":35,"column":2},"end":{"line":37,"column":null}},"11":{"start":{"line":36,"column":4},"end":{"line":36,"column":null}},"12":{"start":{"line":36,"column":19},"end":{"line":36,"column":null}},"13":{"start":{"line":40,"column":2},"end":{"line":49,"column":null}},"14":{"start":{"line":48,"column":4},"end":{"line":48,"column":null}},"15":{"start":{"line":48,"column":19},"end":{"line":48,"column":null}},"16":{"start":{"line":51,"column":2},"end":{"line":51,"column":null}},"17":{"start":{"line":59,"column":18},"end":{"line":59,"column":null}},"18":{"start":{"line":60,"column":2},"end":{"line":62,"column":null}},"19":{"start":{"line":61,"column":4},"end":{"line":61,"column":null}},"20":{"start":{"line":68,"column":24},"end":{"line":70,"column":null}},"21":{"start":{"line":72,"column":20},"end":{"line":72,"column":null}},"22":{"start":{"line":72,"column":71},"end":{"line":72,"column":90}},"23":{"start":{"line":73,"column":24},"end":{"line":73,"column":null}},"24":{"start":{"line":76,"column":16},"end":{"line":76,"column":null}},"25":{"start":{"line":77,"column":20},"end":{"line":77,"column":null}},"26":{"start":{"line":79,"column":2},"end":{"line":81,"column":null}},"27":{"start":{"line":80,"column":4},"end":{"line":80,"column":null}},"28":{"start":{"line":84,"column":22},"end":{"line":84,"column":null}},"29":{"start":{"line":85,"column":2},"end":{"line":87,"column":null}},"30":{"start":{"line":86,"column":4},"end":{"line":86,"column":null}},"31":{"start":{"line":91,"column":25},"end":{"line":91,"column":null}},"32":{"start":{"line":93,"column":22},"end":{"line":93,"column":null}},"33":{"start":{"line":97,"column":24},"end":{"line":97,"column":null}},"34":{"start":{"line":99,"column":21},"end":{"line":99,"column":null}},"35":{"start":{"line":109,"column":19},"end":{"line":109,"column":null}},"36":{"start":{"line":110,"column":2},"end":{"line":122,"column":null}},"37":{"start":{"line":111,"column":4},"end":{"line":111,"column":null}},"38":{"start":{"line":112,"column":2},"end":{"line":122,"column":null}},"39":{"start":{"line":113,"column":4},"end":{"line":113,"column":null}},"40":{"start":{"line":114,"column":2},"end":{"line":122,"column":null}},"41":{"start":{"line":115,"column":4},"end":{"line":115,"column":null}},"42":{"start":{"line":116,"column":2},"end":{"line":122,"column":null}},"43":{"start":{"line":117,"column":4},"end":{"line":117,"column":null}},"44":{"start":{"line":118,"column":2},"end":{"line":122,"column":null}},"45":{"start":{"line":119,"column":4},"end":{"line":119,"column":null}},"46":{"start":{"line":120,"column":2},"end":{"line":122,"column":null}},"47":{"start":{"line":121,"column":4},"end":{"line":121,"column":null}},"48":{"start":{"line":124,"column":2},"end":{"line":128,"column":null}}},"fnMap":{"0":{"name":"countSyllables","decl":{"start":{"line":15,"column":16},"end":{"line":15,"column":31}},"loc":{"start":{"line":15,"column":53},"end":{"line":52,"column":null}},"line":15},"1":{"name":"calculateReadability","decl":{"start":{"line":58,"column":16},"end":{"line":58,"column":37}},"loc":{"start":{"line":58,"column":71},"end":{"line":129,"column":null}},"line":58},"2":{"name":"(anonymous_2)","decl":{"start":{"line":72,"column":66},"end":{"line":72,"column":71}},"loc":{"start":{"line":72,"column":71},"end":{"line":72,"column":90}},"line":72}},"branchMap":{"0":{"loc":{"start":{"line":17,"column":2},"end":{"line":17,"column":null}},"type":"if","locations":[{"start":{"line":17,"column":2},"end":{"line":17,"column":null}},{"start":{},"end":{}}],"line":17},"1":{"loc":{"start":{"line":18,"column":2},"end":{"line":18,"column":null}},"type":"if","locations":[{"start":{"line":18,"column":2},"end":{"line":18,"column":null}},{"start":{},"end":{}}],"line":18},"2":{"loc":{"start":{"line":25,"column":14},"end":{"line":25,"column":null}},"type":"cond-expr","locations":[{"start":{"line":25,"column":29},"end":{"line":25,"column":51}},{"start":{"line":25,"column":51},"end":{"line":25,"column":null}}],"line":25},"3":{"loc":{"start":{"line":30,"column":2},"end":{"line":32,"column":null}},"type":"if","locations":[{"start":{"line":30,"column":2},"end":{"line":32,"column":null}},{"start":{},"end":{}}],"line":30},"4":{"loc":{"start":{"line":30,"column":6},"end":{"line":30,"column":89}},"type":"binary-expr","locations":[{"start":{"line":30,"column":6},"end":{"line":30,"column":33}},{"start":{"line":30,"column":33},"end":{"line":30,"column":62}},{"start":{"line":30,"column":62},"end":{"line":30,"column":89}}],"line":30},"5":{"loc":{"start":{"line":35,"column":2},"end":{"line":37,"column":null}},"type":"if","locations":[{"start":{"line":35,"column":2},"end":{"line":37,"column":null}},{"start":{},"end":{}}],"line":35},"6":{"loc":{"start":{"line":35,"column":6},"end":{"line":35,"column":92}},"type":"binary-expr","locations":[{"start":{"line":35,"column":6},"end":{"line":35,"column":34}},{"start":{"line":35,"column":34},"end":{"line":35,"column":64}},{"start":{"line":35,"column":64},"end":{"line":35,"column":92}}],"line":35},"7":{"loc":{"start":{"line":36,"column":4},"end":{"line":36,"column":null}},"type":"if","locations":[{"start":{"line":36,"column":4},"end":{"line":36,"column":null}},{"start":{},"end":{}}],"line":36},"8":{"loc":{"start":{"line":40,"column":2},"end":{"line":49,"column":null}},"type":"if","locations":[{"start":{"line":40,"column":2},"end":{"line":49,"column":null}},{"start":{},"end":{}}],"line":40},"9":{"loc":{"start":{"line":40,"column":6},"end":{"line":47,"column":34}},"type":"binary-expr","locations":[{"start":{"line":40,"column":6},"end":{"line":40,"column":null}},{"start":{"line":41,"column":6},"end":{"line":41,"column":null}},{"start":{"line":42,"column":6},"end":{"line":42,"column":null}},{"start":{"line":43,"column":6},"end":{"line":43,"column":null}},{"start":{"line":44,"column":6},"end":{"line":44,"column":null}},{"start":{"line":45,"column":6},"end":{"line":45,"column":null}},{"start":{"line":46,"column":6},"end":{"line":46,"column":null}},{"start":{"line":47,"column":6},"end":{"line":47,"column":34}}],"line":40},"10":{"loc":{"start":{"line":48,"column":4},"end":{"line":48,"column":null}},"type":"if","locations":[{"start":{"line":48,"column":4},"end":{"line":48,"column":null}},{"start":{},"end":{}}],"line":48},"11":{"loc":{"start":{"line":60,"column":2},"end":{"line":62,"column":null}},"type":"if","locations":[{"start":{"line":60,"column":2},"end":{"line":62,"column":null}},{"start":{},"end":{}}],"line":60},"12":{"loc":{"start":{"line":76,"column":16},"end":{"line":76,"column":null}},"type":"binary-expr","locations":[{"start":{"line":76,"column":16},"end":{"line":76,"column":67}},{"start":{"line":76,"column":67},"end":{"line":76,"column":null}}],"line":76},"13":{"loc":{"start":{"line":79,"column":2},"end":{"line":81,"column":null}},"type":"if","locations":[{"start":{"line":79,"column":2},"end":{"line":81,"column":null}},{"start":{},"end":{}}],"line":79},"14":{"loc":{"start":{"line":79,"column":6},"end":{"line":79,"column":46}},"type":"binary-expr","locations":[{"start":{"line":79,"column":6},"end":{"line":79,"column":25}},{"start":{"line":79,"column":25},"end":{"line":79,"column":46}}],"line":79},"15":{"loc":{"start":{"line":110,"column":2},"end":{"line":122,"column":null}},"type":"if","locations":[{"start":{"line":110,"column":2},"end":{"line":122,"column":null}},{"start":{"line":112,"column":2},"end":{"line":122,"column":null}}],"line":110},"16":{"loc":{"start":{"line":112,"column":2},"end":{"line":122,"column":null}},"type":"if","locations":[{"start":{"line":112,"column":2},"end":{"line":122,"column":null}},{"start":{"line":114,"column":2},"end":{"line":122,"column":null}}],"line":112},"17":{"loc":{"start":{"line":114,"column":2},"end":{"line":122,"column":null}},"type":"if","locations":[{"start":{"line":114,"column":2},"end":{"line":122,"column":null}},{"start":{"line":116,"column":2},"end":{"line":122,"column":null}}],"line":114},"18":{"loc":{"start":{"line":116,"column":2},"end":{"line":122,"column":null}},"type":"if","locations":[{"start":{"line":116,"column":2},"end":{"line":122,"column":null}},{"start":{"line":118,"column":2},"end":{"line":122,"column":null}}],"line":116},"19":{"loc":{"start":{"line":118,"column":2},"end":{"line":122,"column":null}},"type":"if","locations":[{"start":{"line":118,"column":2},"end":{"line":122,"column":null}},{"start":{"line":120,"column":2},"end":{"line":122,"column":null}}],"line":118},"20":{"loc":{"start":{"line":120,"column":2},"end":{"line":122,"column":null}},"type":"if","locations":[{"start":{"line":120,"column":2},"end":{"line":122,"column":null}},{"start":{},"end":{}}],"line":120}},"s":{"0":744,"1":744,"2":3,"3":741,"4":315,"5":426,"6":426,"7":426,"8":744,"9":43,"10":426,"11":25,"12":25,"13":426,"14":5,"15":5,"16":426,"17":19,"18":19,"19":2,"20":17,"21":17,"22":53,"23":17,"24":17,"25":19,"26":19,"27":2,"28":15,"29":15,"30":722,"31":15,"32":15,"33":15,"34":15,"35":15,"36":15,"37":1,"38":14,"39":2,"40":12,"41":2,"42":10,"43":2,"44":8,"45":3,"46":5,"47":3,"48":15},"f":{"0":744,"1":19,"2":53},"b":{"0":[3,741],"1":[315,426],"2":[426,0],"3":[43,701],"4":[744,57,46],"5":[25,401],"6":[426,29,26],"7":[25,0],"8":[5,421],"9":[426,26,15,14,14,14,14,10],"10":[5,0],"11":[2,17],"12":[17,2],"13":[2,17],"14":[19,15],"15":[1,14],"16":[2,12],"17":[2,10],"18":[2,8],"19":[3,5],"20":[3,2]},"meta":{"lastBranch":21,"lastFunction":3,"lastStatement":49,"seen":{"f:15:16:15:31":0,"s:16:20:16:Infinity":0,"b:17:2:17:Infinity:undefined:undefined:undefined:undefined":0,"s:17:2:17:Infinity":1,"s:17:30:17:Infinity":2,"b:18:2:18:Infinity:undefined:undefined:undefined:undefined":1,"s:18:2:18:Infinity":3,"s:18:29:18:Infinity":4,"s:21:19:21:Infinity":5,"s:24:23:24:Infinity":6,"s:25:14:25:Infinity":7,"b:25:29:25:51:25:51:25:Infinity":2,"b:30:2:32:Infinity:undefined:undefined:undefined:undefined":3,"s:30:2:32:Infinity":8,"b:30:6:30:33:30:33:30:62:30:62:30:89":4,"s:31:4:31:Infinity":9,"b:35:2:37:Infinity:undefined:undefined:undefined:undefined":5,"s:35:2:37:Infinity":10,"b:35:6:35:34:35:34:35:64:35:64:35:92":6,"b:36:4:36:Infinity:undefined:undefined:undefined:undefined":7,"s:36:4:36:Infinity":11,"s:36:19:36:Infinity":12,"b:40:2:49:Infinity:undefined:undefined:undefined:undefined":8,"s:40:2:49:Infinity":13,"b:40:6:40:Infinity:41:6:41:Infinity:42:6:42:Infinity:43:6:43:Infinity:44:6:44:Infinity:45:6:45:Infinity:46:6:46:Infinity:47:6:47:34":9,"b:48:4:48:Infinity:undefined:undefined:undefined:undefined":10,"s:48:4:48:Infinity":14,"s:48:19:48:Infinity":15,"s:51:2:51:Infinity":16,"f:58:16:58:37":1,"s:59:18:59:Infinity":17,"b:60:2:62:Infinity:undefined:undefined:undefined:undefined":11,"s:60:2:62:Infinity":18,"s:61:4:61:Infinity":19,"s:68:24:70:Infinity":20,"s:72:20:72:Infinity":21,"f:72:66:72:71":2,"s:72:71:72:90":22,"s:73:24:73:Infinity":23,"s:76:16:76:Infinity":24,"b:76:16:76:67:76:67:76:Infinity":12,"s:77:20:77:Infinity":25,"b:79:2:81:Infinity:undefined:undefined:undefined:undefined":13,"s:79:2:81:Infinity":26,"b:79:6:79:25:79:25:79:46":14,"s:80:4:80:Infinity":27,"s:84:22:84:Infinity":28,"s:85:2:87:Infinity":29,"s:86:4:86:Infinity":30,"s:91:25:91:Infinity":31,"s:93:22:93:Infinity":32,"s:97:24:97:Infinity":33,"s:99:21:99:Infinity":34,"s:109:19:109:Infinity":35,"b:110:2:122:Infinity:112:2:122:Infinity":15,"s:110:2:122:Infinity":36,"s:111:4:111:Infinity":37,"b:112:2:122:Infinity:114:2:122:Infinity":16,"s:112:2:122:Infinity":38,"s:113:4:113:Infinity":39,"b:114:2:122:Infinity:116:2:122:Infinity":17,"s:114:2:122:Infinity":40,"s:115:4:115:Infinity":41,"b:116:2:122:Infinity:118:2:122:Infinity":18,"s:116:2:122:Infinity":42,"s:117:4:117:Infinity":43,"b:118:2:122:Infinity:120:2:122:Infinity":19,"s:118:2:122:Infinity":44,"s:119:4:119:Infinity":45,"b:120:2:122:Infinity:undefined:undefined:undefined:undefined":20,"s:120:2:122:Infinity":46,"s:121:4:121:Infinity":47,"s:124:2:128:Infinity":48},"fnNames":{}}}
,"C:\\Users\\HP\\Downloads\\LegalEase\\LegalEase\\src\\utils\\redaction.ts": {"path":"C:\\Users\\HP\\Downloads\\LegalEase\\LegalEase\\src\\utils\\redaction.ts","statementMap":{"0":{"start":{"line":33,"column":42},"end":{"line":98,"column":null}},"1":{"start":{"line":104,"column":22},"end":{"line":104,"column":null}},"2":{"start":{"line":105,"column":20},"end":{"line":105,"column":null}},"3":{"start":{"line":111,"column":2},"end":{"line":111,"column":null}},"4":{"start":{"line":133,"column":2},"end":{"line":133,"column":null}},"5":{"start":{"line":133,"column":41},"end":{"line":133,"column":null}},"6":{"start":{"line":135,"column":16},"end":{"line":135,"column":null}},"7":{"start":{"line":136,"column":15},"end":{"line":136,"column":null}},"8":{"start":{"line":138,"column":2},"end":{"line":142,"column":null}},"9":{"start":{"line":140,"column":4},"end":{"line":140,"column":null}},"10":{"start":{"line":141,"column":4},"end":{"line":141,"column":null}},"11":{"start":{"line":144,"column":2},"end":{"line":144,"column":null}},"12":{"start":{"line":165,"column":2},"end":{"line":165,"column":null}},"13":{"start":{"line":165,"column":41},"end":{"line":165,"column":null}},"14":{"start":{"line":167,"column":30},"end":{"line":167,"column":null}},"15":{"start":{"line":169,"column":2},"end":{"line":177,"column":null}},"16":{"start":{"line":170,"column":4},"end":{"line":170,"column":null}},"17":{"start":{"line":173,"column":19},"end":{"line":173,"column":null}},"18":{"start":{"line":174,"column":4},"end":{"line":176,"column":null}},"19":{"start":{"line":175,"column":6},"end":{"line":175,"column":null}},"20":{"start":{"line":180,"column":2},"end":{"line":180,"column":null}},"21":{"start":{"line":180,"column":32},"end":{"line":180,"column":49}}},"fnMap":{"0":{"name":"getRedactionToken","decl":{"start":{"line":110,"column":16},"end":{"line":110,"column":34}},"loc":{"start":{"line":110,"column":77},"end":{"line":112,"column":null}},"line":110},"1":{"name":"redact","decl":{"start":{"line":128,"column":16},"end":{"line":128,"column":null}},"loc":{"start":{"line":132,"column":10},"end":{"line":145,"column":null}},"line":132},"2":{"name":"findPiiMatches","decl":{"start":{"line":161,"column":16},"end":{"line":161,"column":null}},"loc":{"start":{"line":164,"column":14},"end":{"line":181,"column":null}},"line":164},"3":{"name":"(anonymous_3)","decl":{"start":{"line":180,"column":22},"end":{"line":180,"column":23}},"loc":{"start":{"line":180,"column":32},"end":{"line":180,"column":49}},"line":180}},"branchMap":{"0":{"loc":{"start":{"line":110,"column":34},"end":{"line":110,"column":77}},"type":"default-arg","locations":[{"start":{"line":110,"column":58},"end":{"line":110,"column":77}}],"line":110},"1":{"loc":{"start":{"line":111,"column":9},"end":{"line":111,"column":null}},"type":"cond-expr","locations":[{"start":{"line":111,"column":29},"end":{"line":111,"column":43}},{"start":{"line":111,"column":43},"end":{"line":111,"column":null}}],"line":111},"2":{"loc":{"start":{"line":130,"column":2},"end":{"line":130,"column":null}},"type":"default-arg","locations":[{"start":{"line":130,"column":26},"end":{"line":130,"column":null}}],"line":130},"3":{"loc":{"start":{"line":131,"column":2},"end":{"line":131,"column":null}},"type":"default-arg","locations":[{"start":{"line":131,"column":27},"end":{"line":131,"column":null}}],"line":131},"4":{"loc":{"start":{"line":133,"column":2},"end":{"line":133,"column":null}},"type":"if","locations":[{"start":{"line":133,"column":2},"end":{"line":133,"column":null}},{"start":{},"end":{}}],"line":133},"5":{"loc":{"start":{"line":133,"column":6},"end":{"line":133,"column":41}},"type":"binary-expr","locations":[{"start":{"line":133,"column":6},"end":{"line":133,"column":15}},{"start":{"line":133,"column":15},"end":{"line":133,"column":41}}],"line":133},"6":{"loc":{"start":{"line":163,"column":2},"end":{"line":163,"column":null}},"type":"default-arg","locations":[{"start":{"line":163,"column":27},"end":{"line":163,"column":null}}],"line":163},"7":{"loc":{"start":{"line":165,"column":2},"end":{"line":165,"column":null}},"type":"if","locations":[{"start":{"line":165,"column":2},"end":{"line":165,"column":null}},{"start":{},"end":{}}],"line":165},"8":{"loc":{"start":{"line":165,"column":6},"end":{"line":165,"column":41}},"type":"binary-expr","locations":[{"start":{"line":165,"column":6},"end":{"line":165,"column":15}},{"start":{"line":165,"column":15},"end":{"line":165,"column":41}}],"line":165}},"s":{"0":4,"1":4,"2":4,"3":35,"4":35,"5":3,"6":32,"7":32,"8":32,"9":302,"10":302,"11":32,"12":5,"13":1,"14":4,"15":4,"16":40,"17":40,"18":40,"19":8,"20":4,"21":8},"f":{"0":35,"1":35,"2":5,"3":8},"b":{"0":[35],"1":[2,33],"2":[35],"3":[35],"4":[3,32],"5":[35,32],"6":[5],"7":[1,4],"8":[5,4]},"meta":{"lastBranch":9,"lastFunction":4,"lastStatement":22,"seen":{"s:33:42:98:Infinity":0,"s:104:22:104:Infinity":1,"s:105:20:105:Infinity":2,"f:110:16:110:34":0,"b:110:58:110:77":0,"s:111:2:111:Infinity":3,"b:111:29:111:43:111:43:111:Infinity":1,"f:128:16:128:Infinity":1,"b:130:26:130:Infinity":2,"b:131:27:131:Infinity":3,"b:133:2:133:Infinity:undefined:undefined:undefined:undefined":4,"s:133:2:133:Infinity":4,"b:133:6:133:15:133:15:133:41":5,"s:133:41:133:Infinity":5,"s:135:16:135:Infinity":6,"s:136:15:136:Infinity":7,"s:138:2:142:Infinity":8,"s:140:4:140:Infinity":9,"s:141:4:141:Infinity":10,"s:144:2:144:Infinity":11,"f:161:16:161:Infinity":2,"b:163:27:163:Infinity":6,"b:165:2:165:Infinity:undefined:undefined:undefined:undefined":7,"s:165:2:165:Infinity":12,"b:165:6:165:15:165:15:165:41":8,"s:165:41:165:Infinity":13,"s:167:30:167:Infinity":14,"s:169:2:177:Infinity":15,"s:170:4:170:Infinity":16,"s:173:19:173:Infinity":17,"s:174:4:176:Infinity":18,"s:175:6:175:Infinity":19,"s:180:2:180:Infinity":20,"f:180:22:180:23":3,"s:180:32:180:49":21},"fnNames":{}}}
}
